<?xml version="1.0" encoding="UTF-8"?>
<!-- Generated by org.testng.reporters.JUnitXMLReporter -->
<testsuite hostname="LAPTOP-1D78PSH8" name="Default test" tests="6" failures="0" timestamp="19 Jul 2017 10:13:14 GMT" time="72.381" errors="0">
  <testcase name="testMoveToTrashGmail" time="15.809" classname="iriiisMailTestCases.VerifyTashIRIIIS"/>
  <testcase name="testMovetoInboxOfTrashEmailGmail" time="3.6" classname="iriiisMailTestCases.VerifyTashIRIIIS"/>
  <testcase name="testBatchMoveToTrashGmail" time="12.809" classname="iriiisMailTestCases.VerifyTashIRIIIS"/>
  <testcase name="testBatchMovetoInboxOfTrashGmail" time="5.898" classname="iriiisMailTestCases.VerifyTashIRIIIS"/>
  <testcase name="testDeleteForeverGmail" time="10.601" classname="iriiisMailTestCases.VerifyTashIRIIIS"/>
  <testcase name="testBatchDeleteForeverGmail" time="0.001" classname="iriiisMailTestCases.VerifyTashIRIIIS"/>
</testsuite> <!-- Default test -->
