<?xml version="1.0" encoding="UTF-8"?>
<!-- Generated by org.testng.reporters.JUnitXMLReporter -->
<testsuite hostname="LAPTOP-1D78PSH8" name="Default test" tests="5" failures="0" timestamp="3 Aug 2017 06:01:41 GMT" time="89.281" errors="0">
  <testcase name="testVerifySendingEmailIRIIIS" time="35.301" classname="iriiisMailTestCases.VerifySendingEmailAndProcessingIRIIIS"/>
  <testcase name="testProcessingEmailIRIIIS" time="6.67" classname="iriiisMailTestCases.VerifySendingEmailAndProcessingIRIIIS"/>
  <testcase name="testUnProcessingEmailIRIIIS" time="4.839" classname="iriiisMailTestCases.VerifySendingEmailAndProcessingIRIIIS"/>
  <testcase name="testBatchProcessingEmailIRIIIS" time="7.308" classname="iriiisMailTestCases.VerifySendingEmailAndProcessingIRIIIS"/>
  <testcase name="testBatchUnProcessingEmailIRIIIS" time="9.758" classname="iriiisMailTestCases.VerifySendingEmailAndProcessingIRIIIS"/>
</testsuite> <!-- Default test -->
