<?xml version="1.0" encoding="UTF-8"?>
<!-- Generated by org.testng.reporters.JUnitXMLReporter -->
<testsuite hostname="LAPTOP-S0NUHBFQ" name="Default test" tests="5" failures="0" timestamp="1 Aug 2017 08:00:48 GMT" time="145.418" errors="0">
  <testcase name="VerifygoogleFileUpdateDesc" time="24.93" classname="IriiisDrive.VerifyTheFileUpdatedesc"/>
  <testcase name="VerifyIriiisFileUpdateDesc" time="24.696" classname="IriiisDrive.VerifyTheFileUpdatedesc"/>
  <testcase name="VerifyboxdriveFileUpdateDesc" time="24.61" classname="IriiisDrive.VerifyTheFileUpdatedesc"/>
  <testcase name="VerifyDropboxdriveFileUpdateDesc" time="24.69" classname="IriiisDrive.VerifyTheFileUpdatedesc"/>
  <testcase name="VerifyOnedriveFileUpdateDesc" time="24.603" classname="IriiisDrive.VerifyTheFileUpdatedesc"/>
</testsuite> <!-- Default test -->
