<?xml version="1.0" encoding="UTF-8"?>
<!-- Generated by org.testng.reporters.JUnitXMLReporter -->
<testsuite hostname="LAPTOP-S0NUHBFQ" name="Default test" tests="4" failures="0" timestamp="8 Aug 2017 10:58:32 GMT" time="122.822" errors="0">
  <testcase name="VerifyIriiisFileUpdateDesc" time="24.885" classname="IriiisDrive.VerifyTheFileUpdatedesc"/>
  <testcase name="VerifyboxdriveFileUpdateDesc" time="24.712" classname="IriiisDrive.VerifyTheFileUpdatedesc"/>
  <testcase name="VerifyDropboxdriveFileUpdateDesc" time="24.543" classname="IriiisDrive.VerifyTheFileUpdatedesc"/>
  <testcase name="VerifyOnedriveFileUpdateDesc" time="24.706" classname="IriiisDrive.VerifyTheFileUpdatedesc"/>
</testsuite> <!-- Default test -->
