<?xml version="1.0" encoding="UTF-8"?>
<!-- Generated by org.testng.reporters.JUnitXMLReporter -->
<testsuite hostname="LAPTOP-1D78PSH8" name="Default test" tests="4" failures="0" timestamp="1 Aug 2017 11:38:32 GMT" time="63.235" errors="0">
  <testcase name="testDuplicateContact" time="7.197" classname="contactTestCases.VerifyContactDuplicateContact"/>
  <testcase name="testInitiatingContactForOneOnOneChat" time="1.568" classname="contactTestCases.VerifyContactDuplicateContact"/>
  <testcase name="testCreatingContactGroup" time="17.098" classname="contactTestCases.VerifyContactDuplicateContact"/>
  <testcase name="testContactRemovalFromGroupWhenContactDeleted" time="19.355" classname="contactTestCases.VerifyContactDuplicateContact"/>
</testsuite> <!-- Default test -->
