<?xml version="1.0" encoding="UTF-8"?>
<!-- Generated by org.testng.reporters.JUnitXMLReporter -->
<testsuite hostname="LAPTOP-1D78PSH8" name="Default test" tests="4" failures="0" timestamp="25 Jul 2017 05:49:19 GMT" time="48.628" errors="0">
  <testcase name="testMoveToSpamIRIIIS" time="15.435" classname="iriiisMailTestCases.VerifySpamIRIIIS"/>
  <testcase name="testMarkAsNotSpamIRIIIS" time="3.039" classname="iriiisMailTestCases.VerifySpamIRIIIS"/>
  <testcase name="testBatchMovetoSpamIRIIIS" time="4.224" classname="iriiisMailTestCases.VerifySpamIRIIIS"/>
  <testcase name="testBatchMovetoInboxOfSpamIRIIIS" time="5.474" classname="iriiisMailTestCases.VerifySpamIRIIIS"/>
</testsuite> <!-- Default test -->
