<?xml version="1.0" encoding="UTF-8"?>
<!-- Generated by org.testng.reporters.JUnitXMLReporter -->
<testsuite hostname="LAPTOP-S0NUHBFQ" name="Default test" tests="7" failures="0" timestamp="26 Jul 2017 09:19:33 GMT" time="149.709" errors="0">
  <testcase name="VerifyIriiisTag" time="23.474" classname="IriiisDrive.VerifyIriiisFileTaging"/>
  <testcase name="VerifgoogleTag" time="17.452" classname="IriiisDrive.VerifyIriiisFileTaging"/>
  <testcase name="VerifboxdriveTag" time="17.437" classname="IriiisDrive.VerifyIriiisFileTaging"/>
  <testcase name="VerifdropboxdriveTag" time="17.146" classname="IriiisDrive.VerifyIriiisFileTaging"/>
  <testcase name="VerifonedriveTag" time="17.181" classname="IriiisDrive.VerifyIriiisFileTaging"/>
  <testcase name="VerifyIriiisSharing" time="17.866" classname="IriiisDrive.VerifyIriiisFileTaging"/>
  <testcase name="VerifyGoogleSharing" time="17.019" classname="IriiisDrive.VerifyIriiisFileTaging"/>
</testsuite> <!-- Default test -->
