<?xml version="1.0" encoding="UTF-8"?>
<!-- Generated by org.testng.reporters.JUnitXMLReporter -->
<testsuite hostname="LAPTOP-1D78PSH8" name="Default test" tests="3" failures="0" timestamp="1 Aug 2017 11:26:02 GMT" time="56.932" errors="0">
  <testcase name="testDuplicateContact" time="7.399" classname="contactTestCases.VerifyContactDuplicateContact"/>
  <testcase name="testInitiatingContactForOneOnOneChat" time="1.45" classname="contactTestCases.VerifyContactDuplicateContact"/>
  <testcase name="testContactRemovalFromGroupWhenContactDeleted" time="29.97" classname="contactTestCases.VerifyContactDuplicateContact"/>
</testsuite> <!-- Default test -->
