<?xml version="1.0" encoding="UTF-8"?>
<!-- Generated by org.testng.reporters.JUnitXMLReporter -->
<testsuite hostname="LAPTOP-S0NUHBFQ" name="Default test" tests="5" failures="0" timestamp="25 Jul 2017 06:11:45 GMT" time="106.557" errors="0">
  <testcase name="VerifyIriiisTag" time="17.322" classname="IriiisDrive.VerifyIriiisFileTaging"/>
  <testcase name="VerifgoogleTag" time="17.016" classname="IriiisDrive.VerifyIriiisFileTaging"/>
  <testcase name="VerifboxdriveTag" time="16.839" classname="IriiisDrive.VerifyIriiisFileTaging"/>
  <testcase name="VerifdropboxdriveTag" time="16.667" classname="IriiisDrive.VerifyIriiisFileTaging"/>
  <testcase name="VerifonedriveTag" time="16.807" classname="IriiisDrive.VerifyIriiisFileTaging"/>
</testsuite> <!-- Default test -->
