<?xml version="1.0" encoding="UTF-8"?>
<!-- Generated by org.testng.reporters.JUnitXMLReporter -->
<testsuite hostname="LAPTOP-1D78PSH8" name="Default test" tests="5" failures="0" timestamp="17 Jul 2017 10:50:42 GMT" time="59.231" errors="0">
  <testcase name="testVerifySendingEmail" time="12.945" classname="testcases.VerifySendAndProcessed"/>
  <testcase name="TestProcessingOfEmail" time="3.823" classname="testcases.VerifySendAndProcessed"/>
  <testcase name="TestUnProcessingOfEmail" time="2.87" classname="testcases.VerifySendAndProcessed"/>
  <testcase name="TestBatchProcessingOfEmail" time="8.547" classname="testcases.VerifySendAndProcessed"/>
  <testcase name="TestBatchUnProcessingOfEmail" time="7.008" classname="testcases.VerifySendAndProcessed"/>
</testsuite> <!-- Default test -->
