<?xml version="1.0" encoding="UTF-8"?>
<!-- Generated by org.testng.reporters.JUnitXMLReporter -->
<testsuite hostname="LAPTOP-S0NUHBFQ" name="Default test" tests="4" failures="0" timestamp="21 Jul 2017 09:53:47 GMT" time="106.262" errors="0">
  <testcase name="VeiryAttachments" time="22.733" classname="iriiisMailTestCases.VerifyattachandEmails"/>
  <testcase name="VerifyReplyAttachments" time="21.186" classname="iriiisMailTestCases.VerifyattachandEmails"/>
  <testcase name="VerifyForwardAttachments" time="22.117" classname="iriiisMailTestCases.VerifyattachandEmails"/>
  <testcase name="VerifyReplyallwithAttachment" time="19.498" classname="iriiisMailTestCases.VerifyattachandEmails"/>
</testsuite> <!-- Default test -->
