<?xml version="1.0" encoding="UTF-8"?>
<!-- Generated by org.testng.reporters.JUnitXMLReporter -->
<testsuite hostname="LAPTOP-1D78PSH8" name="Default test" tests="6" failures="0" timestamp="18 Jul 2017 09:34:38 GMT" time="38.645" errors="0">
  <testcase name="testContactQuickCreate" time="4.991" classname="contactTestCases.VerifyContactCreation"/>
  <testcase name="testCreateContactionBySearch" time="2.988" classname="contactTestCases.VerifyContactCreation"/>
  <testcase name="testCreateContactWithoutProfileSearch" time="3.16" classname="contactTestCases.VerifyContactCreation"/>
  <testcase name="testCreateContactWithoutAnyfields" time="0.662" classname="contactTestCases.VerifyContactCreation"/>
  <testcase name="testUpdateContact" time="5.763" classname="contactTestCases.VerifyContactCreation"/>
  <testcase name="testSingleContactDeletion" time="4.245" classname="contactTestCases.VerifyContactCreation"/>
</testsuite> <!-- Default test -->
