<?xml version="1.0" encoding="UTF-8"?>
<!-- Generated by org.testng.reporters.JUnitXMLReporter -->
<testsuite hostname="LAPTOP-1D78PSH8" name="Default test" tests="5" failures="0" timestamp="25 Jul 2017 09:04:35 GMT" time="112.689" errors="0">
  <testcase name="VerifyIriiisTag" time="17.269" classname="IriiisDrive.VerifyIriiisFileTaging"/>
  <testcase name="VerifgoogleTag" time="18.867" classname="IriiisDrive.VerifyIriiisFileTaging"/>
  <testcase name="VerifboxdriveTag" time="18.566" classname="IriiisDrive.VerifyIriiisFileTaging"/>
  <testcase name="VerifdropboxdriveTag" time="17.371" classname="IriiisDrive.VerifyIriiisFileTaging"/>
  <testcase name="VerifonedriveTag" time="18.47" classname="IriiisDrive.VerifyIriiisFileTaging"/>
</testsuite> <!-- Default test -->
