<?xml version="1.0" encoding="UTF-8"?>
<!-- Generated by org.testng.reporters.JUnitXMLReporter -->
<testsuite hostname="LAPTOP-S0NUHBFQ" name="Default test" tests="3" failures="0" timestamp="1 Aug 2017 10:43:20 GMT" time="78.156" errors="0">
  <testcase name="VerifyIriiisFileDelete" time="25.068" classname="IriiisDrive.VerifyTheFileDeletes"/>
  <testcase name="VerifyBoxdriveFileDelete" time="18.249" classname="IriiisDrive.VerifyTheFileDeletes"/>
  <testcase name="VerifygoogleFileDelete" time="18.242" classname="IriiisDrive.VerifyTheFileDeletes"/>
</testsuite> <!-- Default test -->
