<?xml version="1.0" encoding="UTF-8"?>
<!-- Generated by org.testng.reporters.JUnitXMLReporter -->
<testsuite hostname="LAPTOP-1D78PSH8" name="All Account" tests="20" failures="2" timestamp="2 Aug 2017 13:17:57 GMT" time="238.021" errors="0">
  <testcase name="testMoveToTrashAllAccount" time="5.573" classname="IntegratedMailViewTestCases.VerifyTashAllAccount"/>
  <testcase name="testMovetoInboxOfTrashEmailAllAccount" time="20.195" classname="IntegratedMailViewTestCases.VerifyTashAllAccount"/>
  <testcase name="testBatchMoveToTrashAllAccount" time="4.987" classname="IntegratedMailViewTestCases.VerifyTashAllAccount"/>
  <testcase name="testBatchMovetoInboxOfTrashAllAccount" time="5.3" classname="IntegratedMailViewTestCases.VerifyTashAllAccount"/>
  <testcase name="testDeleteForeverAllAccount" time="9.824" classname="IntegratedMailViewTestCases.VerifyTashAllAccount">
    <failure type="java.lang.AssertionError" message="delete forever of Email is unsucessfully expected [true] but found [false]">
      <![CDATA[java.lang.AssertionError: delete forever of Email is unsucessfully expected [true] but found [false]
	at emailTestCases.VerifyTrash.TestDeleteForever(VerifyTrash.java:229)
	at IntegratedMailViewTestCases.VerifyTashAllAccount.testDeleteForeverAllAccount(VerifyTashAllAccount.java:48)
... Removed 28 stack frames]]>
    </failure>
  </testcase> <!-- testDeleteForeverAllAccount -->
  <testcase name="testShareToTopicAllAccount" time="10.729" classname="IntegratedMailViewTestCases.VerifySharingAllAccount"/>
  <testcase name="testMoveToSpamAllAccount" time="4.929" classname="IntegratedMailViewTestCases.VerifySpamAllAccount"/>
  <testcase name="testMarkAsNotSpamAllAccount" time="3.051" classname="IntegratedMailViewTestCases.VerifySpamAllAccount"/>
  <testcase name="testBatchMovetoSpamAllAccount" time="4.358" classname="IntegratedMailViewTestCases.VerifySpamAllAccount"/>
  <testcase name="testBatchMovetoInboxOfSpamAllAccount" time="4.654" classname="IntegratedMailViewTestCases.VerifySpamAllAccount"/>
  <testcase name="testVerifySendingEmailAllAccount" time="12.481" classname="IntegratedMailViewTestCases.VerifySendingEmailAndProcessingAllAccount"/>
  <testcase name="testProcessingEmailAllAccount" time="4.2" classname="IntegratedMailViewTestCases.VerifySendingEmailAndProcessingAllAccount"/>
  <testcase name="testUnProcessingEmailAllAccount" time="3.074" classname="IntegratedMailViewTestCases.VerifySendingEmailAndProcessingAllAccount"/>
  <testcase name="testBatchProcessingEmailAllAccount" time="4.42" classname="IntegratedMailViewTestCases.VerifySendingEmailAndProcessingAllAccount"/>
  <testcase name="testBatchUnProcessingEmailAllAccount" time="4.657" classname="IntegratedMailViewTestCases.VerifySendingEmailAndProcessingAllAccount"/>
  <testcase name="testMarkAsUnreadAllAccount" time="9.455" classname="IntegratedMailViewTestCases.VerifyReadUnreadAllAccount"/>
  <testcase name="testBatchReadAllAccount" time="3.738" classname="IntegratedMailViewTestCases.VerifyReadUnreadAllAccount"/>
  <testcase name="testBatchUnreadAllAccount" time="5.934" classname="IntegratedMailViewTestCases.VerifyReadUnreadAllAccount"/>
  <testcase name="testTagToTopicAllAccount" time="11.069" classname="IntegratedMailViewTestCases.VerifyTagToTopicAllAccount"/>
  <testcase name="testBatchTagToTopicAllAccount" time="0.719" classname="IntegratedMailViewTestCases.VerifyTagToTopicAllAccount">
    <failure type="java.lang.IndexOutOfBoundsException" message="Index: 3, Size: 3">
      <![CDATA[java.lang.IndexOutOfBoundsException: Index: 3, Size: 3
	at java.util.ArrayList.rangeCheck(ArrayList.java:653)
	at java.util.ArrayList.get(ArrayList.java:429)
	at org.openqa.selenium.support.pagefactory.internal.LocatingElementListHandler.invoke(LocatingElementListHandler.java:39)
	at com.sun.proxy.$Proxy9.get(Unknown Source)
	at emailTestCases.VerifyTagToTopic.testBatchTagToTopic(VerifyTagToTopic.java:93)
	at IntegratedMailViewTestCases.VerifyTagToTopicAllAccount.testBatchTagToTopicAllAccount(VerifyTagToTopicAllAccount.java:27)
... Removed 27 stack frames]]>
    </failure>
  </testcase> <!-- testBatchTagToTopicAllAccount -->
</testsuite> <!-- All Account -->
