<?xml version="1.0" encoding="UTF-8"?>
<!-- Generated by org.testng.reporters.JUnitXMLReporter -->
<testsuite hostname="LAPTOP-1D78PSH8" name="Contact" tests="15" failures="0" timestamp="2 Aug 2017 05:53:02 GMT" time="201.113" errors="0">
  <testcase name="testContactQuickCreate" time="7.957" classname="contactTestCases.VerifyContactCreation"/>
  <testcase name="testCreateContactionBySearch" time="5.098" classname="contactTestCases.VerifyContactCreation"/>
  <testcase name="testCreateContactWithoutProfileSearch" time="6.506" classname="contactTestCases.VerifyContactCreation"/>
  <testcase name="testCreateContactWithoutAnyfields" time="1.379" classname="contactTestCases.VerifyContactCreation"/>
  <testcase name="testUpdateContact" time="7.913" classname="contactTestCases.VerifyContactCreation"/>
  <testcase name="testSingleContactDeletion" time="6.973" classname="contactTestCases.VerifyContactCreation"/>
  <testcase name="testContactQuickCreate" time="5.858" classname="contactTestCases.VerifyContact"/>
  <testcase name="testInvitingContact" time="2.803" classname="contactTestCases.VerifyInvitingContact"/>
  <testcase name="testCreatingContactGroup" time="12.754" classname="contactTestCases.VerifyInvitingContact"/>
  <testcase name="testUpdateContactGroup" time="5.591" classname="contactTestCases.VerifyInvitingContact"/>
  <testcase name="testContactGroupDeletion" time="1.283" classname="contactTestCases.VerifyInvitingContact"/>
  <testcase name="testDuplicateContact" time="6.708" classname="contactTestCases.VerifyContactDuplicateContact"/>
  <testcase name="testInitiatingContactForOneOnOneChat" time="1.481" classname="contactTestCases.VerifyContactDuplicateContact"/>
  <testcase name="testCreatingContactGroup" time="16.399" classname="contactTestCases.VerifyContactDuplicateContact"/>
  <testcase name="testContactRemovalFromGroupWhenContactDeleted" time="18.888" classname="contactTestCases.VerifyContactDuplicateContact"/>
</testsuite> <!-- Contact -->
