<?xml version="1.0" encoding="UTF-8"?>
<!-- Generated by org.testng.reporters.JUnitXMLReporter -->
<testsuite hostname="LAPTOP-1D78PSH8" name="Contact" tests="6" failures="0" timestamp="25 Jul 2017 06:44:45 GMT" time="45.535" errors="0">
  <testcase name="testContactQuickCreate" time="5.142" classname="contactTestCases.VerifyContactCreation"/>
  <testcase name="testCreateContactionBySearch" time="2.97" classname="contactTestCases.VerifyContactCreation"/>
  <testcase name="testCreateContactWithoutProfileSearch" time="3.25" classname="contactTestCases.VerifyContactCreation"/>
  <testcase name="testCreateContactWithoutAnyfields" time="0.708" classname="contactTestCases.VerifyContactCreation"/>
  <testcase name="testUpdateContact" time="6.333" classname="contactTestCases.VerifyContactCreation"/>
  <testcase name="testSingleContactDeletion" time="6.283" classname="contactTestCases.VerifyContactCreation"/>
</testsuite> <!-- Contact -->
