<?xml version="1.0" encoding="UTF-8"?>
<!-- Generated by org.testng.reporters.JUnitXMLReporter -->
<testsuite hostname="LAPTOP-1D78PSH8" name="Contact" tests="6" failures="0" timestamp="25 Jul 2017 07:26:45 GMT" time="44.772" errors="0">
  <testcase name="testContactQuickCreate" time="5.51" classname="contactTestCases.VerifyContactCreation"/>
  <testcase name="testCreateContactionBySearch" time="3.241" classname="contactTestCases.VerifyContactCreation"/>
  <testcase name="testCreateContactWithoutProfileSearch" time="3.366" classname="contactTestCases.VerifyContactCreation"/>
  <testcase name="testCreateContactWithoutAnyfields" time="0.71" classname="contactTestCases.VerifyContactCreation"/>
  <testcase name="testUpdateContact" time="6.278" classname="contactTestCases.VerifyContactCreation"/>
  <testcase name="testSingleContactDeletion" time="6.299" classname="contactTestCases.VerifyContactCreation"/>
</testsuite> <!-- Contact -->
