<?xml version="1.0" encoding="UTF-8"?>
<!-- Generated by org.testng.reporters.JUnitXMLReporter -->
<testsuite hostname="LAPTOP-1D78PSH8" name="Contact" tests="11" failures="0" timestamp="1 Aug 2017 08:30:08 GMT" time="118.5" errors="0">
  <testcase name="testContactQuickCreate" time="5.491" classname="contactTestCases.VerifyContactCreation"/>
  <testcase name="testCreateContactionBySearch" time="3.128" classname="contactTestCases.VerifyContactCreation"/>
  <testcase name="testCreateContactWithoutProfileSearch" time="3.435" classname="contactTestCases.VerifyContactCreation"/>
  <testcase name="testCreateContactWithoutAnyfields" time="0.722" classname="contactTestCases.VerifyContactCreation"/>
  <testcase name="testUpdateContact" time="6.118" classname="contactTestCases.VerifyContactCreation"/>
  <testcase name="testSingleContactDeletion" time="6.297" classname="contactTestCases.VerifyContactCreation"/>
  <testcase name="testContactQuickCreate" time="5.431" classname="contactTestCases.VerifyContact"/>
  <testcase name="testInvitingContact" time="2.068" classname="contactTestCases.VerifyInvitingContact"/>
  <testcase name="testCreatingContactGroup" time="12.118" classname="contactTestCases.VerifyInvitingContact"/>
  <testcase name="testUpdateContactGroup" time="5.589" classname="contactTestCases.VerifyInvitingContact"/>
  <testcase name="testContactGroupDeletion" time="1.333" classname="contactTestCases.VerifyInvitingContact"/>
</testsuite> <!-- Contact -->
