<?xml version="1.0" encoding="UTF-8"?>
<!-- Generated by org.testng.reporters.JUnitXMLReporter -->
<testsuite hostname="LAPTOP-1D78PSH8" name="Contact" tests="6" failures="0" timestamp="20 Jul 2017 05:05:30 GMT" time="45.874" errors="0">
  <testcase name="testContactQuickCreate" time="5.318" classname="contactTestCases.VerifyContactCreation"/>
  <testcase name="testCreateContactionBySearch" time="3.09" classname="contactTestCases.VerifyContactCreation"/>
  <testcase name="testCreateContactWithoutProfileSearch" time="3.264" classname="contactTestCases.VerifyContactCreation"/>
  <testcase name="testCreateContactWithoutAnyfields" time="0.82" classname="contactTestCases.VerifyContactCreation"/>
  <testcase name="testUpdateContact" time="6.503" classname="contactTestCases.VerifyContactCreation"/>
  <testcase name="testSingleContactDeletion" time="6.853" classname="contactTestCases.VerifyContactCreation"/>
</testsuite> <!-- Contact -->
