<?xml version="1.0" encoding="UTF-8"?>
<!-- Generated by org.testng.reporters.JUnitXMLReporter -->
<testsuite hostname="LAPTOP-1D78PSH8" name="Contact" tests="6" failures="0" timestamp="26 Jul 2017 03:35:40 GMT" time="48.255" errors="0">
  <testcase name="testContactQuickCreate" time="6.013" classname="contactTestCases.VerifyContactCreation"/>
  <testcase name="testCreateContactionBySearch" time="3.515" classname="contactTestCases.VerifyContactCreation"/>
  <testcase name="testCreateContactWithoutProfileSearch" time="3.818" classname="contactTestCases.VerifyContactCreation"/>
  <testcase name="testCreateContactWithoutAnyfields" time="0.806" classname="contactTestCases.VerifyContactCreation"/>
  <testcase name="testUpdateContact" time="6.645" classname="contactTestCases.VerifyContactCreation"/>
  <testcase name="testSingleContactDeletion" time="6.582" classname="contactTestCases.VerifyContactCreation"/>
</testsuite> <!-- Contact -->
