<?xml version="1.0" encoding="UTF-8"?>
<!-- Generated by org.testng.reporters.JUnitXMLReporter -->
<testsuite hostname="LAPTOP-1D78PSH8" name="Contact" tests="6" failures="0" timestamp="18 Jul 2017 10:18:26 GMT" time="41.621" errors="0">
  <testcase name="testContactQuickCreate" time="5.085" classname="contactTestCases.VerifyContactCreation"/>
  <testcase name="testCreateContactionBySearch" time="3.053" classname="contactTestCases.VerifyContactCreation"/>
  <testcase name="testCreateContactWithoutProfileSearch" time="3.219" classname="contactTestCases.VerifyContactCreation"/>
  <testcase name="testCreateContactWithoutAnyfields" time="0.643" classname="contactTestCases.VerifyContactCreation"/>
  <testcase name="testUpdateContact" time="5.89" classname="contactTestCases.VerifyContactCreation"/>
  <testcase name="testSingleContactDeletion" time="6.198" classname="contactTestCases.VerifyContactCreation"/>
</testsuite> <!-- Contact -->
