<?xml version="1.0" encoding="UTF-8"?>
<!-- Generated by org.testng.reporters.JUnitXMLReporter -->
<testsuite hostname="LAPTOP-1D78PSH8" name="Gmail" tests="21" failures="1" timestamp="25 Jul 2017 06:50:21 GMT" time="335.869" errors="0">
  <testcase name="testMarkAsUnreadGmail" time="20.789" classname="GmailTestCases.VerifyReadUnreadGmail"/>
  <testcase name="testBatchReadGmail" time="14.866" classname="GmailTestCases.VerifyReadUnreadGmail"/>
  <testcase name="testBatchUnreadGmail" time="6.415" classname="GmailTestCases.VerifyReadUnreadGmail"/>
  <testcase name="testMoveToSpamGmail" time="16.892" classname="GmailTestCases.VerifySpamGmail"/>
  <testcase name="testMarkAsNotSpamGMail" time="4.503" classname="GmailTestCases.VerifySpamGmail"/>
  <testcase name="testBatchMovetoSpamGmail" time="4.975" classname="GmailTestCases.VerifySpamGmail"/>
  <testcase name="testBatchMovetoInboxOfSpamGmail" time="8.154" classname="GmailTestCases.VerifySpamGmail"/>
  <testcase name="testTagToTopicGmail" time="23.102" classname="GmailTestCases.VerifyTagToTopicGmail">
    <failure type="java.lang.AssertionError" message="Tag to Topic got failed expected [true] but found [false]">
      <![CDATA[java.lang.AssertionError: Tag to Topic got failed expected [true] but found [false]
	at emailTestCases.VerifyTagToTopic.testTagToTopic(VerifyTagToTopic.java:68)
	at GmailTestCases.VerifyTagToTopicGmail.testTagToTopicGmail(VerifyTagToTopicGmail.java:52)
... Removed 28 stack frames]]>
    </failure>
  </testcase> <!-- testTagToTopicGmail -->
  <testcase name="testBatchTagToTopicGmail" time="0.0" classname="GmailTestCases.VerifyTagToTopicGmail">
    <skipped/>
  </testcase> <!-- testBatchTagToTopicGmail -->
  <testcase name="testSharingofGmail" time="24.261" classname="GmailTestCases.VerifySharingGmail"/>
  <testcase name="testMoveToTrashGmail" time="16.998" classname="GmailTestCases.VerifyTashGmail"/>
  <testcase name="testMovetoInboxOfTrashEmailGmail" time="16.06" classname="GmailTestCases.VerifyTashGmail"/>
  <testcase name="testBatchMoveToTrashGmail" time="4.845" classname="GmailTestCases.VerifyTashGmail"/>
  <testcase name="testBatchMovetoInboxOfTrashGmail" time="6.508" classname="GmailTestCases.VerifyTashGmail"/>
  <testcase name="testDeleteForeverGmail" time="10.471" classname="GmailTestCases.VerifyTashGmail"/>
  <testcase name="testBatchDeleteForeverGmail" time="0.001" classname="GmailTestCases.VerifyTashGmail"/>
  <testcase name="testVerifySendingEmailGmail" time="24.245" classname="GmailTestCases.VerifySendingEmailAndProcessingGmail"/>
  <testcase name="testProcessingEmailGMail" time="5.191" classname="GmailTestCases.VerifySendingEmailAndProcessingGmail"/>
  <testcase name="testUnProcessingEmailGMail" time="3.499" classname="GmailTestCases.VerifySendingEmailAndProcessingGmail"/>
  <testcase name="testBatchProcessingEmailGMail" time="7.522" classname="GmailTestCases.VerifySendingEmailAndProcessingGmail"/>
  <testcase name="testBatchUnProcessingEmailGMail" time="6.64" classname="GmailTestCases.VerifySendingEmailAndProcessingGmail"/>
</testsuite> <!-- Gmail -->
