<?xml version="1.0" encoding="UTF-8"?>
<!-- Generated by org.testng.reporters.JUnitXMLReporter -->
<testsuite hostname="LAPTOP-1D78PSH8" name="IRIIIS" tests="24" failures="0" timestamp="25 Jul 2017 07:30:00 GMT" time="6.978" errors="0">
  <testcase name="@BeforeClass testBrowser" time="0.0" classname="iriiisMailTestCases.VerifyTashIRIIIS">
    <failure type="org.openqa.selenium.WebDriverException" message="unknown error: cannot get automation extension
from chrome not reachable
  (Session info: chrome=59.0.3071.115)
  (Driver info: chromedriver=2.30.477700 (0057494ad8732195794a7b32078424f92a5fce41),platform=Windows NT 10.0.14393 x86_64) (WARNING: The server did not provide any stacktrace information)
Command duration or timeout: 4.08 seconds
Build info: version: &amp;apos;3.4.0&amp;apos;, revision: &amp;apos;unknown&amp;apos;, time: &amp;apos;unknown&amp;apos;
System info: host: &amp;apos;LAPTOP-1D78PSH8&amp;apos;, ip: &amp;apos;192.168.132.2&amp;apos;, os.name: &amp;apos;Windows 10&amp;apos;, os.arch: &amp;apos;amd64&amp;apos;, os.version: &amp;apos;10.0&amp;apos;, java.version: &amp;apos;1.8.0_101&amp;apos;
Driver info: org.openqa.selenium.chrome.ChromeDriver
Capabilities [{applicationCacheEnabled=false, rotatable=false, mobileEmulationEnabled=false, networkConnectionEnabled=false, chrome={chromedriverVersion=2.30.477700 (0057494ad8732195794a7b32078424f92a5fce41), userDataDir=C:\Users\Praveen\AppData\Local\Temp\scoped_dir17844_1645}, takesHeapSnapshot=true, pageLoadStrategy=normal, databaseEnabled=false, handlesAlerts=true, hasTouchScreen=false, version=59.0.3071.115, platform=XP, browserConnectionEnabled=false, nativeEvents=true, acceptSslCerts=true, locationContextEnabled=true, webStorageEnabled=true, browserName=chrome, takesScreenshot=true, javascriptEnabled=true, cssSelectorsEnabled=true, unexpectedAlertBehaviour=}]
Session ID: 53c2e74c003bf3f55a35822e0ed78050">
      <![CDATA[org.openqa.selenium.WebDriverException: unknown error: cannot get automation extension
from chrome not reachable
  (Session info: chrome=59.0.3071.115)
  (Driver info: chromedriver=2.30.477700 (0057494ad8732195794a7b32078424f92a5fce41),platform=Windows NT 10.0.14393 x86_64) (WARNING: The server did not provide any stacktrace information)
Command duration or timeout: 4.08 seconds
Build info: version: '3.4.0', revision: 'unknown', time: 'unknown'
System info: host: 'LAPTOP-1D78PSH8', ip: '192.168.132.2', os.name: 'Windows 10', os.arch: 'amd64', os.version: '10.0', java.version: '1.8.0_101'
Driver info: org.openqa.selenium.chrome.ChromeDriver
Capabilities [{applicationCacheEnabled=false, rotatable=false, mobileEmulationEnabled=false, networkConnectionEnabled=false, chrome={chromedriverVersion=2.30.477700 (0057494ad8732195794a7b32078424f92a5fce41), userDataDir=C:\Users\Praveen\AppData\Local\Temp\scoped_dir17844_1645}, takesHeapSnapshot=true, pageLoadStrategy=normal, databaseEnabled=false, handlesAlerts=true, hasTouchScreen=false, version=59.0.3071.115, platform=XP, browserConnectionEnabled=false, nativeEvents=true, acceptSslCerts=true, locationContextEnabled=true, webStorageEnabled=true, browserName=chrome, takesScreenshot=true, javascriptEnabled=true, cssSelectorsEnabled=true, unexpectedAlertBehaviour=}]
Session ID: 53c2e74c003bf3f55a35822e0ed78050
	at org.openqa.selenium.remote.ErrorHandler.createThrowable(ErrorHandler.java:215)
	at org.openqa.selenium.remote.ErrorHandler.throwIfResponseFailed(ErrorHandler.java:167)
	at org.openqa.selenium.remote.RemoteWebDriver.execute(RemoteWebDriver.java:671)
	at org.openqa.selenium.remote.RemoteWebDriver.execute(RemoteWebDriver.java:694)
	at org.openqa.selenium.remote.RemoteWebDriver$RemoteWebDriverOptions$RemoteWindow.maximize(RemoteWebDriver.java:925)
	at Factory.Browserfactory.getbrowser(Browserfactory.java:28)
	at emailTestCases.BaseTest.testBrowser(BaseTest.java:25)
... Removed 28 stack frames]]>
    </failure>
  </testcase> <!-- @BeforeClass testBrowser -->
  <testcase name="@AfterClass postCondition" time="0.0" classname="iriiisMailTestCases.VerifyTashIRIIIS">
    <skipped/>
  </testcase> <!-- @AfterClass postCondition -->
  <testcase name="@BeforeClass testBrowser" time="0.0" classname="iriiisMailTestCases.VerifyReadUnreadIRIIIS">
    <skipped/>
  </testcase> <!-- @BeforeClass testBrowser -->
  <testcase name="@AfterClass postCondition" time="0.0" classname="iriiisMailTestCases.VerifyReadUnreadIRIIIS">
    <skipped/>
  </testcase> <!-- @AfterClass postCondition -->
  <testcase name="@BeforeClass testBrowser" time="0.0" classname="iriiisMailTestCases.VerifySpamIRIIIS">
    <skipped/>
  </testcase> <!-- @BeforeClass testBrowser -->
  <testcase name="@AfterClass postCondition" time="0.0" classname="iriiisMailTestCases.VerifySpamIRIIIS">
    <skipped/>
  </testcase> <!-- @AfterClass postCondition -->
  <testcase name="@BeforeClass testBrowser" time="0.0" classname="iriiisMailTestCases.VerifyTagToTopicIRIIIS">
    <skipped/>
  </testcase> <!-- @BeforeClass testBrowser -->
  <testcase name="@AfterClass postCondition" time="0.0" classname="iriiisMailTestCases.VerifyTagToTopicIRIIIS">
    <skipped/>
  </testcase> <!-- @AfterClass postCondition -->
  <testcase name="@BeforeClass testBrowser" time="0.0" classname="iriiisMailTestCases.VerifySendingEmailAndProcessingIRIIIS">
    <skipped/>
  </testcase> <!-- @BeforeClass testBrowser -->
  <testcase name="@AfterClass postCondition" time="0.0" classname="iriiisMailTestCases.VerifySendingEmailAndProcessingIRIIIS">
    <skipped/>
  </testcase> <!-- @AfterClass postCondition -->
  <testcase name="@BeforeClass testBrowser" time="0.0" classname="iriiisMailTestCases.VerifySharingIRIIIS">
    <skipped/>
  </testcase> <!-- @BeforeClass testBrowser -->
  <testcase name="@AfterClass postCondition" time="0.0" classname="iriiisMailTestCases.VerifySharingIRIIIS">
    <skipped/>
  </testcase> <!-- @AfterClass postCondition -->
  <testcase name="@BeforeClass testBrowser" time="0.0" classname="iriiisMailTestCases.VerifyattachandEmails">
    <skipped/>
  </testcase> <!-- @BeforeClass testBrowser -->
  <testcase name="@AfterClass postCondition" time="0.0" classname="iriiisMailTestCases.VerifyattachandEmails">
    <skipped/>
  </testcase> <!-- @AfterClass postCondition -->
  <testcase name="testMoveToTrashIRIIIS" time="0.0" classname="iriiisMailTestCases.VerifyTashIRIIIS">
    <skipped/>
  </testcase> <!-- testMoveToTrashIRIIIS -->
  <testcase name="testMovetoInboxOfTrashEmailIRIIIS" time="0.0" classname="iriiisMailTestCases.VerifyTashIRIIIS">
    <skipped/>
  </testcase> <!-- testMovetoInboxOfTrashEmailIRIIIS -->
  <testcase name="testBatchMoveToTrashIRIIIS" time="0.015" classname="iriiisMailTestCases.VerifyTashIRIIIS">
    <skipped/>
  </testcase> <!-- testBatchMoveToTrashIRIIIS -->
  <testcase name="testBatchMovetoInboxOfTrashIRIIIS" time="0.0" classname="iriiisMailTestCases.VerifyTashIRIIIS">
    <skipped/>
  </testcase> <!-- testBatchMovetoInboxOfTrashIRIIIS -->
  <testcase name="testDeleteForeverIRIIIS" time="0.0" classname="iriiisMailTestCases.VerifyTashIRIIIS">
    <skipped/>
  </testcase> <!-- testDeleteForeverIRIIIS -->
  <testcase name="testMarkAsUnreadIRIIIS" time="0.0" classname="iriiisMailTestCases.VerifyReadUnreadIRIIIS">
    <skipped/>
  </testcase> <!-- testMarkAsUnreadIRIIIS -->
  <testcase name="testBatchReadIRIIIS" time="0.0" classname="iriiisMailTestCases.VerifyReadUnreadIRIIIS">
    <skipped/>
  </testcase> <!-- testBatchReadIRIIIS -->
  <testcase name="testBatchUnreadIRIIIS" time="0.0" classname="iriiisMailTestCases.VerifyReadUnreadIRIIIS">
    <skipped/>
  </testcase> <!-- testBatchUnreadIRIIIS -->
  <testcase name="testMoveToSpamIRIIIS" time="0.0" classname="iriiisMailTestCases.VerifySpamIRIIIS">
    <skipped/>
  </testcase> <!-- testMoveToSpamIRIIIS -->
  <testcase name="testMarkAsNotSpamIRIIIS" time="0.0" classname="iriiisMailTestCases.VerifySpamIRIIIS">
    <skipped/>
  </testcase> <!-- testMarkAsNotSpamIRIIIS -->
  <testcase name="testBatchMovetoSpamIRIIIS" time="0.0" classname="iriiisMailTestCases.VerifySpamIRIIIS">
    <skipped/>
  </testcase> <!-- testBatchMovetoSpamIRIIIS -->
  <testcase name="testBatchMovetoInboxOfSpamIRIIIS" time="0.0" classname="iriiisMailTestCases.VerifySpamIRIIIS">
    <skipped/>
  </testcase> <!-- testBatchMovetoInboxOfSpamIRIIIS -->
  <testcase name="testTagToTopicIRIIIS" time="0.015" classname="iriiisMailTestCases.VerifyTagToTopicIRIIIS">
    <skipped/>
  </testcase> <!-- testTagToTopicIRIIIS -->
  <testcase name="testBatchTagToTopicIRIIIS" time="0.0" classname="iriiisMailTestCases.VerifyTagToTopicIRIIIS">
    <skipped/>
  </testcase> <!-- testBatchTagToTopicIRIIIS -->
  <testcase name="testVerifySendingEmailIRIIIS" time="0.0" classname="iriiisMailTestCases.VerifySendingEmailAndProcessingIRIIIS">
    <skipped/>
  </testcase> <!-- testVerifySendingEmailIRIIIS -->
  <testcase name="testProcessingEmailIRIIIS" time="0.017" classname="iriiisMailTestCases.VerifySendingEmailAndProcessingIRIIIS">
    <skipped/>
  </testcase> <!-- testProcessingEmailIRIIIS -->
  <testcase name="testUnProcessingEmailIRIIIS" time="0.001" classname="iriiisMailTestCases.VerifySendingEmailAndProcessingIRIIIS">
    <skipped/>
  </testcase> <!-- testUnProcessingEmailIRIIIS -->
  <testcase name="testBatchProcessingEmailIRIIIS" time="0.001" classname="iriiisMailTestCases.VerifySendingEmailAndProcessingIRIIIS">
    <skipped/>
  </testcase> <!-- testBatchProcessingEmailIRIIIS -->
  <testcase name="testBatchUnProcessingEmailIRIIIS" time="0.0" classname="iriiisMailTestCases.VerifySendingEmailAndProcessingIRIIIS">
    <skipped/>
  </testcase> <!-- testBatchUnProcessingEmailIRIIIS -->
  <testcase name="testShareToTopicIRIIIS" time="0.0" classname="iriiisMailTestCases.VerifySharingIRIIIS">
    <skipped/>
  </testcase> <!-- testShareToTopicIRIIIS -->
  <testcase name="VeiryAttachments" time="0.0" classname="iriiisMailTestCases.VerifyattachandEmails">
    <skipped/>
  </testcase> <!-- VeiryAttachments -->
  <testcase name="VerifyReplyAttachments" time="0.0" classname="iriiisMailTestCases.VerifyattachandEmails">
    <skipped/>
  </testcase> <!-- VerifyReplyAttachments -->
  <testcase name="VerifyForwardAttachments" time="0.0" classname="iriiisMailTestCases.VerifyattachandEmails">
    <skipped/>
  </testcase> <!-- VerifyForwardAttachments -->
  <testcase name="VerifyReplyallwithAttachment" time="0.0" classname="iriiisMailTestCases.VerifyattachandEmails">
    <skipped/>
  </testcase> <!-- VerifyReplyallwithAttachment -->
</testsuite> <!-- IRIIIS -->
