<?xml version="1.0" encoding="UTF-8"?>
<!-- Generated by org.testng.reporters.JUnitXMLReporter -->
<testsuite hostname="LAPTOP-1D78PSH8" name="IRIIIS" tests="24" failures="1" timestamp="1 Aug 2017 08:44:26 GMT" time="447.618" errors="0">
  <testcase name="testMoveToTrashIRIIIS" time="15.689" classname="iriiisMailTestCases.VerifyTashIRIIIS"/>
  <testcase name="testMovetoInboxOfTrashEmailIRIIIS" time="18.921" classname="iriiisMailTestCases.VerifyTashIRIIIS"/>
  <testcase name="testBatchMoveToTrashIRIIIS" time="5.036" classname="iriiisMailTestCases.VerifyTashIRIIIS"/>
  <testcase name="testBatchMovetoInboxOfTrashIRIIIS" time="4.624" classname="iriiisMailTestCases.VerifyTashIRIIIS"/>
  <testcase name="testDeleteForeverIRIIIS" time="9.355" classname="iriiisMailTestCases.VerifyTashIRIIIS">
    <failure type="java.lang.AssertionError" message="delete forever of Email is unsucessfully expected [true] but found [false]">
      <![CDATA[java.lang.AssertionError: delete forever of Email is unsucessfully expected [true] but found [false]
	at emailTestCases.VerifyTrash.TestDeleteForever(VerifyTrash.java:229)
	at iriiisMailTestCases.VerifyTashIRIIIS.testDeleteForeverIRIIIS(VerifyTashIRIIIS.java:78)
... Removed 28 stack frames]]>
    </failure>
  </testcase> <!-- testDeleteForeverIRIIIS -->
  <testcase name="testMarkAsUnreadIRIIIS" time="19.717" classname="iriiisMailTestCases.VerifyReadUnreadIRIIIS"/>
  <testcase name="testBatchReadIRIIIS" time="4.658" classname="iriiisMailTestCases.VerifyReadUnreadIRIIIS"/>
  <testcase name="testBatchUnreadIRIIIS" time="6.391" classname="iriiisMailTestCases.VerifyReadUnreadIRIIIS"/>
  <testcase name="testMoveToSpamIRIIIS" time="15.806" classname="iriiisMailTestCases.VerifySpamIRIIIS"/>
  <testcase name="testMarkAsNotSpamIRIIIS" time="3.034" classname="iriiisMailTestCases.VerifySpamIRIIIS"/>
  <testcase name="testBatchMovetoSpamIRIIIS" time="4.029" classname="iriiisMailTestCases.VerifySpamIRIIIS"/>
  <testcase name="testBatchMovetoInboxOfSpamIRIIIS" time="4.682" classname="iriiisMailTestCases.VerifySpamIRIIIS"/>
  <testcase name="testTagToTopicIRIIIS" time="20.641" classname="iriiisMailTestCases.VerifyTagToTopicIRIIIS"/>
  <testcase name="testBatchTagToTopicIRIIIS" time="22.509" classname="iriiisMailTestCases.VerifyTagToTopicIRIIIS"/>
  <testcase name="testVerifySendingEmailIRIIIS" time="24.116" classname="iriiisMailTestCases.VerifySendingEmailAndProcessingIRIIIS"/>
  <testcase name="testProcessingEmailIRIIIS" time="3.934" classname="iriiisMailTestCases.VerifySendingEmailAndProcessingIRIIIS"/>
  <testcase name="testUnProcessingEmailIRIIIS" time="2.846" classname="iriiisMailTestCases.VerifySendingEmailAndProcessingIRIIIS"/>
  <testcase name="testBatchProcessingEmailIRIIIS" time="4.12" classname="iriiisMailTestCases.VerifySendingEmailAndProcessingIRIIIS"/>
  <testcase name="testBatchUnProcessingEmailIRIIIS" time="4.02" classname="iriiisMailTestCases.VerifySendingEmailAndProcessingIRIIIS"/>
  <testcase name="testShareToTopicIRIIIS" time="21.227" classname="iriiisMailTestCases.VerifySharingIRIIIS"/>
  <testcase name="VeiryAttachments" time="23.093" classname="iriiisMailTestCases.VerifyattachandEmails"/>
  <testcase name="VerifyReplyAttachments" time="21.266" classname="iriiisMailTestCases.VerifyattachandEmails"/>
  <testcase name="VerifyForwardAttachments" time="22.243" classname="iriiisMailTestCases.VerifyattachandEmails"/>
  <testcase name="VerifyReplyallwithAttachment" time="19.465" classname="iriiisMailTestCases.VerifyattachandEmails"/>
</testsuite> <!-- IRIIIS -->
