<?xml version="1.0" encoding="UTF-8"?>
<!-- Generated by org.testng.reporters.JUnitXMLReporter -->
<testsuite hostname="LAPTOP-1D78PSH8" name="IRIIIS" tests="20" failures="1" timestamp="20 Jul 2017 05:16:46 GMT" time="314.127" errors="0">
  <testcase name="testMoveToTrashIRIIIS" time="15.279" classname="iriiisMailTestCases.VerifyTashIRIIIS"/>
  <testcase name="testMovetoInboxOfTrashEmailIRIIIS" time="3.593" classname="iriiisMailTestCases.VerifyTashIRIIIS"/>
  <testcase name="testBatchMoveToTrashIRIIIS" time="6.843" classname="iriiisMailTestCases.VerifyTashIRIIIS"/>
  <testcase name="testBatchMovetoInboxOfTrashIRIIIS" time="7.364" classname="iriiisMailTestCases.VerifyTashIRIIIS"/>
  <testcase name="testDeleteForeverIRIIIS" time="4.687" classname="iriiisMailTestCases.VerifyTashIRIIIS"/>
  <testcase name="testMarkAsUnreadIRIIIS" time="20.146" classname="iriiisMailTestCases.VerifyReadUnreadIRIIIS"/>
  <testcase name="testBatchReadIRIIIS" time="13.654" classname="iriiisMailTestCases.VerifyReadUnreadIRIIIS"/>
  <testcase name="testBatchUnreadIRIIIS" time="13.453" classname="iriiisMailTestCases.VerifyReadUnreadIRIIIS"/>
  <testcase name="testMoveToSpamIRIIIS" time="14.994" classname="iriiisMailTestCases.VerifySpamIRIIIS"/>
  <testcase name="testMarkAsNotSpamIRIIIS" time="2.769" classname="iriiisMailTestCases.VerifySpamIRIIIS"/>
  <testcase name="testBatchMovetoSpamIRIIIS" time="7.601" classname="iriiisMailTestCases.VerifySpamIRIIIS"/>
  <testcase name="testBatchMovetoInboxOfSpamIRIIIS" time="8.356" classname="iriiisMailTestCases.VerifySpamIRIIIS"/>
  <testcase name="testTagToTopicIRIIIS" time="43.619" classname="iriiisMailTestCases.VerifyTagToTopicIRIIIS">
    <failure type="org.openqa.selenium.TimeoutException" message="Expected condition failed: waiting for visibility of all [] (tried for 20 second(s) with 500 MILLISECONDS interval)
Build info: version: &amp;apos;3.4.0&amp;apos;, revision: &amp;apos;unknown&amp;apos;, time: &amp;apos;unknown&amp;apos;
System info: host: &amp;apos;LAPTOP-1D78PSH8&amp;apos;, ip: &amp;apos;192.168.132.2&amp;apos;, os.name: &amp;apos;Windows 10&amp;apos;, os.arch: &amp;apos;amd64&amp;apos;, os.version: &amp;apos;10.0&amp;apos;, java.version: &amp;apos;1.8.0_101&amp;apos;
Driver info: org.openqa.selenium.chrome.ChromeDriver
Capabilities [{applicationCacheEnabled=false, rotatable=false, mobileEmulationEnabled=false, networkConnectionEnabled=false, chrome={chromedriverVersion=2.30.477700 (0057494ad8732195794a7b32078424f92a5fce41), userDataDir=C:\Users\Praveen\AppData\Local\Temp\scoped_dir244_3892}, takesHeapSnapshot=true, pageLoadStrategy=normal, databaseEnabled=false, handlesAlerts=true, hasTouchScreen=false, version=59.0.3071.115, platform=XP, browserConnectionEnabled=false, nativeEvents=true, acceptSslCerts=true, locationContextEnabled=true, webStorageEnabled=true, browserName=chrome, takesScreenshot=true, javascriptEnabled=true, cssSelectorsEnabled=true, unexpectedAlertBehaviour=}]
Session ID: 9ffc635ab798c9868be9df0f427a4783">
      <![CDATA[org.openqa.selenium.TimeoutException: Expected condition failed: waiting for visibility of all [] (tried for 20 second(s) with 500 MILLISECONDS interval)
Build info: version: '3.4.0', revision: 'unknown', time: 'unknown'
System info: host: 'LAPTOP-1D78PSH8', ip: '192.168.132.2', os.name: 'Windows 10', os.arch: 'amd64', os.version: '10.0', java.version: '1.8.0_101'
Driver info: org.openqa.selenium.chrome.ChromeDriver
Capabilities [{applicationCacheEnabled=false, rotatable=false, mobileEmulationEnabled=false, networkConnectionEnabled=false, chrome={chromedriverVersion=2.30.477700 (0057494ad8732195794a7b32078424f92a5fce41), userDataDir=C:\Users\Praveen\AppData\Local\Temp\scoped_dir244_3892}, takesHeapSnapshot=true, pageLoadStrategy=normal, databaseEnabled=false, handlesAlerts=true, hasTouchScreen=false, version=59.0.3071.115, platform=XP, browserConnectionEnabled=false, nativeEvents=true, acceptSslCerts=true, locationContextEnabled=true, webStorageEnabled=true, browserName=chrome, takesScreenshot=true, javascriptEnabled=true, cssSelectorsEnabled=true, unexpectedAlertBehaviour=}]
Session ID: 9ffc635ab798c9868be9df0f427a4783
	at org.openqa.selenium.support.ui.WebDriverWait.timeoutException(WebDriverWait.java:80)
	at org.openqa.selenium.support.ui.FluentWait.until(FluentWait.java:232)
	at Pages.MailPage.getTopicListInTagToTopic(MailPage.java:250)
	at emailTestCases.VerifyTagToTopic.testTagToTopic(VerifyTagToTopic.java:35)
	at iriiisMailTestCases.VerifyTagToTopicIRIIIS.testTagToTopicIRIIIS(VerifyTagToTopicIRIIIS.java:51)
... Removed 24 stack frames]]>
    </failure>
  </testcase> <!-- testTagToTopicIRIIIS -->
  <testcase name="testBatchTagToTopicIRIIIS" time="0.0" classname="iriiisMailTestCases.VerifyTagToTopicIRIIIS">
    <skipped/>
  </testcase> <!-- testBatchTagToTopicIRIIIS -->
  <testcase name="testVerifySendingEmailIRIIIS" time="23.82" classname="iriiisMailTestCases.VerifySendingEmailAndProcessingIRIIIS"/>
  <testcase name="testProcessingEmailIRIIIS" time="3.906" classname="iriiisMailTestCases.VerifySendingEmailAndProcessingIRIIIS"/>
  <testcase name="testUnProcessingEmailIRIIIS" time="2.763" classname="iriiisMailTestCases.VerifySendingEmailAndProcessingIRIIIS"/>
  <testcase name="testBatchProcessingEmailIRIIIS" time="8.022" classname="iriiisMailTestCases.VerifySendingEmailAndProcessingIRIIIS"/>
  <testcase name="testBatchUnProcessingEmailIRIIIS" time="7.264" classname="iriiisMailTestCases.VerifySendingEmailAndProcessingIRIIIS"/>
  <testcase name="testShareToTopicIRIIIS" time="20.482" classname="iriiisMailTestCases.VerifySharingIRIIIS"/>
</testsuite> <!-- IRIIIS -->
