<?xml version="1.0" encoding="UTF-8"?>
<!-- Generated by org.testng.reporters.JUnitXMLReporter -->
<testsuite hostname="LAPTOP-1D78PSH8" name="Test" tests="19" failures="0" timestamp="14 Jul 2017 06:47:51 GMT" time="252.775" errors="0">
  <testcase name="testVerifySendingEmail" time="12.671" classname="testcases.VerifyEmail"/>
  <testcase name="TestProcessingOfEmail" time="5.624" classname="testcases.VerifyEmail"/>
  <testcase name="TestUnProcessingOfEmail" time="3.087" classname="testcases.VerifyEmail"/>
  <testcase name="TestBatchProcessingOfEmail" time="9.993" classname="testcases.VerifyEmail"/>
  <testcase name="TestBatchUnProcessingOfEmail" time="8.402" classname="testcases.VerifyEmail"/>
  <testcase name="testTagToTopic" time="10.808" classname="testcases.VerifyEmail4"/>
  <testcase name="testBatchTagToTopic" time="14.069" classname="testcases.VerifyEmail4"/>
  <testcase name="testMoveToSpam" time="4.449" classname="testcases.VerifyEmail1"/>
  <testcase name="testMarkAsNotSpam" time="2.88" classname="testcases.VerifyEmail1"/>
  <testcase name="TestBatchMovetoSpamOfEmail" time="8.844" classname="testcases.VerifyEmail1"/>
  <testcase name="TestBatchMovetoInboxOfSpamEmail" time="9.369" classname="testcases.VerifyEmail1"/>
  <testcase name="testMarkAsUnread" time="8.849" classname="testcases.VerifyEmail3"/>
  <testcase name="testBatchUnread" time="7.407" classname="testcases.VerifyEmail3"/>
  <testcase name="testBatchRead" time="11.746" classname="testcases.VerifyEmail3"/>
  <testcase name="testMoveToTrash" time="4.353" classname="testcases.VerifyEmail2"/>
  <testcase name="testMoveToInboxFromTrashListing" time="3.329" classname="testcases.VerifyEmail2"/>
  <testcase name="TestBatchMoveToTrash" time="9.039" classname="testcases.VerifyEmail2"/>
  <testcase name="TestBatchMovetoInboxOfTrashEmail" time="8.15" classname="testcases.VerifyEmail2"/>
  <testcase name="TestDeleteForever" time="4.527" classname="testcases.VerifyEmail2"/>
</testsuite> <!-- Test -->
