<?xml version="1.0" encoding="UTF-8"?>
<!-- Generated by org.testng.reporters.JUnitXMLReporter -->
<testsuite hostname="LAPTOP-1D78PSH8" name="Test" tests="20" failures="0" timestamp="17 Jul 2017 10:47:29 GMT" time="0.163" errors="0">
  <testcase name="@BeforeClass testBrowser" time="0.0" classname="testcases.VerifyTrash">
    <failure type="java.lang.NullPointerException">
      <![CDATA[java.lang.NullPointerException
	at Factory.Browserfactory.getbrowser(Browserfactory.java:28)
	at testcases.BaseTest.testBrowser(BaseTest.java:24)
... Removed 24 stack frames]]>
    </failure>
  </testcase> <!-- @BeforeClass testBrowser -->
  <testcase name="@AfterClass postCondition" time="0.0" classname="testcases.VerifyTrash">
    <skipped/>
  </testcase> <!-- @AfterClass postCondition -->
  <testcase name="@BeforeClass testBrowser" time="0.0" classname="testcases.VerifySharing">
    <skipped/>
  </testcase> <!-- @BeforeClass testBrowser -->
  <testcase name="@AfterClass postCondition" time="0.0" classname="testcases.VerifySharing">
    <skipped/>
  </testcase> <!-- @AfterClass postCondition -->
  <testcase name="@BeforeClass testBrowser" time="0.0" classname="testcases.VerifyReadUnread">
    <skipped/>
  </testcase> <!-- @BeforeClass testBrowser -->
  <testcase name="@AfterClass postCondition" time="0.0" classname="testcases.VerifyReadUnread">
    <skipped/>
  </testcase> <!-- @AfterClass postCondition -->
  <testcase name="@BeforeClass testBrowser" time="0.0" classname="testcases.VerifyTagToTopic">
    <skipped/>
  </testcase> <!-- @BeforeClass testBrowser -->
  <testcase name="@AfterClass postCondition" time="0.0" classname="testcases.VerifyTagToTopic">
    <skipped/>
  </testcase> <!-- @AfterClass postCondition -->
  <testcase name="@BeforeClass testBrowser" time="0.0" classname="testcases.VerifySpam">
    <skipped/>
  </testcase> <!-- @BeforeClass testBrowser -->
  <testcase name="@AfterClass postCondition" time="0.0" classname="testcases.VerifySpam">
    <skipped/>
  </testcase> <!-- @AfterClass postCondition -->
  <testcase name="@BeforeClass testBrowser" time="0.0" classname="testcases.VerifySendAndProcessed">
    <skipped/>
  </testcase> <!-- @BeforeClass testBrowser -->
  <testcase name="@AfterClass postCondition" time="0.0" classname="testcases.VerifySendAndProcessed">
    <skipped/>
  </testcase> <!-- @AfterClass postCondition -->
  <testcase name="testMoveToTrash" time="0.002" classname="testcases.VerifyTrash">
    <skipped/>
  </testcase> <!-- testMoveToTrash -->
  <testcase name="testMoveToInboxFromTrashListing" time="0.007" classname="testcases.VerifyTrash">
    <skipped/>
  </testcase> <!-- testMoveToInboxFromTrashListing -->
  <testcase name="TestBatchMoveToTrash" time="0.001" classname="testcases.VerifyTrash">
    <skipped/>
  </testcase> <!-- TestBatchMoveToTrash -->
  <testcase name="TestBatchMovetoInboxOfTrashEmail" time="0.004" classname="testcases.VerifyTrash">
    <skipped/>
  </testcase> <!-- TestBatchMovetoInboxOfTrashEmail -->
  <testcase name="TestDeleteForever" time="0.001" classname="testcases.VerifyTrash">
    <skipped/>
  </testcase> <!-- TestDeleteForever -->
  <testcase name="testTagToTopic" time="0.001" classname="testcases.VerifySharing">
    <skipped/>
  </testcase> <!-- testTagToTopic -->
  <testcase name="testMarkAsUnread" time="0.001" classname="testcases.VerifyReadUnread">
    <skipped/>
  </testcase> <!-- testMarkAsUnread -->
  <testcase name="testBatchUnread" time="0.004" classname="testcases.VerifyReadUnread">
    <skipped/>
  </testcase> <!-- testBatchUnread -->
  <testcase name="testBatchRead" time="0.003" classname="testcases.VerifyReadUnread">
    <skipped/>
  </testcase> <!-- testBatchRead -->
  <testcase name="testTagToTopic" time="0.002" classname="testcases.VerifyTagToTopic">
    <skipped/>
  </testcase> <!-- testTagToTopic -->
  <testcase name="testBatchTagToTopic" time="0.001" classname="testcases.VerifyTagToTopic">
    <skipped/>
  </testcase> <!-- testBatchTagToTopic -->
  <testcase name="testMoveToSpam" time="0.001" classname="testcases.VerifySpam">
    <skipped/>
  </testcase> <!-- testMoveToSpam -->
  <testcase name="testMarkAsNotSpam" time="0.001" classname="testcases.VerifySpam">
    <skipped/>
  </testcase> <!-- testMarkAsNotSpam -->
  <testcase name="TestBatchMovetoSpamOfEmail" time="0.001" classname="testcases.VerifySpam">
    <skipped/>
  </testcase> <!-- TestBatchMovetoSpamOfEmail -->
  <testcase name="TestBatchMovetoInboxOfSpamEmail" time="0.001" classname="testcases.VerifySpam">
    <skipped/>
  </testcase> <!-- TestBatchMovetoInboxOfSpamEmail -->
  <testcase name="testVerifySendingEmail" time="0.0" classname="testcases.VerifySendAndProcessed">
    <skipped/>
  </testcase> <!-- testVerifySendingEmail -->
  <testcase name="TestProcessingOfEmail" time="0.002" classname="testcases.VerifySendAndProcessed">
    <skipped/>
  </testcase> <!-- TestProcessingOfEmail -->
  <testcase name="TestUnProcessingOfEmail" time="0.002" classname="testcases.VerifySendAndProcessed">
    <skipped/>
  </testcase> <!-- TestUnProcessingOfEmail -->
  <testcase name="TestBatchProcessingOfEmail" time="0.003" classname="testcases.VerifySendAndProcessed">
    <skipped/>
  </testcase> <!-- TestBatchProcessingOfEmail -->
  <testcase name="TestBatchUnProcessingOfEmail" time="0.01" classname="testcases.VerifySendAndProcessed">
    <skipped/>
  </testcase> <!-- TestBatchUnProcessingOfEmail -->
</testsuite> <!-- Test -->
