<?xml version="1.0" encoding="UTF-8"?>
<!-- Generated by org.testng.reporters.JUnitXMLReporter -->
<testsuite hostname="LAPTOP-1D78PSH8" name="Test" tests="6" failures="0" timestamp="18 Jul 2017 10:12:08 GMT" time="42.965" errors="0">
  <testcase name="testContactQuickCreate" time="5.115" classname="contactTestCases.VerifyContactCreation"/>
  <testcase name="testCreateContactionBySearch" time="3.161" classname="contactTestCases.VerifyContactCreation"/>
  <testcase name="testCreateContactWithoutProfileSearch" time="3.319" classname="contactTestCases.VerifyContactCreation"/>
  <testcase name="testCreateContactWithoutAnyfields" time="0.713" classname="contactTestCases.VerifyContactCreation"/>
  <testcase name="testUpdateContact" time="6.27" classname="contactTestCases.VerifyContactCreation"/>
  <testcase name="testSingleContactDeletion" time="6.385" classname="contactTestCases.VerifyContactCreation"/>
</testsuite> <!-- Test -->
