<?xml version="1.0" encoding="UTF-8"?>
<!-- Generated by org.testng.reporters.JUnitXMLReporter -->
<testsuite hostname="LAPTOP-1D78PSH8" name="Test" tests="20" failures="0" timestamp="19 Jul 2017 10:28:34 GMT" time="354.68" errors="0">
  <testcase name="testMoveToTrashGmail" time="15.211" classname="iriiisMailTestCases.VerifyTashIRIIIS"/>
  <testcase name="testMovetoInboxOfTrashEmailGmail" time="3.396" classname="iriiisMailTestCases.VerifyTashIRIIIS"/>
  <testcase name="testBatchMoveToTrashGmail" time="8.124" classname="iriiisMailTestCases.VerifyTashIRIIIS"/>
  <testcase name="testBatchMovetoInboxOfTrashGmail" time="7.323" classname="iriiisMailTestCases.VerifyTashIRIIIS"/>
  <testcase name="testDeleteForeverGmail" time="4.651" classname="iriiisMailTestCases.VerifyTashIRIIIS"/>
  <testcase name="testMarkAsUnreadGmail" time="19.541" classname="iriiisMailTestCases.VerifyReadUnreadIRIIIS"/>
  <testcase name="testBatchReadGmail" time="13.598" classname="iriiisMailTestCases.VerifyReadUnreadIRIIIS"/>
  <testcase name="testBatchUnreadGmail" time="13.199" classname="iriiisMailTestCases.VerifyReadUnreadIRIIIS"/>
  <testcase name="testMoveToSpamGmail" time="15.188" classname="iriiisMailTestCases.VerifySpamIRIIIS"/>
  <testcase name="testMarkAsNotSpamGMail" time="2.734" classname="iriiisMailTestCases.VerifySpamIRIIIS"/>
  <testcase name="testBatchMovetoSpamGmail" time="7.691" classname="iriiisMailTestCases.VerifySpamIRIIIS"/>
  <testcase name="testBatchMovetoInboxOfSpamGmail" time="7.548" classname="iriiisMailTestCases.VerifySpamIRIIIS"/>
  <testcase name="testTagToTopicGmail" time="21.059" classname="iriiisMailTestCases.VerifyTagToTopicIRIIIS"/>
  <testcase name="testBatchTagToTopicGmail" time="13.114" classname="iriiisMailTestCases.VerifyTagToTopicIRIIIS"/>
  <testcase name="testVerifySendingEmailGmail" time="23.566" classname="iriiisMailTestCases.VerifySendingEmailAndProcessingIRIIIS"/>
  <testcase name="testProcessingEmailGMail" time="5.62" classname="iriiisMailTestCases.VerifySendingEmailAndProcessingIRIIIS"/>
  <testcase name="testUnProcessingEmailGMail" time="3.591" classname="iriiisMailTestCases.VerifySendingEmailAndProcessingIRIIIS"/>
  <testcase name="testBatchProcessingEmailGMail" time="9.554" classname="iriiisMailTestCases.VerifySendingEmailAndProcessingIRIIIS"/>
  <testcase name="testBatchUnProcessingEmailGMail" time="8.698" classname="iriiisMailTestCases.VerifySendingEmailAndProcessingIRIIIS"/>
  <testcase name="testMoveToSpamGmail" time="23.615" classname="iriiisMailTestCases.VerifySharingIRIIIS"/>
</testsuite> <!-- Test -->
