<?xml version="1.0" encoding="UTF-8"?>
<!-- Generated by org.testng.reporters.JUnitXMLReporter -->
<testsuite hostname="LAPTOP-1D78PSH8" name="Test" tests="20" failures="1" timestamp="19 Jul 2017 11:28:07 GMT" time="344.582" errors="0">
  <testcase name="testMoveToTrashAllAccount" time="5.873" classname="IntegratedMailViewTestCases.VerifyTashAllAccount"/>
  <testcase name="testMovetoInboxOfTrashEmailAllAccount" time="3.715" classname="IntegratedMailViewTestCases.VerifyTashAllAccount"/>
  <testcase name="testBatchMoveToTrashAllAccount" time="13.837" classname="IntegratedMailViewTestCases.VerifyTashAllAccount"/>
  <testcase name="testBatchMovetoInboxOfTrashAllAccount" time="15.037" classname="IntegratedMailViewTestCases.VerifyTashAllAccount"/>
  <testcase name="testDeleteForeverAllAccount" time="9.705" classname="IntegratedMailViewTestCases.VerifyTashAllAccount"/>
  <testcase name="testShareToTopicAllAccount" time="11.588" classname="IntegratedMailViewTestCases.VerifySharingAllAccount"/>
  <testcase name="testMoveToSpamAllAccount" time="5.561" classname="IntegratedMailViewTestCases.VerifySpamAllAccount"/>
  <testcase name="testMarkAsNotSpamAllAccount" time="3.851" classname="IntegratedMailViewTestCases.VerifySpamAllAccount"/>
  <testcase name="testBatchMovetoSpamAllAccount" time="14.51" classname="IntegratedMailViewTestCases.VerifySpamAllAccount"/>
  <testcase name="testBatchMovetoInboxOfSpamAllAccount" time="17.994" classname="IntegratedMailViewTestCases.VerifySpamAllAccount"/>
  <testcase name="testVerifySendingEmailAllAccount" time="13.521" classname="IntegratedMailViewTestCases.VerifySendingEmailAndProcessingAllAccount"/>
  <testcase name="testProcessingEmailAllAccount" time="5.475" classname="IntegratedMailViewTestCases.VerifySendingEmailAndProcessingAllAccount"/>
  <testcase name="testUnProcessingEmailAllAccount" time="4.003" classname="IntegratedMailViewTestCases.VerifySendingEmailAndProcessingAllAccount"/>
  <testcase name="testBatchProcessingEmailAllAccount" time="17.147" classname="IntegratedMailViewTestCases.VerifySendingEmailAndProcessingAllAccount"/>
  <testcase name="testBatchUnProcessingEmailAllAccount" time="14.155" classname="IntegratedMailViewTestCases.VerifySendingEmailAndProcessingAllAccount"/>
  <testcase name="testMarkAsUnreadAllAccount" time="9.427" classname="IntegratedMailViewTestCases.VerifyReadUnreadAllAccount"/>
  <testcase name="testBatchReadAllAccount" time="20.479" classname="IntegratedMailViewTestCases.VerifyReadUnreadAllAccount"/>
  <testcase name="testBatchUnreadAllAccount" time="10.57" classname="IntegratedMailViewTestCases.VerifyReadUnreadAllAccount"/>
  <testcase name="testTagToTopicAllAccount" time="10.847" classname="IntegratedMailViewTestCases.VerifyTagToTopicAllAccount"/>
  <testcase name="testBatchTagToTopicAllAccount" time="13.516" classname="IntegratedMailViewTestCases.VerifyTagToTopicAllAccount">
    <failure type="java.lang.AssertionError" message="Batch Tag to Topic got failed expected [true] but found [false]">
      <![CDATA[java.lang.AssertionError: Batch Tag to Topic got failed expected [true] but found [false]
	at emailTestCases.VerifyTagToTopic.testBatchTagToTopic(VerifyTagToTopic.java:133)
	at IntegratedMailViewTestCases.VerifyTagToTopicAllAccount.testBatchTagToTopicAllAccount(VerifyTagToTopicAllAccount.java:27)
... Removed 28 stack frames]]>
    </failure>
  </testcase> <!-- testBatchTagToTopicAllAccount -->
</testsuite> <!-- Test -->
