<?xml version="1.0" encoding="UTF-8"?>
<!-- Generated by org.testng.reporters.JUnitXMLReporter -->
<testsuite hostname="LAPTOP-1D78PSH8" name="Test" tests="6" failures="0" timestamp="18 Jul 2017 10:04:35 GMT" time="43.317" errors="0">
  <testcase name="testContactQuickCreate" time="5.25" classname="contactTestCases.VerifyContactCreation"/>
  <testcase name="testCreateContactionBySearch" time="3.127" classname="contactTestCases.VerifyContactCreation"/>
  <testcase name="testCreateContactWithoutProfileSearch" time="3.222" classname="contactTestCases.VerifyContactCreation"/>
  <testcase name="testCreateContactWithoutAnyfields" time="0.658" classname="contactTestCases.VerifyContactCreation"/>
  <testcase name="testUpdateContact" time="6.154" classname="contactTestCases.VerifyContactCreation"/>
  <testcase name="testSingleContactDeletion" time="6.283" classname="contactTestCases.VerifyContactCreation"/>
</testsuite> <!-- Test -->
