<?xml version="1.0" encoding="UTF-8"?>
<testng-results skipped="0" failed="1" total="20" passed="19">
  <reporter-output>
  </reporter-output>
  <suite name="Suite" duration-ms="274972" started-at="2017-07-14T06:54:07Z" finished-at="2017-07-14T06:58:42Z">
    <groups>
    </groups>
    <test name="Test" duration-ms="274972" started-at="2017-07-14T06:54:07Z" finished-at="2017-07-14T06:58:42Z">
      <class name="testcases.VerifyEmail1">
        <test-method status="PASS" signature="testBrowser()[pri:0, instance:testcases.VerifyEmail1@3d8c7aca]" name="testBrowser" is-config="true" duration-ms="19219" started-at="2017-07-14T12:25:36Z" finished-at="2017-07-14T12:25:55Z">
          <reporter-output>
          </reporter-output>
        </test-method> <!-- testBrowser -->
        <test-method status="PASS" signature="testMoveToSpam()[pri:0, instance:testcases.VerifyEmail1@3d8c7aca]" name="testMoveToSpam" duration-ms="4289" started-at="2017-07-14T12:25:55Z" finished-at="2017-07-14T12:26:00Z">
          <reporter-output>
          </reporter-output>
        </test-method> <!-- testMoveToSpam -->
        <test-method status="PASS" signature="testMarkAsNotSpam()[pri:0, instance:testcases.VerifyEmail1@3d8c7aca]" name="testMarkAsNotSpam" duration-ms="2744" started-at="2017-07-14T12:26:00Z" finished-at="2017-07-14T12:26:02Z">
          <reporter-output>
          </reporter-output>
        </test-method> <!-- testMarkAsNotSpam -->
        <test-method status="PASS" signature="TestBatchMovetoSpamOfEmail()[pri:0, instance:testcases.VerifyEmail1@3d8c7aca]" name="TestBatchMovetoSpamOfEmail" duration-ms="8638" started-at="2017-07-14T12:26:02Z" finished-at="2017-07-14T12:26:11Z">
          <reporter-output>
          </reporter-output>
        </test-method> <!-- TestBatchMovetoSpamOfEmail -->
        <test-method status="PASS" signature="TestBatchMovetoInboxOfSpamEmail()[pri:0, instance:testcases.VerifyEmail1@3d8c7aca]" name="TestBatchMovetoInboxOfSpamEmail" duration-ms="8976" started-at="2017-07-14T12:26:11Z" finished-at="2017-07-14T12:26:20Z">
          <reporter-output>
          </reporter-output>
        </test-method> <!-- TestBatchMovetoInboxOfSpamEmail -->
        <test-method status="PASS" signature="postCondition()[pri:0, instance:testcases.VerifyEmail1@3d8c7aca]" name="postCondition" is-config="true" duration-ms="863" started-at="2017-07-14T12:26:20Z" finished-at="2017-07-14T12:26:21Z">
          <reporter-output>
          </reporter-output>
        </test-method> <!-- postCondition -->
      </class> <!-- testcases.VerifyEmail1 -->
      <class name="testcases.VerifyEmail2">
        <test-method status="PASS" signature="testBrowser()[pri:0, instance:testcases.VerifyEmail2@79698539]" name="testBrowser" is-config="true" duration-ms="18872" started-at="2017-07-14T12:27:53Z" finished-at="2017-07-14T12:28:12Z">
          <reporter-output>
          </reporter-output>
        </test-method> <!-- testBrowser -->
        <test-method status="PASS" signature="testMoveToTrash()[pri:0, instance:testcases.VerifyEmail2@79698539]" name="testMoveToTrash" duration-ms="4343" started-at="2017-07-14T12:28:12Z" finished-at="2017-07-14T12:28:16Z">
          <reporter-output>
          </reporter-output>
        </test-method> <!-- testMoveToTrash -->
        <test-method status="PASS" signature="testMoveToInboxFromTrashListing()[pri:0, instance:testcases.VerifyEmail2@79698539]" name="testMoveToInboxFromTrashListing" duration-ms="3787" started-at="2017-07-14T12:28:16Z" finished-at="2017-07-14T12:28:20Z">
          <reporter-output>
          </reporter-output>
        </test-method> <!-- testMoveToInboxFromTrashListing -->
        <test-method status="PASS" signature="TestBatchMoveToTrash()[pri:0, instance:testcases.VerifyEmail2@79698539]" name="TestBatchMoveToTrash" duration-ms="8364" started-at="2017-07-14T12:28:20Z" finished-at="2017-07-14T12:28:28Z">
          <reporter-output>
          </reporter-output>
        </test-method> <!-- TestBatchMoveToTrash -->
        <test-method status="PASS" signature="TestBatchMovetoInboxOfTrashEmail()[pri:0, instance:testcases.VerifyEmail2@79698539]" name="TestBatchMovetoInboxOfTrashEmail" duration-ms="8294" started-at="2017-07-14T12:28:28Z" finished-at="2017-07-14T12:28:36Z">
          <reporter-output>
          </reporter-output>
        </test-method> <!-- TestBatchMovetoInboxOfTrashEmail -->
        <test-method status="PASS" signature="TestDeleteForever()[pri:0, instance:testcases.VerifyEmail2@79698539]" name="TestDeleteForever" duration-ms="5067" started-at="2017-07-14T12:28:36Z" finished-at="2017-07-14T12:28:41Z">
          <reporter-output>
          </reporter-output>
        </test-method> <!-- TestDeleteForever -->
        <test-method status="PASS" signature="postCondition()[pri:0, instance:testcases.VerifyEmail2@79698539]" name="postCondition" is-config="true" duration-ms="853" started-at="2017-07-14T12:28:41Z" finished-at="2017-07-14T12:28:42Z">
          <reporter-output>
          </reporter-output>
        </test-method> <!-- postCondition -->
      </class> <!-- testcases.VerifyEmail2 -->
      <class name="testcases.VerifyEmail">
        <test-method status="PASS" signature="testBrowser()[pri:0, instance:testcases.VerifyEmail@6b2fad11]" name="testBrowser" is-config="true" duration-ms="19892" started-at="2017-07-14T12:24:07Z" finished-at="2017-07-14T12:24:27Z">
          <reporter-output>
          </reporter-output>
        </test-method> <!-- testBrowser -->
        <test-method status="PASS" signature="testVerifySendingEmail()[pri:0, instance:testcases.VerifyEmail@6b2fad11]" name="testVerifySendingEmail" duration-ms="12395" started-at="2017-07-14T12:24:27Z" finished-at="2017-07-14T12:24:40Z">
          <reporter-output>
          </reporter-output>
        </test-method> <!-- testVerifySendingEmail -->
        <test-method status="PASS" signature="TestProcessingOfEmail()[pri:0, instance:testcases.VerifyEmail@6b2fad11]" name="TestProcessingOfEmail" duration-ms="4189" started-at="2017-07-14T12:24:40Z" finished-at="2017-07-14T12:24:44Z">
          <reporter-output>
          </reporter-output>
        </test-method> <!-- TestProcessingOfEmail -->
        <test-method status="PASS" signature="TestUnProcessingOfEmail()[pri:0, instance:testcases.VerifyEmail@6b2fad11]" name="TestUnProcessingOfEmail" duration-ms="3242" started-at="2017-07-14T12:24:44Z" finished-at="2017-07-14T12:24:47Z">
          <reporter-output>
          </reporter-output>
        </test-method> <!-- TestUnProcessingOfEmail -->
        <test-method status="PASS" signature="TestBatchProcessingOfEmail()[pri:0, instance:testcases.VerifyEmail@6b2fad11]" name="TestBatchProcessingOfEmail" duration-ms="9870" started-at="2017-07-14T12:24:47Z" finished-at="2017-07-14T12:24:57Z">
          <reporter-output>
          </reporter-output>
        </test-method> <!-- TestBatchProcessingOfEmail -->
        <test-method status="PASS" signature="TestBatchUnProcessingOfEmail()[pri:0, instance:testcases.VerifyEmail@6b2fad11]" name="TestBatchUnProcessingOfEmail" duration-ms="8240" started-at="2017-07-14T12:24:57Z" finished-at="2017-07-14T12:25:05Z">
          <reporter-output>
          </reporter-output>
        </test-method> <!-- TestBatchUnProcessingOfEmail -->
        <test-method status="PASS" signature="postCondition()[pri:0, instance:testcases.VerifyEmail@6b2fad11]" name="postCondition" is-config="true" duration-ms="1047" started-at="2017-07-14T12:25:05Z" finished-at="2017-07-14T12:25:06Z">
          <reporter-output>
          </reporter-output>
        </test-method> <!-- postCondition -->
      </class> <!-- testcases.VerifyEmail -->
      <class name="testcases.VerifyEmail3">
        <test-method status="PASS" signature="testBrowser()[pri:0, instance:testcases.VerifyEmail3@3fb6a447]" name="testBrowser" is-config="true" duration-ms="19169" started-at="2017-07-14T12:27:05Z" finished-at="2017-07-14T12:27:24Z">
          <reporter-output>
          </reporter-output>
        </test-method> <!-- testBrowser -->
        <test-method status="PASS" signature="testMarkAsUnread()[pri:0, instance:testcases.VerifyEmail3@3fb6a447]" name="testMarkAsUnread" duration-ms="9005" started-at="2017-07-14T12:27:24Z" finished-at="2017-07-14T12:27:33Z">
          <reporter-output>
          </reporter-output>
        </test-method> <!-- testMarkAsUnread -->
        <test-method status="PASS" signature="testBatchUnread()[pri:0, instance:testcases.VerifyEmail3@3fb6a447]" name="testBatchUnread" duration-ms="7307" started-at="2017-07-14T12:27:33Z" finished-at="2017-07-14T12:27:40Z">
          <reporter-output>
          </reporter-output>
        </test-method> <!-- testBatchUnread -->
        <test-method status="PASS" signature="testBatchRead()[pri:0, instance:testcases.VerifyEmail3@3fb6a447]" name="testBatchRead" duration-ms="11778" started-at="2017-07-14T12:27:40Z" finished-at="2017-07-14T12:27:52Z">
          <reporter-output>
          </reporter-output>
        </test-method> <!-- testBatchRead -->
        <test-method status="PASS" signature="postCondition()[pri:0, instance:testcases.VerifyEmail3@3fb6a447]" name="postCondition" is-config="true" duration-ms="870" started-at="2017-07-14T12:27:52Z" finished-at="2017-07-14T12:27:53Z">
          <reporter-output>
          </reporter-output>
        </test-method> <!-- postCondition -->
      </class> <!-- testcases.VerifyEmail3 -->
      <class name="testcases.VerifyEmail4">
        <test-method status="PASS" signature="testBrowser()[pri:0, instance:testcases.VerifyEmail4@79b4d0f]" name="testBrowser" is-config="true" duration-ms="19057" started-at="2017-07-14T12:26:21Z" finished-at="2017-07-14T12:26:40Z">
          <reporter-output>
          </reporter-output>
        </test-method> <!-- testBrowser -->
        <test-method status="PASS" signature="testTagToTopic()[pri:0, instance:testcases.VerifyEmail4@79b4d0f]" name="testTagToTopic" duration-ms="10337" started-at="2017-07-14T12:26:40Z" finished-at="2017-07-14T12:26:50Z">
          <reporter-output>
          </reporter-output>
        </test-method> <!-- testTagToTopic -->
        <test-method status="FAIL" signature="testBatchTagToTopic()[pri:0, instance:testcases.VerifyEmail4@79b4d0f]" name="testBatchTagToTopic" duration-ms="13539" started-at="2017-07-14T12:26:50Z" finished-at="2017-07-14T12:27:04Z">
          <exception class="java.lang.AssertionError">
            <message>
              <![CDATA[Batch Tag to Topic got failed expected [true] but found [false]]]>
            </message>
            <full-stacktrace>
              <![CDATA[java.lang.AssertionError: Batch Tag to Topic got failed expected [true] but found [false]
	at org.testng.Assert.fail(Assert.java:94)
	at org.testng.Assert.failNotEquals(Assert.java:494)
	at org.testng.Assert.assertEquals(Assert.java:123)
	at org.testng.Assert.assertEquals(Assert.java:286)
	at testcases.VerifyEmail4.testBatchTagToTopic(VerifyEmail4.java:126)
	at sun.reflect.NativeMethodAccessorImpl.invoke0(Native Method)
	at sun.reflect.NativeMethodAccessorImpl.invoke(NativeMethodAccessorImpl.java:62)
	at sun.reflect.DelegatingMethodAccessorImpl.invoke(DelegatingMethodAccessorImpl.java:43)
	at java.lang.reflect.Method.invoke(Method.java:498)
	at org.testng.internal.MethodInvocationHelper.invokeMethod(MethodInvocationHelper.java:80)
	at org.testng.internal.Invoker.invokeMethod(Invoker.java:714)
	at org.testng.internal.Invoker.invokeTestMethod(Invoker.java:901)
	at org.testng.internal.Invoker.invokeTestMethods(Invoker.java:1231)
	at org.testng.internal.TestMethodWorker.invokeTestMethods(TestMethodWorker.java:127)
	at org.testng.internal.TestMethodWorker.run(TestMethodWorker.java:111)
	at org.testng.TestRunner.privateRun(TestRunner.java:767)
	at org.testng.TestRunner.run(TestRunner.java:617)
	at org.testng.SuiteRunner.runTest(SuiteRunner.java:334)
	at org.testng.SuiteRunner.runSequentially(SuiteRunner.java:329)
	at org.testng.SuiteRunner.privateRun(SuiteRunner.java:291)
	at org.testng.SuiteRunner.run(SuiteRunner.java:240)
	at org.testng.SuiteRunnerWorker.runSuite(SuiteRunnerWorker.java:52)
	at org.testng.SuiteRunnerWorker.run(SuiteRunnerWorker.java:86)
	at org.testng.TestNG.runSuitesSequentially(TestNG.java:1198)
	at org.testng.TestNG.runSuitesLocally(TestNG.java:1123)
	at org.testng.TestNG.run(TestNG.java:1031)
	at org.apache.maven.surefire.testng.TestNGExecutor.run(TestNGExecutor.java:293)
	at org.apache.maven.surefire.testng.TestNGXmlTestSuite.execute(TestNGXmlTestSuite.java:84)
	at org.apache.maven.surefire.testng.TestNGProvider.invoke(TestNGProvider.java:91)
	at org.apache.maven.surefire.booter.ForkedBooter.invokeProviderInSameClassLoader(ForkedBooter.java:200)
	at org.apache.maven.surefire.booter.ForkedBooter.runSuitesInProcess(ForkedBooter.java:153)
	at org.apache.maven.surefire.booter.ForkedBooter.main(ForkedBooter.java:103)
]]>
            </full-stacktrace>
          </exception> <!-- java.lang.AssertionError -->
          <reporter-output>
          </reporter-output>
        </test-method> <!-- testBatchTagToTopic -->
        <test-method status="PASS" signature="postCondition()[pri:0, instance:testcases.VerifyEmail4@79b4d0f]" name="postCondition" is-config="true" duration-ms="853" started-at="2017-07-14T12:27:04Z" finished-at="2017-07-14T12:27:05Z">
          <reporter-output>
          </reporter-output>
        </test-method> <!-- postCondition -->
      </class> <!-- testcases.VerifyEmail4 -->
      <class name="testcases.VerifyEmail5">
        <test-method status="PASS" signature="testBrowser()[pri:0, instance:testcases.VerifyEmail5@73f792cf]" name="testBrowser" is-config="true" duration-ms="18404" started-at="2017-07-14T12:25:06Z" finished-at="2017-07-14T12:25:25Z">
          <reporter-output>
          </reporter-output>
        </test-method> <!-- testBrowser -->
        <test-method status="PASS" signature="testTagToTopic()[pri:0, instance:testcases.VerifyEmail5@73f792cf]" name="testTagToTopic" duration-ms="10593" started-at="2017-07-14T12:25:25Z" finished-at="2017-07-14T12:25:35Z">
          <reporter-output>
          </reporter-output>
        </test-method> <!-- testTagToTopic -->
        <test-method status="PASS" signature="postCondition()[pri:0, instance:testcases.VerifyEmail5@73f792cf]" name="postCondition" is-config="true" duration-ms="839" started-at="2017-07-14T12:25:35Z" finished-at="2017-07-14T12:25:36Z">
          <reporter-output>
          </reporter-output>
        </test-method> <!-- postCondition -->
      </class> <!-- testcases.VerifyEmail5 -->
    </test> <!-- Test -->
  </suite> <!-- Suite -->
</testng-results>
