<?xml version="1.0" encoding="UTF-8"?>
<testsuite name="TestSuite" time="241.789" tests="19" errors="0" skipped="0" failures="1">
  <properties>
[...]
</properties>
  <testcase name="testVerifySendingEmail" classname="testcases.VerifyEmail" time="14.083"/>
  <testcase name="TestProcessingOfEmail" classname="testcases.VerifyEmail" time="4.764"/>
  <testcase name="TestUnProcessingOfEmail" classname="testcases.VerifyEmail" time="4.664"/>
  <testcase name="TestBatchProcessingOfEmail" classname="testcases.VerifyEmail" time="13.077"/>
  <testcase name="TestBatchUnProcessingOfEmail" classname="testcases.VerifyEmail" time="10.685"/>
  <testcase name="testTagToTopic" classname="testcases.VerifyEmail4" time="11.445"/>
  <testcase name="testBatchTagToTopic" classname="testcases.VerifyEmail4" time="14.026"/>
  <testcase name="testMoveToSpam" classname="testcases.VerifyEmail1" time="5.386"/>
  <testcase name="testMarkAsNotSpam" classname="testcases.VerifyEmail1" time="3.354"/>
  <testcase name="TestBatchMovetoSpamOfEmail" classname="testcases.VerifyEmail1" time="11.211"/>
  <testcase name="TestBatchMovetoInboxOfSpamEmail" classname="testcases.VerifyEmail1" time="12.631"/>
  <testcase name="testMarkAsUnread" classname="testcases.VerifyEmail3" time="9.55"/>
  <testcase name="testBatchUnread" classname="testcases.VerifyEmail3" time="9.874"/>
  <testcase name="testBatchRead" classname="testcases.VerifyEmail3" time="13.136"/>
  <testcase name="testMoveToTrash" classname="testcases.VerifyEmail2" time="5.383"/>
  <testcase name="testMoveToInboxFromTrashListing" classname="testcases.VerifyEmail2" time="4.489"/>
  <testcase name="TestBatchMoveToTrash" classname="testcases.VerifyEmail2" time="12.238"/>
  <testcase name="TestBatchMovetoInboxOfTrashEmail" classname="testcases.VerifyEmail2" time="12.844"/>
  <testcase name="TestDeleteForever" classname="testcases.VerifyEmail2" time="68.949">
    <failure message="Expected condition failed: waiting for visibility of all [] (tried for 20 second(s) with 500 MILLISECONDS interval)&#10;Build info: version: &apos;3.4.0&apos;, revision: &apos;unknown&apos;, time: &apos;unknown&apos;&#10;System info: host: &apos;LAPTOP-1D78PSH8&apos;, ip: &apos;192.168.132.2&apos;, os.name: &apos;Windows 10&apos;, os.arch: &apos;amd64&apos;, os.version: &apos;10.0&apos;, java.version: &apos;1.8.0_101&apos;&#10;Driver info: org.openqa.selenium.chrome.ChromeDriver&#10;Capabilities [{applicationCacheEnabled=false, rotatable=false, mobileEmulationEnabled=false, networkConnectionEnabled=false, chrome={chromedriverVersion=2.29.461591 (62ebf098771772160f391d75e589dc567915b233), userDataDir=C:\Users\Praveen\AppData\Local\Temp\scoped_dir5772_4785}, takesHeapSnapshot=true, pageLoadStrategy=normal, databaseEnabled=false, handlesAlerts=true, hasTouchScreen=false, version=59.0.3071.115, platform=XP, browserConnectionEnabled=false, nativeEvents=true, acceptSslCerts=true, locationContextEnabled=true, webStorageEnabled=true, browserName=chrome, takesScreenshot=true, javascriptEnabled=true, cssSelectorsEnabled=true, unexpectedAlertBehaviour=}]&#10;Session ID: 8d69b1ca1710d214b59b31e21d7b6f6d" type="org.openqa.selenium.TimeoutException">org.openqa.selenium.TimeoutException: Expected condition failed: waiting for visibility of all [] (tried for 20 second(s) with 500 MILLISECONDS interval)
Build info: version: '3.4.0', revision: 'unknown', time: 'unknown'
System info: host: 'LAPTOP-1D78PSH8', ip: '192.168.132.2', os.name: 'Windows 10', os.arch: 'amd64', os.version: '10.0', java.version: '1.8.0_101'
Driver info: org.openqa.selenium.chrome.ChromeDriver
Capabilities [{applicationCacheEnabled=false, rotatable=false, mobileEmulationEnabled=false, networkConnectionEnabled=false, chrome={chromedriverVersion=2.29.461591 (62ebf098771772160f391d75e589dc567915b233), userDataDir=C:\Users\Praveen\AppData\Local\Temp\scoped_dir5772_4785}, takesHeapSnapshot=true, pageLoadStrategy=normal, databaseEnabled=false, handlesAlerts=true, hasTouchScreen=false, version=59.0.3071.115, platform=XP, browserConnectionEnabled=false, nativeEvents=true, acceptSslCerts=true, locationContextEnabled=true, webStorageEnabled=true, browserName=chrome, takesScreenshot=true, javascriptEnabled=true, cssSelectorsEnabled=true, unexpectedAlertBehaviour=}]
Session ID: 8d69b1ca1710d214b59b31e21d7b6f6d
	at org.openqa.selenium.support.ui.WebDriverWait.timeoutException(WebDriverWait.java:80)
	at org.openqa.selenium.support.ui.FluentWait.until(FluentWait.java:232)
	at Pages.MailPage.GetemailSubjects(MailPage.java:148)
	at testcases.VerifyEmail2.TestDeleteForever(VerifyEmail2.java:168)
</failure>
    <system-out><![CDATA[sfd
]]></system-out>
  </testcase>
</testsuite>