<?xml version="1.0" encoding="UTF-8"?>
<testng-results skipped="0" failed="0" total="3" passed="3">
  <reporter-output>
  </reporter-output>
  <suite name="Default suite" duration-ms="56932" started-at="2017-08-01T11:25:05Z" finished-at="2017-08-01T11:26:02Z">
    <groups>
    </groups>
    <test name="Default test" duration-ms="56932" started-at="2017-08-01T11:25:05Z" finished-at="2017-08-01T11:26:02Z">
      <class name="contactTestCases.VerifyContactDuplicateContact">
        <test-method status="PASS" signature="testBrowser()[pri:0, instance:contactTestCases.VerifyContactDuplicateContact@3532ec19]" name="testBrowser" is-config="true" duration-ms="16468" started-at="2017-08-01T16:55:05Z" finished-at="2017-08-01T16:55:22Z">
          <reporter-output>
          </reporter-output>
        </test-method> <!-- testBrowser -->
        <test-method status="PASS" signature="testDuplicateContact()[pri:0, instance:contactTestCases.VerifyContactDuplicateContact@3532ec19]" name="testDuplicateContact" duration-ms="7399" started-at="2017-08-01T16:55:22Z" finished-at="2017-08-01T16:55:29Z">
          <reporter-output>
          </reporter-output>
        </test-method> <!-- testDuplicateContact -->
        <test-method status="PASS" signature="testInitiatingContactForOneOnOneChat()[pri:0, instance:contactTestCases.VerifyContactDuplicateContact@3532ec19]" name="testInitiatingContactForOneOnOneChat" duration-ms="1450" started-at="2017-08-01T16:55:29Z" finished-at="2017-08-01T16:55:31Z">
          <reporter-output>
          </reporter-output>
        </test-method> <!-- testInitiatingContactForOneOnOneChat -->
        <test-method status="PASS" signature="testContactRemovalFromGroupWhenContactDeleted()[pri:0, instance:contactTestCases.VerifyContactDuplicateContact@3532ec19]" name="testContactRemovalFromGroupWhenContactDeleted" duration-ms="29970" started-at="2017-08-01T16:55:31Z" finished-at="2017-08-01T16:56:01Z">
          <reporter-output>
          </reporter-output>
        </test-method> <!-- testContactRemovalFromGroupWhenContactDeleted -->
        <test-method status="PASS" signature="postCondition()[pri:0, instance:contactTestCases.VerifyContactDuplicateContact@3532ec19]" name="postCondition" is-config="true" duration-ms="1618" started-at="2017-08-01T16:56:01Z" finished-at="2017-08-01T16:56:02Z">
          <reporter-output>
          </reporter-output>
        </test-method> <!-- postCondition -->
      </class> <!-- contactTestCases.VerifyContactDuplicateContact -->
    </test> <!-- Default test -->
  </suite> <!-- Default suite -->
</testng-results>
