<?xml version="1.0" encoding="UTF-8"?>
<testng-results skipped="0" failed="0" total="2" passed="2">
  <reporter-output>
  </reporter-output>
  <suite name="Default suite" duration-ms="79199" started-at="2017-08-02T11:48:27Z" finished-at="2017-08-02T11:49:47Z">
    <groups>
    </groups>
    <test name="Default test" duration-ms="79199" started-at="2017-08-02T11:48:27Z" finished-at="2017-08-02T11:49:47Z">
      <class name="IriiisDrive.VerifyBatchFileDelete">
        <test-method status="PASS" signature="testBrowser()[pri:0, instance:IriiisDrive.VerifyBatchFileDelete@26653222]" name="testBrowser" is-config="true" duration-ms="17256" started-at="2017-08-02T17:18:27Z" finished-at="2017-08-02T17:18:45Z">
          <reporter-output>
          </reporter-output>
        </test-method> <!-- testBrowser -->
        <test-method status="PASS" signature="VerifyIriiisBatchDelete()[pri:0, instance:IriiisDrive.VerifyBatchFileDelete@26653222]" name="VerifyIriiisBatchDelete" duration-ms="30259" started-at="2017-08-02T17:18:45Z" finished-at="2017-08-02T17:19:15Z">
          <reporter-output>
          </reporter-output>
        </test-method> <!-- VerifyIriiisBatchDelete -->
        <test-method status="PASS" signature="VerifyboxBatchDelete()[pri:0, instance:IriiisDrive.VerifyBatchFileDelete@26653222]" name="VerifyboxBatchDelete" duration-ms="30263" started-at="2017-08-02T17:19:15Z" finished-at="2017-08-02T17:19:45Z">
          <reporter-output>
          </reporter-output>
        </test-method> <!-- VerifyboxBatchDelete -->
        <test-method status="PASS" signature="postCondition()[pri:0, instance:IriiisDrive.VerifyBatchFileDelete@26653222]" name="postCondition" is-config="true" duration-ms="1399" started-at="2017-08-02T17:19:45Z" finished-at="2017-08-02T17:19:47Z">
          <reporter-output>
          </reporter-output>
        </test-method> <!-- postCondition -->
      </class> <!-- IriiisDrive.VerifyBatchFileDelete -->
    </test> <!-- Default test -->
  </suite> <!-- Default suite -->
</testng-results>
