<?xml version="1.0" encoding="UTF-8"?>
<testng-results skipped="0" failed="0" total="1" passed="1">
  <reporter-output>
  </reporter-output>
  <suite name="Default suite" duration-ms="33084" started-at="2017-07-14T06:48:02Z" finished-at="2017-07-14T06:48:35Z">
    <groups>
    </groups>
    <test name="Default test" duration-ms="33084" started-at="2017-07-14T06:48:02Z" finished-at="2017-07-14T06:48:35Z">
      <class name="testcases.VerifyEmail5">
        <test-method status="PASS" signature="testBrowser()[pri:0, instance:testcases.VerifyEmail5@77caeb3e]" name="testBrowser" is-config="true" duration-ms="21177" started-at="2017-07-14T12:18:02Z" finished-at="2017-07-14T12:18:23Z">
          <reporter-output>
          </reporter-output>
        </test-method> <!-- testBrowser -->
        <test-method status="PASS" signature="testTagToTopic()[pri:0, instance:testcases.VerifyEmail5@77caeb3e]" name="testTagToTopic" duration-ms="10865" started-at="2017-07-14T12:18:23Z" finished-at="2017-07-14T12:18:34Z">
          <reporter-output>
          </reporter-output>
        </test-method> <!-- testTagToTopic -->
        <test-method status="PASS" signature="postCondition()[pri:0, instance:testcases.VerifyEmail5@77caeb3e]" name="postCondition" is-config="true" duration-ms="1012" started-at="2017-07-14T12:18:34Z" finished-at="2017-07-14T12:18:35Z">
          <reporter-output>
          </reporter-output>
        </test-method> <!-- postCondition -->
      </class> <!-- testcases.VerifyEmail5 -->
    </test> <!-- Default test -->
  </suite> <!-- Default suite -->
</testng-results>
