<?xml version="1.0" encoding="UTF-8"?>
<testng-results skipped="0" failed="0" total="4" passed="4">
  <reporter-output>
  </reporter-output>
  <suite name="Default suite" duration-ms="106262" started-at="2017-07-21T09:52:01Z" finished-at="2017-07-21T09:53:47Z">
    <groups>
    </groups>
    <test name="Default test" duration-ms="106262" started-at="2017-07-21T09:52:01Z" finished-at="2017-07-21T09:53:47Z">
      <class name="iriiisMailTestCases.VerifyattachandEmails">
        <test-method status="PASS" signature="testBrowser()[pri:0, instance:iriiisMailTestCases.VerifyattachandEmails@68c4039c]" name="testBrowser" is-config="true" duration-ms="18715" started-at="2017-07-21T15:22:01Z" finished-at="2017-07-21T15:22:19Z">
          <reporter-output>
          </reporter-output>
        </test-method> <!-- testBrowser -->
        <test-method status="PASS" signature="VeiryAttachments()[pri:0, instance:iriiisMailTestCases.VerifyattachandEmails@68c4039c]" name="VeiryAttachments" duration-ms="22733" started-at="2017-07-21T15:22:19Z" finished-at="2017-07-21T15:22:42Z">
          <reporter-output>
          </reporter-output>
        </test-method> <!-- VeiryAttachments -->
        <test-method status="PASS" signature="VerifyReplyAttachments()[pri:0, instance:iriiisMailTestCases.VerifyattachandEmails@68c4039c]" name="VerifyReplyAttachments" duration-ms="21186" started-at="2017-07-21T15:22:42Z" finished-at="2017-07-21T15:23:03Z">
          <reporter-output>
          </reporter-output>
        </test-method> <!-- VerifyReplyAttachments -->
        <test-method status="PASS" signature="VerifyForwardAttachments()[pri:0, instance:iriiisMailTestCases.VerifyattachandEmails@68c4039c]" name="VerifyForwardAttachments" duration-ms="22117" started-at="2017-07-21T15:23:03Z" finished-at="2017-07-21T15:23:25Z">
          <reporter-output>
          </reporter-output>
        </test-method> <!-- VerifyForwardAttachments -->
        <test-method status="PASS" signature="VerifyReplyallwithAttachment()[pri:0, instance:iriiisMailTestCases.VerifyattachandEmails@68c4039c]" name="VerifyReplyallwithAttachment" duration-ms="19498" started-at="2017-07-21T15:23:25Z" finished-at="2017-07-21T15:23:45Z">
          <reporter-output>
          </reporter-output>
        </test-method> <!-- VerifyReplyallwithAttachment -->
        <test-method status="PASS" signature="postCondition()[pri:0, instance:iriiisMailTestCases.VerifyattachandEmails@68c4039c]" name="postCondition" is-config="true" duration-ms="1991" started-at="2017-07-21T15:23:45Z" finished-at="2017-07-21T15:23:47Z">
          <reporter-output>
          </reporter-output>
        </test-method> <!-- postCondition -->
      </class> <!-- iriiisMailTestCases.VerifyattachandEmails -->
    </test> <!-- Default test -->
  </suite> <!-- Default suite -->
</testng-results>
