<?xml version="1.0" encoding="UTF-8"?>
<testng-results skipped="0" failed="0" total="1" passed="1">
  <reporter-output>
  </reporter-output>
  <suite name="Default suite" duration-ms="46491" started-at="2017-07-24T12:58:52Z" finished-at="2017-07-24T12:59:39Z">
    <groups>
    </groups>
    <test name="Default test" duration-ms="46491" started-at="2017-07-24T12:58:52Z" finished-at="2017-07-24T12:59:39Z">
      <class name="IriiisDrive.Filetag">
        <test-method status="PASS" signature="testBrowser()[pri:0, instance:IriiisDrive.Filetag@ae45eb6]" name="testBrowser" is-config="true" duration-ms="23908" started-at="2017-07-24T18:28:52Z" finished-at="2017-07-24T18:29:16Z">
          <reporter-output>
          </reporter-output>
        </test-method> <!-- testBrowser -->
        <test-method status="PASS" signature="VerifyIriiisTag()[pri:0, instance:IriiisDrive.Filetag@ae45eb6]" name="VerifyIriiisTag" duration-ms="18259" started-at="2017-07-24T18:29:16Z" finished-at="2017-07-24T18:29:34Z">
          <reporter-output>
          </reporter-output>
        </test-method> <!-- VerifyIriiisTag -->
        <test-method status="PASS" signature="postCondition()[pri:0, instance:IriiisDrive.Filetag@ae45eb6]" name="postCondition" is-config="true" duration-ms="4308" started-at="2017-07-24T18:29:34Z" finished-at="2017-07-24T18:29:39Z">
          <reporter-output>
          </reporter-output>
        </test-method> <!-- postCondition -->
      </class> <!-- IriiisDrive.Filetag -->
    </test> <!-- Default test -->
  </suite> <!-- Default suite -->
</testng-results>
