<?xml version="1.0" encoding="UTF-8"?>
<testng-results skipped="0" failed="0" total="3" passed="3">
  <reporter-output>
  </reporter-output>
  <suite name="Default suite" duration-ms="78156" started-at="2017-08-01T10:42:01Z" finished-at="2017-08-01T10:43:19Z">
    <groups>
    </groups>
    <test name="Default test" duration-ms="78156" started-at="2017-08-01T10:42:01Z" finished-at="2017-08-01T10:43:19Z">
      <class name="IriiisDrive.VerifyTheFileDeletes">
        <test-method status="PASS" signature="testBrowser()[pri:0, instance:IriiisDrive.VerifyTheFileDeletes@68c4039c]" name="testBrowser" is-config="true" duration-ms="15242" started-at="2017-08-01T16:12:01Z" finished-at="2017-08-01T16:12:17Z">
          <reporter-output>
          </reporter-output>
        </test-method> <!-- testBrowser -->
        <test-method status="PASS" signature="VerifyIriiisFileDelete()[pri:0, instance:IriiisDrive.VerifyTheFileDeletes@68c4039c]" name="VerifyIriiisFileDelete" duration-ms="25068" started-at="2017-08-01T16:12:17Z" finished-at="2017-08-01T16:12:42Z">
          <reporter-output>
          </reporter-output>
        </test-method> <!-- VerifyIriiisFileDelete -->
        <test-method status="PASS" signature="VerifyBoxdriveFileDelete()[pri:0, instance:IriiisDrive.VerifyTheFileDeletes@68c4039c]" name="VerifyBoxdriveFileDelete" duration-ms="18249" started-at="2017-08-01T16:12:42Z" depends-on-methods="IriiisDrive.VerifyTheFileDeletes.VerifyIriiisFileDelete" finished-at="2017-08-01T16:13:00Z">
          <reporter-output>
          </reporter-output>
        </test-method> <!-- VerifyBoxdriveFileDelete -->
        <test-method status="PASS" signature="VerifygoogleFileDelete()[pri:0, instance:IriiisDrive.VerifyTheFileDeletes@68c4039c]" name="VerifygoogleFileDelete" duration-ms="18242" started-at="2017-08-01T16:13:00Z" depends-on-methods="IriiisDrive.VerifyTheFileDeletes.VerifyBoxdriveFileDelete" finished-at="2017-08-01T16:13:18Z">
          <reporter-output>
          </reporter-output>
        </test-method> <!-- VerifygoogleFileDelete -->
        <test-method status="PASS" signature="postCondition()[pri:0, instance:IriiisDrive.VerifyTheFileDeletes@68c4039c]" name="postCondition" is-config="true" duration-ms="1331" started-at="2017-08-01T16:13:18Z" finished-at="2017-08-01T16:13:19Z">
          <reporter-output>
          </reporter-output>
        </test-method> <!-- postCondition -->
      </class> <!-- IriiisDrive.VerifyTheFileDeletes -->
    </test> <!-- Default test -->
  </suite> <!-- Default suite -->
</testng-results>
