<?xml version="1.0" encoding="UTF-8"?>
<testng-results skipped="0" failed="0" total="8" passed="8">
  <reporter-output>
  </reporter-output>
  <suite name="Default suite" duration-ms="117436" started-at="2017-08-02T12:12:19Z" finished-at="2017-08-02T12:14:16Z">
    <groups>
    </groups>
    <test name="Default test" duration-ms="117436" started-at="2017-08-02T12:12:19Z" finished-at="2017-08-02T12:14:16Z">
      <class name="contactTestCases.VerifyContactDuplicate">
        <test-method status="PASS" signature="testBrowser()[pri:0, instance:contactTestCases.VerifyContactDuplicate@68c4039c]" name="testBrowser" is-config="true" duration-ms="22333" started-at="2017-08-02T17:42:19Z" finished-at="2017-08-02T17:42:41Z">
          <reporter-output>
          </reporter-output>
        </test-method> <!-- testBrowser -->
        <test-method status="PASS" signature="testDuplicateContact()[pri:0, instance:contactTestCases.VerifyContactDuplicate@68c4039c]" name="testDuplicateContact" duration-ms="2687" started-at="2017-08-02T17:42:41Z" finished-at="2017-08-02T17:42:44Z">
          <reporter-output>
          </reporter-output>
        </test-method> <!-- testDuplicateContact -->
        <test-method status="PASS" signature="testSortByName()[pri:0, instance:contactTestCases.VerifyContactDuplicate@68c4039c]" name="testSortByName" duration-ms="5676" started-at="2017-08-02T17:42:44Z" finished-at="2017-08-02T17:42:50Z">
          <reporter-output>
          </reporter-output>
        </test-method> <!-- testSortByName -->
        <test-method status="PASS" signature="testSortByRecency()[pri:0, instance:contactTestCases.VerifyContactDuplicate@68c4039c]" name="testSortByRecency" duration-ms="6580" started-at="2017-08-02T17:42:50Z" finished-at="2017-08-02T17:42:56Z">
          <reporter-output>
          </reporter-output>
        </test-method> <!-- testSortByRecency -->
        <test-method status="PASS" signature="testExportContact()[pri:0, instance:contactTestCases.VerifyContactDuplicate@68c4039c]" name="testExportContact" duration-ms="8650" started-at="2017-08-02T17:42:56Z" finished-at="2017-08-02T17:43:05Z">
          <reporter-output>
          </reporter-output>
        </test-method> <!-- testExportContact -->
        <test-method status="PASS" signature="testImportCSVContact()[pri:0, instance:contactTestCases.VerifyContactDuplicate@68c4039c]" name="testImportCSVContact" duration-ms="17515" started-at="2017-08-02T17:43:05Z" finished-at="2017-08-02T17:43:22Z">
          <reporter-output>
          </reporter-output>
        </test-method> <!-- testImportCSVContact -->
        <test-method status="PASS" signature="testImportGoogleCSVContact()[pri:0, instance:contactTestCases.VerifyContactDuplicate@68c4039c]" name="testImportGoogleCSVContact" duration-ms="17537" started-at="2017-08-02T17:43:22Z" finished-at="2017-08-02T17:43:40Z">
          <reporter-output>
          </reporter-output>
        </test-method> <!-- testImportGoogleCSVContact -->
        <test-method status="PASS" signature="testImportOutlookCSVContact()[pri:0, instance:contactTestCases.VerifyContactDuplicate@68c4039c]" name="testImportOutlookCSVContact" duration-ms="17368" started-at="2017-08-02T17:43:40Z" finished-at="2017-08-02T17:43:57Z">
          <reporter-output>
          </reporter-output>
        </test-method> <!-- testImportOutlookCSVContact -->
        <test-method status="PASS" signature="testImportVCFContact()[pri:0, instance:contactTestCases.VerifyContactDuplicate@68c4039c]" name="testImportVCFContact" duration-ms="17267" started-at="2017-08-02T17:43:57Z" finished-at="2017-08-02T17:44:14Z">
          <reporter-output>
          </reporter-output>
        </test-method> <!-- testImportVCFContact -->
        <test-method status="PASS" signature="postCondition()[pri:0, instance:contactTestCases.VerifyContactDuplicate@68c4039c]" name="postCondition" is-config="true" duration-ms="1764" started-at="2017-08-02T17:44:14Z" finished-at="2017-08-02T17:44:16Z">
          <reporter-output>
          </reporter-output>
        </test-method> <!-- postCondition -->
      </class> <!-- contactTestCases.VerifyContactDuplicate -->
    </test> <!-- Default test -->
  </suite> <!-- Default suite -->
</testng-results>
