<?xml version="1.0" encoding="UTF-8"?>
<testng-results skipped="4" failed="1" total="6" passed="1">
  <reporter-output>
  </reporter-output>
  <suite name="Default suite" duration-ms="50016" started-at="2017-07-19T09:49:29Z" finished-at="2017-07-19T09:50:19Z">
    <groups>
    </groups>
    <test name="Default test" duration-ms="50016" started-at="2017-07-19T09:49:29Z" finished-at="2017-07-19T09:50:19Z">
      <class name="GmailTestCases.VerifyTashGmail">
        <test-method status="PASS" signature="testBrowser()[pri:0, instance:GmailTestCases.VerifyTashGmail@27efef64]" name="testBrowser" is-config="true" duration-ms="23399" started-at="2017-07-19T15:19:29Z" finished-at="2017-07-19T15:19:53Z">
          <reporter-output>
          </reporter-output>
        </test-method> <!-- testBrowser -->
        <test-method status="PASS" signature="testMoveToTrashGmail()[pri:0, instance:GmailTestCases.VerifyTashGmail@27efef64]" name="testMoveToTrashGmail" duration-ms="19260" started-at="2017-07-19T15:19:53Z" finished-at="2017-07-19T15:20:12Z">
          <reporter-output>
          </reporter-output>
        </test-method> <!-- testMoveToTrashGmail -->
        <test-method status="FAIL" signature="testMovetoInboxOfTrashEmailGmail()[pri:0, instance:GmailTestCases.VerifyTashGmail@27efef64]" name="testMovetoInboxOfTrashEmailGmail" duration-ms="5741" started-at="2017-07-19T15:20:12Z" depends-on-methods="GmailTestCases.VerifyTashGmail.testMoveToTrashGmail" finished-at="2017-07-19T15:20:18Z">
          <exception class="java.lang.AssertionError">
            <message>
              <![CDATA[Email moved to Inbox from Untrash List is unsucessfully expected [true] but found [false]]]>
            </message>
            <full-stacktrace>
              <![CDATA[java.lang.AssertionError: Email moved to Inbox from Untrash List is unsucessfully expected [true] but found [false]
	at org.testng.Assert.fail(Assert.java:94)
	at org.testng.Assert.failNotEquals(Assert.java:494)
	at org.testng.Assert.assertEquals(Assert.java:123)
	at org.testng.Assert.assertEquals(Assert.java:286)
	at emailTestCases.VerifyTrash.testMoveToInboxFromTrashListing(VerifyTrash.java:72)
	at GmailTestCases.VerifyTashGmail.testMovetoInboxOfTrashEmailGmail(VerifyTashGmail.java:57)
	at sun.reflect.NativeMethodAccessorImpl.invoke0(Native Method)
	at sun.reflect.NativeMethodAccessorImpl.invoke(NativeMethodAccessorImpl.java:62)
	at sun.reflect.DelegatingMethodAccessorImpl.invoke(DelegatingMethodAccessorImpl.java:43)
	at java.lang.reflect.Method.invoke(Method.java:498)
	at org.testng.internal.MethodInvocationHelper.invokeMethod(MethodInvocationHelper.java:80)
	at org.testng.internal.Invoker.invokeMethod(Invoker.java:714)
	at org.testng.internal.Invoker.invokeTestMethod(Invoker.java:901)
	at org.testng.internal.Invoker.invokeTestMethods(Invoker.java:1231)
	at org.testng.internal.TestMethodWorker.invokeTestMethods(TestMethodWorker.java:127)
	at org.testng.internal.TestMethodWorker.run(TestMethodWorker.java:111)
	at org.testng.TestRunner.privateRun(TestRunner.java:767)
	at org.testng.TestRunner.run(TestRunner.java:617)
	at org.testng.SuiteRunner.runTest(SuiteRunner.java:334)
	at org.testng.SuiteRunner.runSequentially(SuiteRunner.java:329)
	at org.testng.SuiteRunner.privateRun(SuiteRunner.java:291)
	at org.testng.SuiteRunner.run(SuiteRunner.java:240)
	at org.testng.SuiteRunnerWorker.runSuite(SuiteRunnerWorker.java:52)
	at org.testng.SuiteRunnerWorker.run(SuiteRunnerWorker.java:86)
	at org.testng.TestNG.runSuitesSequentially(TestNG.java:1198)
	at org.testng.TestNG.runSuitesLocally(TestNG.java:1123)
	at org.testng.TestNG.run(TestNG.java:1031)
	at org.testng.remote.AbstractRemoteTestNG.run(AbstractRemoteTestNG.java:132)
	at org.testng.remote.RemoteTestNG.initAndRun(RemoteTestNG.java:230)
	at org.testng.remote.RemoteTestNG.main(RemoteTestNG.java:76)
]]>
            </full-stacktrace>
          </exception> <!-- java.lang.AssertionError -->
          <reporter-output>
          </reporter-output>
        </test-method> <!-- testMovetoInboxOfTrashEmailGmail -->
        <test-method status="SKIP" signature="testBatchMoveToTrashGmail()[pri:0, instance:GmailTestCases.VerifyTashGmail@27efef64]" name="testBatchMoveToTrashGmail" duration-ms="0" started-at="2017-07-19T15:20:18Z" depends-on-methods="GmailTestCases.VerifyTashGmail.testMovetoInboxOfTrashEmailGmail" finished-at="2017-07-19T15:20:18Z">
          <reporter-output>
          </reporter-output>
        </test-method> <!-- testBatchMoveToTrashGmail -->
        <test-method status="SKIP" signature="testBatchMovetoInboxOfTrashGmail()[pri:0, instance:GmailTestCases.VerifyTashGmail@27efef64]" name="testBatchMovetoInboxOfTrashGmail" duration-ms="1" started-at="2017-07-19T15:20:18Z" depends-on-methods="GmailTestCases.VerifyTashGmail.testBatchMoveToTrashGmail" finished-at="2017-07-19T15:20:18Z">
          <reporter-output>
          </reporter-output>
        </test-method> <!-- testBatchMovetoInboxOfTrashGmail -->
        <test-method status="SKIP" signature="testDeleteForeverGmail()[pri:0, instance:GmailTestCases.VerifyTashGmail@27efef64]" name="testDeleteForeverGmail" duration-ms="0" started-at="2017-07-19T15:20:18Z" depends-on-methods="GmailTestCases.VerifyTashGmail.testBatchMovetoInboxOfTrashGmail" finished-at="2017-07-19T15:20:18Z">
          <reporter-output>
          </reporter-output>
        </test-method> <!-- testDeleteForeverGmail -->
        <test-method status="SKIP" signature="testBatchDeleteForeverGmail()[pri:0, instance:GmailTestCases.VerifyTashGmail@27efef64]" name="testBatchDeleteForeverGmail" duration-ms="0" started-at="2017-07-19T15:20:18Z" depends-on-methods="GmailTestCases.VerifyTashGmail.testDeleteForeverGmail" finished-at="2017-07-19T15:20:18Z">
          <reporter-output>
          </reporter-output>
        </test-method> <!-- testBatchDeleteForeverGmail -->
        <test-method status="PASS" signature="postCondition()[pri:0, instance:GmailTestCases.VerifyTashGmail@27efef64]" name="postCondition" is-config="true" duration-ms="1589" started-at="2017-07-19T15:20:18Z" finished-at="2017-07-19T15:20:19Z">
          <reporter-output>
          </reporter-output>
        </test-method> <!-- postCondition -->
      </class> <!-- GmailTestCases.VerifyTashGmail -->
    </test> <!-- Default test -->
  </suite> <!-- Default suite -->
</testng-results>
