<?xml version="1.0" encoding="UTF-8"?>
<testng-results skipped="0" failed="0" total="1" passed="1">
  <reporter-output>
  </reporter-output>
  <suite name="Default suite" duration-ms="44139" started-at="2017-07-31T12:02:09Z" finished-at="2017-07-31T12:02:53Z">
    <groups>
    </groups>
    <test name="Default test" duration-ms="44139" started-at="2017-07-31T12:02:09Z" finished-at="2017-07-31T12:02:53Z">
      <class name="IriiisDrive.VerifyFilesTrashAndUntrash">
        <test-method status="PASS" signature="testBrowser()[pri:0, instance:IriiisDrive.VerifyFilesTrashAndUntrash@3532ec19]" name="testBrowser" is-config="true" duration-ms="20101" started-at="2017-07-31T17:32:09Z" finished-at="2017-07-31T17:32:29Z">
          <reporter-output>
          </reporter-output>
        </test-method> <!-- testBrowser -->
        <test-method status="PASS" signature="VerifyOnedriveFileTrash()[pri:0, instance:IriiisDrive.VerifyFilesTrashAndUntrash@3532ec19]" name="VerifyOnedriveFileTrash" duration-ms="21527" started-at="2017-07-31T17:32:29Z" finished-at="2017-07-31T17:32:50Z">
          <reporter-output>
          </reporter-output>
        </test-method> <!-- VerifyOnedriveFileTrash -->
        <test-method status="PASS" signature="postCondition()[pri:0, instance:IriiisDrive.VerifyFilesTrashAndUntrash@3532ec19]" name="postCondition" is-config="true" duration-ms="2486" started-at="2017-07-31T17:32:50Z" finished-at="2017-07-31T17:32:53Z">
          <reporter-output>
          </reporter-output>
        </test-method> <!-- postCondition -->
      </class> <!-- IriiisDrive.VerifyFilesTrashAndUntrash -->
    </test> <!-- Default test -->
  </suite> <!-- Default suite -->
</testng-results>
