<?xml version="1.0" encoding="UTF-8"?>
<testng-results skipped="20" failed="0" total="20" passed="0">
  <reporter-output>
  </reporter-output>
  <suite name="Suite" duration-ms="8781" started-at="2017-07-19T13:02:03Z" finished-at="2017-07-19T13:02:12Z">
    <groups>
    </groups>
    <test name="Test" duration-ms="8781" started-at="2017-07-19T13:02:03Z" finished-at="2017-07-19T13:02:12Z">
      <class name="IntegratedMailViewTestCases.VerifySpamAllAccount">
        <test-method status="SKIP" signature="testBrowser()[pri:0, instance:IntegratedMailViewTestCases.VerifySpamAllAccount@66a3ffec]" name="testBrowser" is-config="true" duration-ms="0" started-at="2017-07-19T18:32:12Z" finished-at="2017-07-19T18:32:12Z">
          <reporter-output>
          </reporter-output>
        </test-method> <!-- testBrowser -->
        <test-method status="SKIP" signature="testMoveToSpamAllAccount()[pri:0, instance:IntegratedMailViewTestCases.VerifySpamAllAccount@66a3ffec]" name="testMoveToSpamAllAccount" duration-ms="3" started-at="2017-07-19T18:32:12Z" finished-at="2017-07-19T18:32:12Z">
          <reporter-output>
          </reporter-output>
        </test-method> <!-- testMoveToSpamAllAccount -->
        <test-method status="SKIP" signature="testMarkAsNotSpamAllAccount()[pri:0, instance:IntegratedMailViewTestCases.VerifySpamAllAccount@66a3ffec]" name="testMarkAsNotSpamAllAccount" duration-ms="1" started-at="2017-07-19T18:32:12Z" finished-at="2017-07-19T18:32:12Z">
          <reporter-output>
          </reporter-output>
        </test-method> <!-- testMarkAsNotSpamAllAccount -->
        <test-method status="SKIP" signature="testBatchMovetoSpamAllAccount()[pri:0, instance:IntegratedMailViewTestCases.VerifySpamAllAccount@66a3ffec]" name="testBatchMovetoSpamAllAccount" duration-ms="1" started-at="2017-07-19T18:32:12Z" finished-at="2017-07-19T18:32:12Z">
          <reporter-output>
          </reporter-output>
        </test-method> <!-- testBatchMovetoSpamAllAccount -->
        <test-method status="SKIP" signature="testBatchMovetoInboxOfSpamAllAccount()[pri:0, instance:IntegratedMailViewTestCases.VerifySpamAllAccount@66a3ffec]" name="testBatchMovetoInboxOfSpamAllAccount" duration-ms="1" started-at="2017-07-19T18:32:12Z" finished-at="2017-07-19T18:32:12Z">
          <reporter-output>
          </reporter-output>
        </test-method> <!-- testBatchMovetoInboxOfSpamAllAccount -->
        <test-method status="SKIP" signature="postCondition()[pri:0, instance:IntegratedMailViewTestCases.VerifySpamAllAccount@66a3ffec]" name="postCondition" is-config="true" duration-ms="0" started-at="2017-07-19T18:32:12Z" finished-at="2017-07-19T18:32:12Z">
          <reporter-output>
          </reporter-output>
        </test-method> <!-- postCondition -->
      </class> <!-- IntegratedMailViewTestCases.VerifySpamAllAccount -->
      <class name="IntegratedMailViewTestCases.VerifySharingAllAccount">
        <test-method status="SKIP" signature="testBrowser()[pri:0, instance:IntegratedMailViewTestCases.VerifySharingAllAccount@39c0f4a]" name="testBrowser" is-config="true" duration-ms="0" started-at="2017-07-19T18:32:12Z" finished-at="2017-07-19T18:32:12Z">
          <reporter-output>
          </reporter-output>
        </test-method> <!-- testBrowser -->
        <test-method status="SKIP" signature="testShareToTopicAllAccount()[pri:0, instance:IntegratedMailViewTestCases.VerifySharingAllAccount@39c0f4a]" name="testShareToTopicAllAccount" duration-ms="2" started-at="2017-07-19T18:32:12Z" finished-at="2017-07-19T18:32:12Z">
          <reporter-output>
          </reporter-output>
        </test-method> <!-- testShareToTopicAllAccount -->
        <test-method status="SKIP" signature="postCondition()[pri:0, instance:IntegratedMailViewTestCases.VerifySharingAllAccount@39c0f4a]" name="postCondition" is-config="true" duration-ms="0" started-at="2017-07-19T18:32:12Z" finished-at="2017-07-19T18:32:12Z">
          <reporter-output>
          </reporter-output>
        </test-method> <!-- postCondition -->
      </class> <!-- IntegratedMailViewTestCases.VerifySharingAllAccount -->
      <class name="IntegratedMailViewTestCases.VerifyTashAllAccount">
        <test-method status="FAIL" signature="testBrowser()[pri:0, instance:IntegratedMailViewTestCases.VerifyTashAllAccount@4883b407]" name="testBrowser" is-config="true" duration-ms="0" started-at="2017-07-19T18:32:03Z" finished-at="2017-07-19T18:32:03Z">
          <exception class="org.openqa.selenium.WebDriverException">
            <message>
              <![CDATA[unknown error: cannot get automation extension
from chrome not reachable
  (Session info: chrome=59.0.3071.115)
  (Driver info: chromedriver=2.30.477700 (0057494ad8732195794a7b32078424f92a5fce41),platform=Windows NT 10.0.14393 x86_64) (WARNING: The server did not provide any stacktrace information)
Command duration or timeout: 4.04 seconds
Build info: version: '3.4.0', revision: 'unknown', time: 'unknown'
System info: host: 'LAPTOP-1D78PSH8', ip: '192.168.132.2', os.name: 'Windows 10', os.arch: 'amd64', os.version: '10.0', java.version: '1.8.0_101'
Driver info: org.openqa.selenium.chrome.ChromeDriver
Capabilities [{applicationCacheEnabled=false, rotatable=false, mobileEmulationEnabled=false, networkConnectionEnabled=false, chrome={chromedriverVersion=2.30.477700 (0057494ad8732195794a7b32078424f92a5fce41), userDataDir=C:\Users\Praveen\AppData\Local\Temp\scoped_dir10548_2487}, takesHeapSnapshot=true, pageLoadStrategy=normal, databaseEnabled=false, handlesAlerts=true, hasTouchScreen=false, version=59.0.3071.115, platform=XP, browserConnectionEnabled=false, nativeEvents=true, acceptSslCerts=true, locationContextEnabled=true, webStorageEnabled=true, browserName=chrome, takesScreenshot=true, javascriptEnabled=true, cssSelectorsEnabled=true, unexpectedAlertBehaviour=}]
Session ID: 6f2b7f818de20f86b16c73ce459e391a]]>
            </message>
            <full-stacktrace>
              <![CDATA[org.openqa.selenium.WebDriverException: unknown error: cannot get automation extension
from chrome not reachable
  (Session info: chrome=59.0.3071.115)
  (Driver info: chromedriver=2.30.477700 (0057494ad8732195794a7b32078424f92a5fce41),platform=Windows NT 10.0.14393 x86_64) (WARNING: The server did not provide any stacktrace information)
Command duration or timeout: 4.04 seconds
Build info: version: '3.4.0', revision: 'unknown', time: 'unknown'
System info: host: 'LAPTOP-1D78PSH8', ip: '192.168.132.2', os.name: 'Windows 10', os.arch: 'amd64', os.version: '10.0', java.version: '1.8.0_101'
Driver info: org.openqa.selenium.chrome.ChromeDriver
Capabilities [{applicationCacheEnabled=false, rotatable=false, mobileEmulationEnabled=false, networkConnectionEnabled=false, chrome={chromedriverVersion=2.30.477700 (0057494ad8732195794a7b32078424f92a5fce41), userDataDir=C:\Users\Praveen\AppData\Local\Temp\scoped_dir10548_2487}, takesHeapSnapshot=true, pageLoadStrategy=normal, databaseEnabled=false, handlesAlerts=true, hasTouchScreen=false, version=59.0.3071.115, platform=XP, browserConnectionEnabled=false, nativeEvents=true, acceptSslCerts=true, locationContextEnabled=true, webStorageEnabled=true, browserName=chrome, takesScreenshot=true, javascriptEnabled=true, cssSelectorsEnabled=true, unexpectedAlertBehaviour=}]
Session ID: 6f2b7f818de20f86b16c73ce459e391a
	at sun.reflect.NativeConstructorAccessorImpl.newInstance0(Native Method)
	at sun.reflect.NativeConstructorAccessorImpl.newInstance(NativeConstructorAccessorImpl.java:62)
	at sun.reflect.DelegatingConstructorAccessorImpl.newInstance(DelegatingConstructorAccessorImpl.java:45)
	at java.lang.reflect.Constructor.newInstance(Constructor.java:423)
	at org.openqa.selenium.remote.ErrorHandler.createThrowable(ErrorHandler.java:215)
	at org.openqa.selenium.remote.ErrorHandler.throwIfResponseFailed(ErrorHandler.java:167)
	at org.openqa.selenium.remote.RemoteWebDriver.execute(RemoteWebDriver.java:671)
	at org.openqa.selenium.remote.RemoteWebDriver.execute(RemoteWebDriver.java:694)
	at org.openqa.selenium.remote.RemoteWebDriver$RemoteWebDriverOptions$RemoteWindow.maximize(RemoteWebDriver.java:925)
	at Factory.Browserfactory.getbrowser(Browserfactory.java:28)
	at emailTestCases.BaseTest.testBrowser(BaseTest.java:25)
	at sun.reflect.NativeMethodAccessorImpl.invoke0(Native Method)
	at sun.reflect.NativeMethodAccessorImpl.invoke(NativeMethodAccessorImpl.java:62)
	at sun.reflect.DelegatingMethodAccessorImpl.invoke(DelegatingMethodAccessorImpl.java:43)
	at java.lang.reflect.Method.invoke(Method.java:498)
	at org.testng.internal.MethodInvocationHelper.invokeMethod(MethodInvocationHelper.java:80)
	at org.testng.internal.Invoker.invokeConfigurationMethod(Invoker.java:564)
	at org.testng.internal.Invoker.invokeConfigurations(Invoker.java:213)
	at org.testng.internal.Invoker.invokeConfigurations(Invoker.java:138)
	at org.testng.internal.TestMethodWorker.invokeBeforeClassMethods(TestMethodWorker.java:175)
	at org.testng.internal.TestMethodWorker.run(TestMethodWorker.java:107)
	at org.testng.TestRunner.privateRun(TestRunner.java:767)
	at org.testng.TestRunner.run(TestRunner.java:617)
	at org.testng.SuiteRunner.runTest(SuiteRunner.java:334)
	at org.testng.SuiteRunner.runSequentially(SuiteRunner.java:329)
	at org.testng.SuiteRunner.privateRun(SuiteRunner.java:291)
	at org.testng.SuiteRunner.run(SuiteRunner.java:240)
	at org.testng.SuiteRunnerWorker.runSuite(SuiteRunnerWorker.java:52)
	at org.testng.SuiteRunnerWorker.run(SuiteRunnerWorker.java:86)
	at org.testng.TestNG.runSuitesSequentially(TestNG.java:1198)
	at org.testng.TestNG.runSuitesLocally(TestNG.java:1123)
	at org.testng.TestNG.run(TestNG.java:1031)
	at org.testng.remote.AbstractRemoteTestNG.run(AbstractRemoteTestNG.java:132)
	at org.testng.remote.RemoteTestNG.initAndRun(RemoteTestNG.java:230)
	at org.testng.remote.RemoteTestNG.main(RemoteTestNG.java:76)
]]>
            </full-stacktrace>
          </exception> <!-- org.openqa.selenium.WebDriverException -->
          <reporter-output>
          </reporter-output>
        </test-method> <!-- testBrowser -->
        <test-method status="SKIP" signature="testMoveToTrashAllAccount()[pri:0, instance:IntegratedMailViewTestCases.VerifyTashAllAccount@4883b407]" name="testMoveToTrashAllAccount" duration-ms="2" started-at="2017-07-19T18:32:12Z" finished-at="2017-07-19T18:32:12Z">
          <reporter-output>
          </reporter-output>
        </test-method> <!-- testMoveToTrashAllAccount -->
        <test-method status="SKIP" signature="testMovetoInboxOfTrashEmailAllAccount()[pri:0, instance:IntegratedMailViewTestCases.VerifyTashAllAccount@4883b407]" name="testMovetoInboxOfTrashEmailAllAccount" duration-ms="1" started-at="2017-07-19T18:32:12Z" depends-on-methods="IntegratedMailViewTestCases.VerifyTashAllAccount.testMoveToTrashAllAccount" finished-at="2017-07-19T18:32:12Z">
          <reporter-output>
          </reporter-output>
        </test-method> <!-- testMovetoInboxOfTrashEmailAllAccount -->
        <test-method status="SKIP" signature="testBatchMoveToTrashAllAccount()[pri:0, instance:IntegratedMailViewTestCases.VerifyTashAllAccount@4883b407]" name="testBatchMoveToTrashAllAccount" duration-ms="0" started-at="2017-07-19T18:32:12Z" depends-on-methods="IntegratedMailViewTestCases.VerifyTashAllAccount.testMovetoInboxOfTrashEmailAllAccount" finished-at="2017-07-19T18:32:12Z">
          <reporter-output>
          </reporter-output>
        </test-method> <!-- testBatchMoveToTrashAllAccount -->
        <test-method status="SKIP" signature="testBatchMovetoInboxOfTrashAllAccount()[pri:0, instance:IntegratedMailViewTestCases.VerifyTashAllAccount@4883b407]" name="testBatchMovetoInboxOfTrashAllAccount" duration-ms="1" started-at="2017-07-19T18:32:12Z" depends-on-methods="IntegratedMailViewTestCases.VerifyTashAllAccount.testBatchMoveToTrashAllAccount" finished-at="2017-07-19T18:32:12Z">
          <reporter-output>
          </reporter-output>
        </test-method> <!-- testBatchMovetoInboxOfTrashAllAccount -->
        <test-method status="SKIP" signature="testDeleteForeverAllAccount()[pri:0, instance:IntegratedMailViewTestCases.VerifyTashAllAccount@4883b407]" name="testDeleteForeverAllAccount" duration-ms="1" started-at="2017-07-19T18:32:12Z" depends-on-methods="IntegratedMailViewTestCases.VerifyTashAllAccount.testBatchMovetoInboxOfTrashAllAccount" finished-at="2017-07-19T18:32:12Z">
          <reporter-output>
          </reporter-output>
        </test-method> <!-- testDeleteForeverAllAccount -->
        <test-method status="SKIP" signature="postCondition()[pri:0, instance:IntegratedMailViewTestCases.VerifyTashAllAccount@4883b407]" name="postCondition" is-config="true" duration-ms="0" started-at="2017-07-19T18:32:12Z" finished-at="2017-07-19T18:32:12Z">
          <reporter-output>
          </reporter-output>
        </test-method> <!-- postCondition -->
      </class> <!-- IntegratedMailViewTestCases.VerifyTashAllAccount -->
      <class name="IntegratedMailViewTestCases.VerifyTagToTopicAllAccount">
        <test-method status="SKIP" signature="testBrowser()[pri:0, instance:IntegratedMailViewTestCases.VerifyTagToTopicAllAccount@42e26948]" name="testBrowser" is-config="true" duration-ms="0" started-at="2017-07-19T18:32:12Z" finished-at="2017-07-19T18:32:12Z">
          <reporter-output>
          </reporter-output>
        </test-method> <!-- testBrowser -->
        <test-method status="SKIP" signature="testTagToTopicAllAccount()[pri:0, instance:IntegratedMailViewTestCases.VerifyTagToTopicAllAccount@42e26948]" name="testTagToTopicAllAccount" duration-ms="2" started-at="2017-07-19T18:32:12Z" finished-at="2017-07-19T18:32:12Z">
          <reporter-output>
          </reporter-output>
        </test-method> <!-- testTagToTopicAllAccount -->
        <test-method status="SKIP" signature="testBatchTagToTopicAllAccount()[pri:0, instance:IntegratedMailViewTestCases.VerifyTagToTopicAllAccount@42e26948]" name="testBatchTagToTopicAllAccount" duration-ms="0" started-at="2017-07-19T18:32:12Z" depends-on-methods="IntegratedMailViewTestCases.VerifyTagToTopicAllAccount.testTagToTopicAllAccount" finished-at="2017-07-19T18:32:12Z">
          <reporter-output>
          </reporter-output>
        </test-method> <!-- testBatchTagToTopicAllAccount -->
        <test-method status="SKIP" signature="postCondition()[pri:0, instance:IntegratedMailViewTestCases.VerifyTagToTopicAllAccount@42e26948]" name="postCondition" is-config="true" duration-ms="0" started-at="2017-07-19T18:32:12Z" finished-at="2017-07-19T18:32:12Z">
          <reporter-output>
          </reporter-output>
        </test-method> <!-- postCondition -->
      </class> <!-- IntegratedMailViewTestCases.VerifyTagToTopicAllAccount -->
      <class name="IntegratedMailViewTestCases.VerifyReadUnreadAllAccount">
        <test-method status="SKIP" signature="testBrowser()[pri:0, instance:IntegratedMailViewTestCases.VerifyReadUnreadAllAccount@7d9d1a19]" name="testBrowser" is-config="true" duration-ms="0" started-at="2017-07-19T18:32:12Z" finished-at="2017-07-19T18:32:12Z">
          <reporter-output>
          </reporter-output>
        </test-method> <!-- testBrowser -->
        <test-method status="SKIP" signature="testMarkAsUnreadAllAccount()[pri:0, instance:IntegratedMailViewTestCases.VerifyReadUnreadAllAccount@7d9d1a19]" name="testMarkAsUnreadAllAccount" duration-ms="6" started-at="2017-07-19T18:32:12Z" finished-at="2017-07-19T18:32:12Z">
          <reporter-output>
          </reporter-output>
        </test-method> <!-- testMarkAsUnreadAllAccount -->
        <test-method status="SKIP" signature="testBatchReadAllAccount()[pri:0, instance:IntegratedMailViewTestCases.VerifyReadUnreadAllAccount@7d9d1a19]" name="testBatchReadAllAccount" duration-ms="2" started-at="2017-07-19T18:32:12Z" finished-at="2017-07-19T18:32:12Z">
          <reporter-output>
          </reporter-output>
        </test-method> <!-- testBatchReadAllAccount -->
        <test-method status="SKIP" signature="testBatchUnreadAllAccount()[pri:0, instance:IntegratedMailViewTestCases.VerifyReadUnreadAllAccount@7d9d1a19]" name="testBatchUnreadAllAccount" duration-ms="1" started-at="2017-07-19T18:32:12Z" depends-on-methods="IntegratedMailViewTestCases.VerifyReadUnreadAllAccount.testMarkAsUnreadAllAccount" finished-at="2017-07-19T18:32:12Z">
          <reporter-output>
          </reporter-output>
        </test-method> <!-- testBatchUnreadAllAccount -->
        <test-method status="SKIP" signature="postCondition()[pri:0, instance:IntegratedMailViewTestCases.VerifyReadUnreadAllAccount@7d9d1a19]" name="postCondition" is-config="true" duration-ms="0" started-at="2017-07-19T18:32:12Z" finished-at="2017-07-19T18:32:12Z">
          <reporter-output>
          </reporter-output>
        </test-method> <!-- postCondition -->
      </class> <!-- IntegratedMailViewTestCases.VerifyReadUnreadAllAccount -->
      <class name="IntegratedMailViewTestCases.VerifySendingEmailAndProcessingAllAccount">
        <test-method status="SKIP" signature="testBrowser()[pri:0, instance:IntegratedMailViewTestCases.VerifySendingEmailAndProcessingAllAccount@1794d431]" name="testBrowser" is-config="true" duration-ms="0" started-at="2017-07-19T18:32:12Z" finished-at="2017-07-19T18:32:12Z">
          <reporter-output>
          </reporter-output>
        </test-method> <!-- testBrowser -->
        <test-method status="SKIP" signature="testVerifySendingEmailAllAccount()[pri:0, instance:IntegratedMailViewTestCases.VerifySendingEmailAndProcessingAllAccount@1794d431]" name="testVerifySendingEmailAllAccount" duration-ms="2" started-at="2017-07-19T18:32:12Z" finished-at="2017-07-19T18:32:12Z">
          <reporter-output>
          </reporter-output>
        </test-method> <!-- testVerifySendingEmailAllAccount -->
        <test-method status="SKIP" signature="testProcessingEmailAllAccount()[pri:0, instance:IntegratedMailViewTestCases.VerifySendingEmailAndProcessingAllAccount@1794d431]" name="testProcessingEmailAllAccount" duration-ms="2" started-at="2017-07-19T18:32:12Z" finished-at="2017-07-19T18:32:12Z">
          <reporter-output>
          </reporter-output>
        </test-method> <!-- testProcessingEmailAllAccount -->
        <test-method status="SKIP" signature="testUnProcessingEmailAllAccount()[pri:0, instance:IntegratedMailViewTestCases.VerifySendingEmailAndProcessingAllAccount@1794d431]" name="testUnProcessingEmailAllAccount" duration-ms="1" started-at="2017-07-19T18:32:12Z" finished-at="2017-07-19T18:32:12Z">
          <reporter-output>
          </reporter-output>
        </test-method> <!-- testUnProcessingEmailAllAccount -->
        <test-method status="SKIP" signature="testBatchProcessingEmailAllAccount()[pri:0, instance:IntegratedMailViewTestCases.VerifySendingEmailAndProcessingAllAccount@1794d431]" name="testBatchProcessingEmailAllAccount" duration-ms="1" started-at="2017-07-19T18:32:12Z" finished-at="2017-07-19T18:32:12Z">
          <reporter-output>
          </reporter-output>
        </test-method> <!-- testBatchProcessingEmailAllAccount -->
        <test-method status="SKIP" signature="testBatchUnProcessingEmailAllAccount()[pri:0, instance:IntegratedMailViewTestCases.VerifySendingEmailAndProcessingAllAccount@1794d431]" name="testBatchUnProcessingEmailAllAccount" duration-ms="1" started-at="2017-07-19T18:32:12Z" finished-at="2017-07-19T18:32:12Z">
          <reporter-output>
          </reporter-output>
        </test-method> <!-- testBatchUnProcessingEmailAllAccount -->
        <test-method status="SKIP" signature="postCondition()[pri:0, instance:IntegratedMailViewTestCases.VerifySendingEmailAndProcessingAllAccount@1794d431]" name="postCondition" is-config="true" duration-ms="0" started-at="2017-07-19T18:32:12Z" finished-at="2017-07-19T18:32:12Z">
          <reporter-output>
          </reporter-output>
        </test-method> <!-- postCondition -->
      </class> <!-- IntegratedMailViewTestCases.VerifySendingEmailAndProcessingAllAccount -->
    </test> <!-- Test -->
  </suite> <!-- Suite -->
</testng-results>
