<?xml version="1.0" encoding="UTF-8"?>
<testng-results skipped="0" failed="0" total="20" passed="20">
  <reporter-output>
  </reporter-output>
  <suite name="Suite" duration-ms="354680" started-at="2017-07-19T10:22:39Z" finished-at="2017-07-19T10:28:34Z">
    <groups>
    </groups>
    <test name="Test" duration-ms="354680" started-at="2017-07-19T10:22:39Z" finished-at="2017-07-19T10:28:34Z">
      <class name="iriiisMailTestCases.VerifyTashIRIIIS">
        <test-method status="PASS" signature="testBrowser()[pri:0, instance:iriiisMailTestCases.VerifyTashIRIIIS@4883b407]" name="testBrowser" is-config="true" duration-ms="22486" started-at="2017-07-19T15:52:39Z" finished-at="2017-07-19T15:53:01Z">
          <reporter-output>
          </reporter-output>
        </test-method> <!-- testBrowser -->
        <test-method status="PASS" signature="testMoveToTrashGmail()[pri:0, instance:iriiisMailTestCases.VerifyTashIRIIIS@4883b407]" name="testMoveToTrashGmail" duration-ms="15211" started-at="2017-07-19T15:53:01Z" finished-at="2017-07-19T15:53:17Z">
          <reporter-output>
          </reporter-output>
        </test-method> <!-- testMoveToTrashGmail -->
        <test-method status="PASS" signature="testMovetoInboxOfTrashEmailGmail()[pri:0, instance:iriiisMailTestCases.VerifyTashIRIIIS@4883b407]" name="testMovetoInboxOfTrashEmailGmail" duration-ms="3396" started-at="2017-07-19T15:53:17Z" depends-on-methods="iriiisMailTestCases.VerifyTashIRIIIS.testMoveToTrashGmail" finished-at="2017-07-19T15:53:20Z">
          <reporter-output>
          </reporter-output>
        </test-method> <!-- testMovetoInboxOfTrashEmailGmail -->
        <test-method status="PASS" signature="testBatchMoveToTrashGmail()[pri:0, instance:iriiisMailTestCases.VerifyTashIRIIIS@4883b407]" name="testBatchMoveToTrashGmail" duration-ms="8124" started-at="2017-07-19T15:53:20Z" depends-on-methods="iriiisMailTestCases.VerifyTashIRIIIS.testMovetoInboxOfTrashEmailGmail" finished-at="2017-07-19T15:53:28Z">
          <reporter-output>
          </reporter-output>
        </test-method> <!-- testBatchMoveToTrashGmail -->
        <test-method status="PASS" signature="testBatchMovetoInboxOfTrashGmail()[pri:0, instance:iriiisMailTestCases.VerifyTashIRIIIS@4883b407]" name="testBatchMovetoInboxOfTrashGmail" duration-ms="7323" started-at="2017-07-19T15:53:28Z" depends-on-methods="iriiisMailTestCases.VerifyTashIRIIIS.testBatchMoveToTrashGmail" finished-at="2017-07-19T15:53:36Z">
          <reporter-output>
          </reporter-output>
        </test-method> <!-- testBatchMovetoInboxOfTrashGmail -->
        <test-method status="PASS" signature="testDeleteForeverGmail()[pri:0, instance:iriiisMailTestCases.VerifyTashIRIIIS@4883b407]" name="testDeleteForeverGmail" duration-ms="4651" started-at="2017-07-19T15:53:36Z" depends-on-methods="iriiisMailTestCases.VerifyTashIRIIIS.testBatchMovetoInboxOfTrashGmail" finished-at="2017-07-19T15:53:40Z">
          <reporter-output>
          </reporter-output>
        </test-method> <!-- testDeleteForeverGmail -->
        <test-method status="PASS" signature="postCondition()[pri:0, instance:iriiisMailTestCases.VerifyTashIRIIIS@4883b407]" name="postCondition" is-config="true" duration-ms="1579" started-at="2017-07-19T15:53:40Z" finished-at="2017-07-19T15:53:42Z">
          <reporter-output>
          </reporter-output>
        </test-method> <!-- postCondition -->
      </class> <!-- iriiisMailTestCases.VerifyTashIRIIIS -->
      <class name="iriiisMailTestCases.VerifyTagToTopicIRIIIS">
        <test-method status="PASS" signature="testBrowser()[pri:0, instance:iriiisMailTestCases.VerifyTagToTopicIRIIIS@1794d431]" name="testBrowser" is-config="true" duration-ms="18839" started-at="2017-07-19T15:55:43Z" finished-at="2017-07-19T15:56:02Z">
          <reporter-output>
          </reporter-output>
        </test-method> <!-- testBrowser -->
        <test-method status="PASS" signature="testTagToTopicGmail()[pri:0, instance:iriiisMailTestCases.VerifyTagToTopicIRIIIS@1794d431]" name="testTagToTopicGmail" duration-ms="21059" started-at="2017-07-19T15:56:02Z" finished-at="2017-07-19T15:56:23Z">
          <reporter-output>
          </reporter-output>
        </test-method> <!-- testTagToTopicGmail -->
        <test-method status="PASS" signature="testBatchTagToTopicGmail()[pri:0, instance:iriiisMailTestCases.VerifyTagToTopicIRIIIS@1794d431]" name="testBatchTagToTopicGmail" duration-ms="13114" started-at="2017-07-19T15:56:23Z" depends-on-methods="iriiisMailTestCases.VerifyTagToTopicIRIIIS.testTagToTopicGmail" finished-at="2017-07-19T15:56:36Z">
          <reporter-output>
          </reporter-output>
        </test-method> <!-- testBatchTagToTopicGmail -->
        <test-method status="PASS" signature="postCondition()[pri:0, instance:iriiisMailTestCases.VerifyTagToTopicIRIIIS@1794d431]" name="postCondition" is-config="true" duration-ms="1119" started-at="2017-07-19T15:56:36Z" finished-at="2017-07-19T15:56:37Z">
          <reporter-output>
          </reporter-output>
        </test-method> <!-- postCondition -->
      </class> <!-- iriiisMailTestCases.VerifyTagToTopicIRIIIS -->
      <class name="iriiisMailTestCases.VerifySpamIRIIIS">
        <test-method status="PASS" signature="testBrowser()[pri:0, instance:iriiisMailTestCases.VerifySpamIRIIIS@66a3ffec]" name="testBrowser" is-config="true" duration-ms="19099" started-at="2017-07-19T15:54:49Z" finished-at="2017-07-19T15:55:09Z">
          <reporter-output>
          </reporter-output>
        </test-method> <!-- testBrowser -->
        <test-method status="PASS" signature="testMoveToSpamGmail()[pri:0, instance:iriiisMailTestCases.VerifySpamIRIIIS@66a3ffec]" name="testMoveToSpamGmail" duration-ms="15188" started-at="2017-07-19T15:55:09Z" finished-at="2017-07-19T15:55:24Z">
          <reporter-output>
          </reporter-output>
        </test-method> <!-- testMoveToSpamGmail -->
        <test-method status="PASS" signature="testMarkAsNotSpamGMail()[pri:0, instance:iriiisMailTestCases.VerifySpamIRIIIS@66a3ffec]" name="testMarkAsNotSpamGMail" duration-ms="2734" started-at="2017-07-19T15:55:24Z" finished-at="2017-07-19T15:55:26Z">
          <reporter-output>
          </reporter-output>
        </test-method> <!-- testMarkAsNotSpamGMail -->
        <test-method status="PASS" signature="testBatchMovetoSpamGmail()[pri:0, instance:iriiisMailTestCases.VerifySpamIRIIIS@66a3ffec]" name="testBatchMovetoSpamGmail" duration-ms="7691" started-at="2017-07-19T15:55:26Z" finished-at="2017-07-19T15:55:34Z">
          <reporter-output>
          </reporter-output>
        </test-method> <!-- testBatchMovetoSpamGmail -->
        <test-method status="PASS" signature="testBatchMovetoInboxOfSpamGmail()[pri:0, instance:iriiisMailTestCases.VerifySpamIRIIIS@66a3ffec]" name="testBatchMovetoInboxOfSpamGmail" duration-ms="7548" started-at="2017-07-19T15:55:34Z" finished-at="2017-07-19T15:55:42Z">
          <reporter-output>
          </reporter-output>
        </test-method> <!-- testBatchMovetoInboxOfSpamGmail -->
        <test-method status="PASS" signature="postCondition()[pri:0, instance:iriiisMailTestCases.VerifySpamIRIIIS@66a3ffec]" name="postCondition" is-config="true" duration-ms="1089" started-at="2017-07-19T15:55:42Z" finished-at="2017-07-19T15:55:43Z">
          <reporter-output>
          </reporter-output>
        </test-method> <!-- postCondition -->
      </class> <!-- iriiisMailTestCases.VerifySpamIRIIIS -->
      <class name="iriiisMailTestCases.VerifyReadUnreadIRIIIS">
        <test-method status="PASS" signature="testBrowser()[pri:0, instance:iriiisMailTestCases.VerifyReadUnreadIRIIIS@39c0f4a]" name="testBrowser" is-config="true" duration-ms="20309" started-at="2017-07-19T15:53:42Z" finished-at="2017-07-19T15:54:02Z">
          <reporter-output>
          </reporter-output>
        </test-method> <!-- testBrowser -->
        <test-method status="PASS" signature="testMarkAsUnreadGmail()[pri:0, instance:iriiisMailTestCases.VerifyReadUnreadIRIIIS@39c0f4a]" name="testMarkAsUnreadGmail" duration-ms="19541" started-at="2017-07-19T15:54:02Z" finished-at="2017-07-19T15:54:22Z">
          <reporter-output>
          </reporter-output>
        </test-method> <!-- testMarkAsUnreadGmail -->
        <test-method status="PASS" signature="testBatchReadGmail()[pri:0, instance:iriiisMailTestCases.VerifyReadUnreadIRIIIS@39c0f4a]" name="testBatchReadGmail" duration-ms="13598" started-at="2017-07-19T15:54:22Z" finished-at="2017-07-19T15:54:35Z">
          <reporter-output>
          </reporter-output>
        </test-method> <!-- testBatchReadGmail -->
        <test-method status="PASS" signature="testBatchUnreadGmail()[pri:0, instance:iriiisMailTestCases.VerifyReadUnreadIRIIIS@39c0f4a]" name="testBatchUnreadGmail" duration-ms="13199" started-at="2017-07-19T15:54:35Z" depends-on-methods="iriiisMailTestCases.VerifyReadUnreadIRIIIS.testMarkAsUnreadGmail" finished-at="2017-07-19T15:54:48Z">
          <reporter-output>
          </reporter-output>
        </test-method> <!-- testBatchUnreadGmail -->
        <test-method status="PASS" signature="postCondition()[pri:0, instance:iriiisMailTestCases.VerifyReadUnreadIRIIIS@39c0f4a]" name="postCondition" is-config="true" duration-ms="1049" started-at="2017-07-19T15:54:48Z" finished-at="2017-07-19T15:54:49Z">
          <reporter-output>
          </reporter-output>
        </test-method> <!-- postCondition -->
      </class> <!-- iriiisMailTestCases.VerifyReadUnreadIRIIIS -->
      <class name="iriiisMailTestCases.VerifySharingIRIIIS">
        <test-method status="PASS" signature="testBrowser()[pri:0, instance:iriiisMailTestCases.VerifySharingIRIIIS@42e26948]" name="testBrowser" is-config="true" duration-ms="21226" started-at="2017-07-19T15:57:48Z" finished-at="2017-07-19T15:58:09Z">
          <reporter-output>
          </reporter-output>
        </test-method> <!-- testBrowser -->
        <test-method status="PASS" signature="testMoveToSpamGmail()[pri:0, instance:iriiisMailTestCases.VerifySharingIRIIIS@42e26948]" name="testMoveToSpamGmail" duration-ms="23615" started-at="2017-07-19T15:58:09Z" finished-at="2017-07-19T15:58:33Z">
          <reporter-output>
          </reporter-output>
        </test-method> <!-- testMoveToSpamGmail -->
        <test-method status="PASS" signature="postCondition()[pri:0, instance:iriiisMailTestCases.VerifySharingIRIIIS@42e26948]" name="postCondition" is-config="true" duration-ms="978" started-at="2017-07-19T15:58:33Z" finished-at="2017-07-19T15:58:34Z">
          <reporter-output>
          </reporter-output>
        </test-method> <!-- postCondition -->
      </class> <!-- iriiisMailTestCases.VerifySharingIRIIIS -->
      <class name="iriiisMailTestCases.VerifySendingEmailAndProcessingIRIIIS">
        <test-method status="PASS" signature="testBrowser()[pri:0, instance:iriiisMailTestCases.VerifySendingEmailAndProcessingIRIIIS@7d9d1a19]" name="testBrowser" is-config="true" duration-ms="18746" started-at="2017-07-19T15:56:37Z" finished-at="2017-07-19T15:56:56Z">
          <reporter-output>
          </reporter-output>
        </test-method> <!-- testBrowser -->
        <test-method status="PASS" signature="testVerifySendingEmailGmail()[pri:0, instance:iriiisMailTestCases.VerifySendingEmailAndProcessingIRIIIS@7d9d1a19]" name="testVerifySendingEmailGmail" duration-ms="23566" started-at="2017-07-19T15:56:56Z" finished-at="2017-07-19T15:57:19Z">
          <reporter-output>
          </reporter-output>
        </test-method> <!-- testVerifySendingEmailGmail -->
        <test-method status="PASS" signature="testProcessingEmailGMail()[pri:0, instance:iriiisMailTestCases.VerifySendingEmailAndProcessingIRIIIS@7d9d1a19]" name="testProcessingEmailGMail" duration-ms="5620" started-at="2017-07-19T15:57:19Z" finished-at="2017-07-19T15:57:25Z">
          <reporter-output>
          </reporter-output>
        </test-method> <!-- testProcessingEmailGMail -->
        <test-method status="PASS" signature="testUnProcessingEmailGMail()[pri:0, instance:iriiisMailTestCases.VerifySendingEmailAndProcessingIRIIIS@7d9d1a19]" name="testUnProcessingEmailGMail" duration-ms="3591" started-at="2017-07-19T15:57:25Z" finished-at="2017-07-19T15:57:28Z">
          <reporter-output>
          </reporter-output>
        </test-method> <!-- testUnProcessingEmailGMail -->
        <test-method status="PASS" signature="testBatchProcessingEmailGMail()[pri:0, instance:iriiisMailTestCases.VerifySendingEmailAndProcessingIRIIIS@7d9d1a19]" name="testBatchProcessingEmailGMail" duration-ms="9554" started-at="2017-07-19T15:57:28Z" finished-at="2017-07-19T15:57:38Z">
          <reporter-output>
          </reporter-output>
        </test-method> <!-- testBatchProcessingEmailGMail -->
        <test-method status="PASS" signature="testBatchUnProcessingEmailGMail()[pri:0, instance:iriiisMailTestCases.VerifySendingEmailAndProcessingIRIIIS@7d9d1a19]" name="testBatchUnProcessingEmailGMail" duration-ms="8698" started-at="2017-07-19T15:57:38Z" finished-at="2017-07-19T15:57:47Z">
          <reporter-output>
          </reporter-output>
        </test-method> <!-- testBatchUnProcessingEmailGMail -->
        <test-method status="PASS" signature="postCondition()[pri:0, instance:iriiisMailTestCases.VerifySendingEmailAndProcessingIRIIIS@7d9d1a19]" name="postCondition" is-config="true" duration-ms="1093" started-at="2017-07-19T15:57:47Z" finished-at="2017-07-19T15:57:48Z">
          <reporter-output>
          </reporter-output>
        </test-method> <!-- postCondition -->
      </class> <!-- iriiisMailTestCases.VerifySendingEmailAndProcessingIRIIIS -->
    </test> <!-- Test -->
  </suite> <!-- Suite -->
</testng-results>
