<?xml version="1.0" encoding="UTF-8"?>
<testng-results skipped="0" failed="0" total="4" passed="4">
  <reporter-output>
  </reporter-output>
  <suite name="Default suite" duration-ms="122822" started-at="2017-08-08T10:56:29Z" finished-at="2017-08-08T10:58:32Z">
    <groups>
    </groups>
    <test name="Default test" duration-ms="122822" started-at="2017-08-08T10:56:29Z" finished-at="2017-08-08T10:58:32Z">
      <class name="IriiisDrive.VerifyTheFileUpdatedesc">
        <test-method status="PASS" signature="testBrowser()[pri:0, instance:IriiisDrive.VerifyTheFileUpdatedesc@26653222]" name="testBrowser" is-config="true" duration-ms="17948" started-at="2017-08-08T16:26:29Z" finished-at="2017-08-08T16:26:47Z">
          <reporter-output>
          </reporter-output>
        </test-method> <!-- testBrowser -->
        <test-method status="PASS" signature="VerifyIriiisFileUpdateDesc()[pri:0, instance:IriiisDrive.VerifyTheFileUpdatedesc@26653222]" name="VerifyIriiisFileUpdateDesc" duration-ms="24885" started-at="2017-08-08T16:26:47Z" finished-at="2017-08-08T16:27:12Z">
          <reporter-output>
          </reporter-output>
        </test-method> <!-- VerifyIriiisFileUpdateDesc -->
        <test-method status="PASS" signature="VerifyboxdriveFileUpdateDesc()[pri:0, instance:IriiisDrive.VerifyTheFileUpdatedesc@26653222]" name="VerifyboxdriveFileUpdateDesc" duration-ms="24712" started-at="2017-08-08T16:27:12Z" finished-at="2017-08-08T16:27:37Z">
          <reporter-output>
          </reporter-output>
        </test-method> <!-- VerifyboxdriveFileUpdateDesc -->
        <test-method status="PASS" signature="VerifyDropboxdriveFileUpdateDesc()[pri:0, instance:IriiisDrive.VerifyTheFileUpdatedesc@26653222]" name="VerifyDropboxdriveFileUpdateDesc" duration-ms="24543" started-at="2017-08-08T16:27:37Z" finished-at="2017-08-08T16:28:01Z">
          <reporter-output>
          </reporter-output>
        </test-method> <!-- VerifyDropboxdriveFileUpdateDesc -->
        <test-method status="PASS" signature="VerifyOnedriveFileUpdateDesc()[pri:0, instance:IriiisDrive.VerifyTheFileUpdatedesc@26653222]" name="VerifyOnedriveFileUpdateDesc" duration-ms="24706" started-at="2017-08-08T16:28:01Z" finished-at="2017-08-08T16:28:26Z">
          <reporter-output>
          </reporter-output>
        </test-method> <!-- VerifyOnedriveFileUpdateDesc -->
        <test-method status="PASS" signature="postCondition()[pri:0, instance:IriiisDrive.VerifyTheFileUpdatedesc@26653222]" name="postCondition" is-config="true" duration-ms="6003" started-at="2017-08-08T16:28:26Z" finished-at="2017-08-08T16:28:32Z">
          <reporter-output>
          </reporter-output>
        </test-method> <!-- postCondition -->
      </class> <!-- IriiisDrive.VerifyTheFileUpdatedesc -->
    </test> <!-- Default test -->
  </suite> <!-- Default suite -->
</testng-results>
