<?xml version="1.0" encoding="UTF-8"?>
<testng-results skipped="0" failed="0" total="4" passed="4">
  <reporter-output>
  </reporter-output>
  <suite name="Default suite" duration-ms="63235" started-at="2017-08-01T11:37:28Z" finished-at="2017-08-01T11:38:32Z">
    <groups>
    </groups>
    <test name="Default test" duration-ms="63235" started-at="2017-08-01T11:37:28Z" finished-at="2017-08-01T11:38:32Z">
      <class name="contactTestCases.VerifyContactDuplicateContact">
        <test-method status="PASS" signature="testBrowser()[pri:0, instance:contactTestCases.VerifyContactDuplicateContact@3532ec19]" name="testBrowser" is-config="true" duration-ms="16444" started-at="2017-08-01T17:07:28Z" finished-at="2017-08-01T17:07:45Z">
          <reporter-output>
          </reporter-output>
        </test-method> <!-- testBrowser -->
        <test-method status="PASS" signature="testDuplicateContact()[pri:0, instance:contactTestCases.VerifyContactDuplicateContact@3532ec19]" name="testDuplicateContact" duration-ms="7197" started-at="2017-08-01T17:07:45Z" finished-at="2017-08-01T17:07:52Z">
          <reporter-output>
          </reporter-output>
        </test-method> <!-- testDuplicateContact -->
        <test-method status="PASS" signature="testInitiatingContactForOneOnOneChat()[pri:0, instance:contactTestCases.VerifyContactDuplicateContact@3532ec19]" name="testInitiatingContactForOneOnOneChat" duration-ms="1568" started-at="2017-08-01T17:07:52Z" finished-at="2017-08-01T17:07:54Z">
          <reporter-output>
          </reporter-output>
        </test-method> <!-- testInitiatingContactForOneOnOneChat -->
        <test-method status="PASS" signature="testCreatingContactGroup()[pri:0, instance:contactTestCases.VerifyContactDuplicateContact@3532ec19]" name="testCreatingContactGroup" duration-ms="17098" started-at="2017-08-01T17:07:54Z" finished-at="2017-08-01T17:08:11Z">
          <reporter-output>
          </reporter-output>
        </test-method> <!-- testCreatingContactGroup -->
        <test-method status="PASS" signature="testContactRemovalFromGroupWhenContactDeleted()[pri:0, instance:contactTestCases.VerifyContactDuplicateContact@3532ec19]" name="testContactRemovalFromGroupWhenContactDeleted" duration-ms="19355" started-at="2017-08-01T17:08:11Z" finished-at="2017-08-01T17:08:30Z">
          <reporter-output>
          </reporter-output>
        </test-method> <!-- testContactRemovalFromGroupWhenContactDeleted -->
        <test-method status="PASS" signature="postCondition()[pri:0, instance:contactTestCases.VerifyContactDuplicateContact@3532ec19]" name="postCondition" is-config="true" duration-ms="1544" started-at="2017-08-01T17:08:30Z" finished-at="2017-08-01T17:08:32Z">
          <reporter-output>
          </reporter-output>
        </test-method> <!-- postCondition -->
      </class> <!-- contactTestCases.VerifyContactDuplicateContact -->
    </test> <!-- Default test -->
  </suite> <!-- Default suite -->
</testng-results>
