<?xml version="1.0" encoding="UTF-8"?>
<testng-results skipped="0" failed="0" total="1" passed="1">
  <reporter-output>
  </reporter-output>
  <suite name="Default suite" duration-ms="43403" started-at="2017-08-09T11:27:42Z" finished-at="2017-08-09T11:28:25Z">
    <groups>
    </groups>
    <test name="Default test" duration-ms="43403" started-at="2017-08-09T11:27:42Z" finished-at="2017-08-09T11:28:25Z">
      <class name="IriiisDrive.VerifyDragAndDropFile">
        <test-method status="PASS" signature="testBrowser()[pri:0, instance:IriiisDrive.VerifyDragAndDropFile@26653222]" name="testBrowser" is-config="true" duration-ms="18268" started-at="2017-08-09T16:57:42Z" finished-at="2017-08-09T16:58:00Z">
          <reporter-output>
          </reporter-output>
        </test-method> <!-- testBrowser -->
        <test-method status="PASS" signature="testt()[pri:0, instance:IriiisDrive.VerifyDragAndDropFile@26653222]" name="testt" duration-ms="21492" started-at="2017-08-09T16:58:00Z" finished-at="2017-08-09T16:58:22Z">
          <reporter-output>
          </reporter-output>
        </test-method> <!-- testt -->
        <test-method status="PASS" signature="postCondition()[pri:0, instance:IriiisDrive.VerifyDragAndDropFile@26653222]" name="postCondition" is-config="true" duration-ms="3627" started-at="2017-08-09T16:58:22Z" finished-at="2017-08-09T16:58:25Z">
          <reporter-output>
          </reporter-output>
        </test-method> <!-- postCondition -->
      </class> <!-- IriiisDrive.VerifyDragAndDropFile -->
    </test> <!-- Default test -->
  </suite> <!-- Default suite -->
</testng-results>
