<?xml version="1.0" encoding="UTF-8"?>
<testng-results skipped="5" failed="2" total="67" passed="60">
  <reporter-output>
  </reporter-output>
  <suite name="Suite" duration-ms="968170" started-at="2017-07-25T06:44:00Z" finished-at="2017-07-25T07:00:08Z">
    <groups>
    </groups>
    <test name="Contact" duration-ms="45535" started-at="2017-07-25T06:44:00Z" finished-at="2017-07-25T06:44:45Z">
      <class name="contactTestCases.VerifyContactCreation">
        <test-method status="PASS" signature="testBrowser()[pri:0, instance:contactTestCases.VerifyContactCreation@ae45eb6]" name="testBrowser" is-config="true" duration-ms="19171" started-at="2017-07-25T12:14:00Z" finished-at="2017-07-25T12:14:19Z">
          <reporter-output>
          </reporter-output>
        </test-method> <!-- testBrowser -->
        <test-method status="PASS" signature="testContactQuickCreate()[pri:0, instance:contactTestCases.VerifyContactCreation@ae45eb6]" name="testContactQuickCreate" duration-ms="5142" started-at="2017-07-25T12:14:19Z" finished-at="2017-07-25T12:14:24Z">
          <reporter-output>
          </reporter-output>
        </test-method> <!-- testContactQuickCreate -->
        <test-method status="PASS" signature="testCreateContactionBySearch()[pri:0, instance:contactTestCases.VerifyContactCreation@ae45eb6]" name="testCreateContactionBySearch" duration-ms="2970" started-at="2017-07-25T12:14:24Z" finished-at="2017-07-25T12:14:27Z">
          <reporter-output>
          </reporter-output>
        </test-method> <!-- testCreateContactionBySearch -->
        <test-method status="PASS" signature="testCreateContactWithoutProfileSearch()[pri:0, instance:contactTestCases.VerifyContactCreation@ae45eb6]" name="testCreateContactWithoutProfileSearch" duration-ms="3250" started-at="2017-07-25T12:14:27Z" finished-at="2017-07-25T12:14:30Z">
          <reporter-output>
          </reporter-output>
        </test-method> <!-- testCreateContactWithoutProfileSearch -->
        <test-method status="PASS" signature="testCreateContactWithoutAnyfields()[pri:0, instance:contactTestCases.VerifyContactCreation@ae45eb6]" name="testCreateContactWithoutAnyfields" duration-ms="708" started-at="2017-07-25T12:14:30Z" finished-at="2017-07-25T12:14:31Z">
          <reporter-output>
          </reporter-output>
        </test-method> <!-- testCreateContactWithoutAnyfields -->
        <test-method status="PASS" signature="testUpdateContact()[pri:0, instance:contactTestCases.VerifyContactCreation@ae45eb6]" name="testUpdateContact" duration-ms="6333" started-at="2017-07-25T12:14:31Z" finished-at="2017-07-25T12:14:37Z">
          <reporter-output>
          </reporter-output>
        </test-method> <!-- testUpdateContact -->
        <test-method status="PASS" signature="testSingleContactDeletion()[pri:0, instance:contactTestCases.VerifyContactCreation@ae45eb6]" name="testSingleContactDeletion" duration-ms="6283" started-at="2017-07-25T12:14:37Z" finished-at="2017-07-25T12:14:43Z">
          <reporter-output>
          </reporter-output>
        </test-method> <!-- testSingleContactDeletion -->
        <test-method status="PASS" signature="postCondition()[pri:0, instance:contactTestCases.VerifyContactCreation@ae45eb6]" name="postCondition" is-config="true" duration-ms="1642" started-at="2017-07-25T12:14:43Z" finished-at="2017-07-25T12:14:45Z">
          <reporter-output>
          </reporter-output>
        </test-method> <!-- postCondition -->
      </class> <!-- contactTestCases.VerifyContactCreation -->
    </test> <!-- Contact -->
    <test name="Gmail" duration-ms="335869" started-at="2017-07-25T06:44:45Z" finished-at="2017-07-25T06:50:21Z">
      <class name="GmailTestCases.VerifyTagToTopicGmail">
        <test-method status="PASS" signature="testBrowser()[pri:0, instance:GmailTestCases.VerifyTagToTopicGmail@271053e1]" name="testBrowser" is-config="true" duration-ms="17088" started-at="2017-07-25T12:16:38Z" finished-at="2017-07-25T12:16:55Z">
          <reporter-output>
          </reporter-output>
        </test-method> <!-- testBrowser -->
        <test-method status="FAIL" signature="testTagToTopicGmail()[pri:0, instance:GmailTestCases.VerifyTagToTopicGmail@271053e1]" name="testTagToTopicGmail" duration-ms="23102" started-at="2017-07-25T12:16:55Z" finished-at="2017-07-25T12:17:19Z">
          <exception class="java.lang.AssertionError">
            <message>
              <![CDATA[Tag to Topic got failed expected [true] but found [false]]]>
            </message>
            <full-stacktrace>
              <![CDATA[java.lang.AssertionError: Tag to Topic got failed expected [true] but found [false]
	at org.testng.Assert.fail(Assert.java:94)
	at org.testng.Assert.failNotEquals(Assert.java:494)
	at org.testng.Assert.assertEquals(Assert.java:123)
	at org.testng.Assert.assertEquals(Assert.java:286)
	at emailTestCases.VerifyTagToTopic.testTagToTopic(VerifyTagToTopic.java:68)
	at GmailTestCases.VerifyTagToTopicGmail.testTagToTopicGmail(VerifyTagToTopicGmail.java:52)
	at sun.reflect.NativeMethodAccessorImpl.invoke0(Native Method)
	at sun.reflect.NativeMethodAccessorImpl.invoke(NativeMethodAccessorImpl.java:62)
	at sun.reflect.DelegatingMethodAccessorImpl.invoke(DelegatingMethodAccessorImpl.java:43)
	at java.lang.reflect.Method.invoke(Method.java:498)
	at org.testng.internal.MethodInvocationHelper.invokeMethod(MethodInvocationHelper.java:80)
	at org.testng.internal.Invoker.invokeMethod(Invoker.java:714)
	at org.testng.internal.Invoker.invokeTestMethod(Invoker.java:901)
	at org.testng.internal.Invoker.invokeTestMethods(Invoker.java:1231)
	at org.testng.internal.TestMethodWorker.invokeTestMethods(TestMethodWorker.java:127)
	at org.testng.internal.TestMethodWorker.run(TestMethodWorker.java:111)
	at org.testng.TestRunner.privateRun(TestRunner.java:767)
	at org.testng.TestRunner.run(TestRunner.java:617)
	at org.testng.SuiteRunner.runTest(SuiteRunner.java:334)
	at org.testng.SuiteRunner.runSequentially(SuiteRunner.java:329)
	at org.testng.SuiteRunner.privateRun(SuiteRunner.java:291)
	at org.testng.SuiteRunner.run(SuiteRunner.java:240)
	at org.testng.SuiteRunnerWorker.runSuite(SuiteRunnerWorker.java:52)
	at org.testng.SuiteRunnerWorker.run(SuiteRunnerWorker.java:86)
	at org.testng.TestNG.runSuitesSequentially(TestNG.java:1198)
	at org.testng.TestNG.runSuitesLocally(TestNG.java:1123)
	at org.testng.TestNG.run(TestNG.java:1031)
	at org.testng.remote.AbstractRemoteTestNG.run(AbstractRemoteTestNG.java:132)
	at org.testng.remote.RemoteTestNG.initAndRun(RemoteTestNG.java:230)
	at org.testng.remote.RemoteTestNG.main(RemoteTestNG.java:76)
]]>
            </full-stacktrace>
          </exception> <!-- java.lang.AssertionError -->
          <reporter-output>
          </reporter-output>
        </test-method> <!-- testTagToTopicGmail -->
        <test-method status="SKIP" signature="testBatchTagToTopicGmail()[pri:0, instance:GmailTestCases.VerifyTagToTopicGmail@271053e1]" name="testBatchTagToTopicGmail" duration-ms="0" started-at="2017-07-25T12:17:19Z" depends-on-methods="GmailTestCases.VerifyTagToTopicGmail.testTagToTopicGmail" finished-at="2017-07-25T12:17:19Z">
          <reporter-output>
          </reporter-output>
        </test-method> <!-- testBatchTagToTopicGmail -->
        <test-method status="PASS" signature="postCondition()[pri:0, instance:GmailTestCases.VerifyTagToTopicGmail@271053e1]" name="postCondition" is-config="true" duration-ms="1130" started-at="2017-07-25T12:17:19Z" finished-at="2017-07-25T12:17:20Z">
          <reporter-output>
          </reporter-output>
        </test-method> <!-- postCondition -->
      </class> <!-- GmailTestCases.VerifyTagToTopicGmail -->
      <class name="GmailTestCases.VerifySpamGmail">
        <test-method status="PASS" signature="testBrowser()[pri:0, instance:GmailTestCases.VerifySpamGmail@42dafa95]" name="testBrowser" is-config="true" duration-ms="16672" started-at="2017-07-25T12:15:46Z" finished-at="2017-07-25T12:16:03Z">
          <reporter-output>
          </reporter-output>
        </test-method> <!-- testBrowser -->
        <test-method status="PASS" signature="testMoveToSpamGmail()[pri:0, instance:GmailTestCases.VerifySpamGmail@42dafa95]" name="testMoveToSpamGmail" duration-ms="16892" started-at="2017-07-25T12:16:03Z" finished-at="2017-07-25T12:16:20Z">
          <reporter-output>
          </reporter-output>
        </test-method> <!-- testMoveToSpamGmail -->
        <test-method status="PASS" signature="testMarkAsNotSpamGMail()[pri:0, instance:GmailTestCases.VerifySpamGmail@42dafa95]" name="testMarkAsNotSpamGMail" duration-ms="4503" started-at="2017-07-25T12:16:20Z" finished-at="2017-07-25T12:16:24Z">
          <reporter-output>
          </reporter-output>
        </test-method> <!-- testMarkAsNotSpamGMail -->
        <test-method status="PASS" signature="testBatchMovetoSpamGmail()[pri:0, instance:GmailTestCases.VerifySpamGmail@42dafa95]" name="testBatchMovetoSpamGmail" duration-ms="4975" started-at="2017-07-25T12:16:24Z" finished-at="2017-07-25T12:16:29Z">
          <reporter-output>
          </reporter-output>
        </test-method> <!-- testBatchMovetoSpamGmail -->
        <test-method status="PASS" signature="testBatchMovetoInboxOfSpamGmail()[pri:0, instance:GmailTestCases.VerifySpamGmail@42dafa95]" name="testBatchMovetoInboxOfSpamGmail" duration-ms="8154" started-at="2017-07-25T12:16:29Z" finished-at="2017-07-25T12:16:37Z">
          <reporter-output>
          </reporter-output>
        </test-method> <!-- testBatchMovetoInboxOfSpamGmail -->
        <test-method status="PASS" signature="postCondition()[pri:0, instance:GmailTestCases.VerifySpamGmail@42dafa95]" name="postCondition" is-config="true" duration-ms="1124" started-at="2017-07-25T12:16:37Z" finished-at="2017-07-25T12:16:38Z">
          <reporter-output>
          </reporter-output>
        </test-method> <!-- postCondition -->
      </class> <!-- GmailTestCases.VerifySpamGmail -->
      <class name="GmailTestCases.VerifyReadUnreadGmail">
        <test-method status="PASS" signature="testBrowser()[pri:0, instance:GmailTestCases.VerifyReadUnreadGmail@5f341870]" name="testBrowser" is-config="true" duration-ms="17743" started-at="2017-07-25T12:14:45Z" finished-at="2017-07-25T12:15:03Z">
          <reporter-output>
          </reporter-output>
        </test-method> <!-- testBrowser -->
        <test-method status="PASS" signature="testMarkAsUnreadGmail()[pri:0, instance:GmailTestCases.VerifyReadUnreadGmail@5f341870]" name="testMarkAsUnreadGmail" duration-ms="20789" started-at="2017-07-25T12:15:03Z" finished-at="2017-07-25T12:15:24Z">
          <reporter-output>
          </reporter-output>
        </test-method> <!-- testMarkAsUnreadGmail -->
        <test-method status="PASS" signature="testBatchReadGmail()[pri:0, instance:GmailTestCases.VerifyReadUnreadGmail@5f341870]" name="testBatchReadGmail" duration-ms="14866" started-at="2017-07-25T12:15:24Z" depends-on-methods="GmailTestCases.VerifyReadUnreadGmail.testMarkAsUnreadGmail" finished-at="2017-07-25T12:15:39Z">
          <reporter-output>
          </reporter-output>
        </test-method> <!-- testBatchReadGmail -->
        <test-method status="PASS" signature="testBatchUnreadGmail()[pri:0, instance:GmailTestCases.VerifyReadUnreadGmail@5f341870]" name="testBatchUnreadGmail" duration-ms="6415" started-at="2017-07-25T12:15:39Z" depends-on-methods="GmailTestCases.VerifyReadUnreadGmail.testMarkAsUnreadGmail" finished-at="2017-07-25T12:15:45Z">
          <reporter-output>
          </reporter-output>
        </test-method> <!-- testBatchUnreadGmail -->
        <test-method status="PASS" signature="postCondition()[pri:0, instance:GmailTestCases.VerifyReadUnreadGmail@5f341870]" name="postCondition" is-config="true" duration-ms="1072" started-at="2017-07-25T12:15:45Z" finished-at="2017-07-25T12:15:46Z">
          <reporter-output>
          </reporter-output>
        </test-method> <!-- postCondition -->
      </class> <!-- GmailTestCases.VerifyReadUnreadGmail -->
      <class name="GmailTestCases.VerifyTashGmail">
        <test-method status="PASS" signature="testBrowser()[pri:0, instance:GmailTestCases.VerifyTashGmail@553f17c]" name="testBrowser" is-config="true" duration-ms="16967" started-at="2017-07-25T12:18:03Z" finished-at="2017-07-25T12:18:19Z">
          <reporter-output>
          </reporter-output>
        </test-method> <!-- testBrowser -->
        <test-method status="PASS" signature="testMoveToTrashGmail()[pri:0, instance:GmailTestCases.VerifyTashGmail@553f17c]" name="testMoveToTrashGmail" duration-ms="16998" started-at="2017-07-25T12:18:19Z" finished-at="2017-07-25T12:18:36Z">
          <reporter-output>
          </reporter-output>
        </test-method> <!-- testMoveToTrashGmail -->
        <test-method status="PASS" signature="testMovetoInboxOfTrashEmailGmail()[pri:0, instance:GmailTestCases.VerifyTashGmail@553f17c]" name="testMovetoInboxOfTrashEmailGmail" duration-ms="16060" started-at="2017-07-25T12:18:36Z" depends-on-methods="GmailTestCases.VerifyTashGmail.testMoveToTrashGmail" finished-at="2017-07-25T12:18:53Z">
          <reporter-output>
          </reporter-output>
        </test-method> <!-- testMovetoInboxOfTrashEmailGmail -->
        <test-method status="PASS" signature="testBatchMoveToTrashGmail()[pri:0, instance:GmailTestCases.VerifyTashGmail@553f17c]" name="testBatchMoveToTrashGmail" duration-ms="4845" started-at="2017-07-25T12:18:53Z" depends-on-methods="GmailTestCases.VerifyTashGmail.testMovetoInboxOfTrashEmailGmail" finished-at="2017-07-25T12:18:57Z">
          <reporter-output>
          </reporter-output>
        </test-method> <!-- testBatchMoveToTrashGmail -->
        <test-method status="PASS" signature="testBatchMovetoInboxOfTrashGmail()[pri:0, instance:GmailTestCases.VerifyTashGmail@553f17c]" name="testBatchMovetoInboxOfTrashGmail" duration-ms="6508" started-at="2017-07-25T12:18:57Z" depends-on-methods="GmailTestCases.VerifyTashGmail.testBatchMoveToTrashGmail" finished-at="2017-07-25T12:19:04Z">
          <reporter-output>
          </reporter-output>
        </test-method> <!-- testBatchMovetoInboxOfTrashGmail -->
        <test-method status="PASS" signature="testDeleteForeverGmail()[pri:0, instance:GmailTestCases.VerifyTashGmail@553f17c]" name="testDeleteForeverGmail" duration-ms="10471" started-at="2017-07-25T12:19:04Z" depends-on-methods="GmailTestCases.VerifyTashGmail.testBatchMovetoInboxOfTrashGmail" finished-at="2017-07-25T12:19:14Z">
          <reporter-output>
          </reporter-output>
        </test-method> <!-- testDeleteForeverGmail -->
        <test-method status="PASS" signature="testBatchDeleteForeverGmail()[pri:0, instance:GmailTestCases.VerifyTashGmail@553f17c]" name="testBatchDeleteForeverGmail" duration-ms="1" started-at="2017-07-25T12:19:14Z" depends-on-methods="GmailTestCases.VerifyTashGmail.testDeleteForeverGmail" finished-at="2017-07-25T12:19:14Z">
          <reporter-output>
          </reporter-output>
        </test-method> <!-- testBatchDeleteForeverGmail -->
        <test-method status="PASS" signature="postCondition()[pri:0, instance:GmailTestCases.VerifyTashGmail@553f17c]" name="postCondition" is-config="true" duration-ms="1082" started-at="2017-07-25T12:19:14Z" finished-at="2017-07-25T12:19:15Z">
          <reporter-output>
          </reporter-output>
        </test-method> <!-- postCondition -->
      </class> <!-- GmailTestCases.VerifyTashGmail -->
      <class name="GmailTestCases.VerifySharingGmail">
        <test-method status="PASS" signature="testBrowser()[pri:0, instance:GmailTestCases.VerifySharingGmail@589838eb]" name="testBrowser" is-config="true" duration-ms="17471" started-at="2017-07-25T12:17:20Z" finished-at="2017-07-25T12:17:37Z">
          <reporter-output>
          </reporter-output>
        </test-method> <!-- testBrowser -->
        <test-method status="PASS" signature="testSharingofGmail()[pri:0, instance:GmailTestCases.VerifySharingGmail@589838eb]" name="testSharingofGmail" duration-ms="24261" started-at="2017-07-25T12:17:37Z" finished-at="2017-07-25T12:18:01Z">
          <reporter-output>
          </reporter-output>
        </test-method> <!-- testSharingofGmail -->
        <test-method status="PASS" signature="postCondition()[pri:0, instance:GmailTestCases.VerifySharingGmail@589838eb]" name="postCondition" is-config="true" duration-ms="1147" started-at="2017-07-25T12:18:01Z" finished-at="2017-07-25T12:18:03Z">
          <reporter-output>
          </reporter-output>
        </test-method> <!-- postCondition -->
      </class> <!-- GmailTestCases.VerifySharingGmail -->
      <class name="GmailTestCases.VerifySendingEmailAndProcessingGmail">
        <test-method status="PASS" signature="testBrowser()[pri:0, instance:GmailTestCases.VerifySendingEmailAndProcessingGmail@4f7d0008]" name="testBrowser" is-config="true" duration-ms="17385" started-at="2017-07-25T12:19:15Z" finished-at="2017-07-25T12:19:33Z">
          <reporter-output>
          </reporter-output>
        </test-method> <!-- testBrowser -->
        <test-method status="PASS" signature="testVerifySendingEmailGmail()[pri:0, instance:GmailTestCases.VerifySendingEmailAndProcessingGmail@4f7d0008]" name="testVerifySendingEmailGmail" duration-ms="24245" started-at="2017-07-25T12:19:33Z" finished-at="2017-07-25T12:19:57Z">
          <reporter-output>
          </reporter-output>
        </test-method> <!-- testVerifySendingEmailGmail -->
        <test-method status="PASS" signature="testProcessingEmailGMail()[pri:0, instance:GmailTestCases.VerifySendingEmailAndProcessingGmail@4f7d0008]" name="testProcessingEmailGMail" duration-ms="5191" started-at="2017-07-25T12:19:57Z" finished-at="2017-07-25T12:20:02Z">
          <reporter-output>
          </reporter-output>
        </test-method> <!-- testProcessingEmailGMail -->
        <test-method status="PASS" signature="testUnProcessingEmailGMail()[pri:0, instance:GmailTestCases.VerifySendingEmailAndProcessingGmail@4f7d0008]" name="testUnProcessingEmailGMail" duration-ms="3499" started-at="2017-07-25T12:20:02Z" finished-at="2017-07-25T12:20:06Z">
          <reporter-output>
          </reporter-output>
        </test-method> <!-- testUnProcessingEmailGMail -->
        <test-method status="PASS" signature="testBatchProcessingEmailGMail()[pri:0, instance:GmailTestCases.VerifySendingEmailAndProcessingGmail@4f7d0008]" name="testBatchProcessingEmailGMail" duration-ms="7522" started-at="2017-07-25T12:20:06Z" finished-at="2017-07-25T12:20:13Z">
          <reporter-output>
          </reporter-output>
        </test-method> <!-- testBatchProcessingEmailGMail -->
        <test-method status="PASS" signature="testBatchUnProcessingEmailGMail()[pri:0, instance:GmailTestCases.VerifySendingEmailAndProcessingGmail@4f7d0008]" name="testBatchUnProcessingEmailGMail" duration-ms="6640" started-at="2017-07-25T12:20:13Z" finished-at="2017-07-25T12:20:20Z">
          <reporter-output>
          </reporter-output>
        </test-method> <!-- testBatchUnProcessingEmailGMail -->
        <test-method status="PASS" signature="postCondition()[pri:0, instance:GmailTestCases.VerifySendingEmailAndProcessingGmail@4f7d0008]" name="postCondition" is-config="true" duration-ms="1026" started-at="2017-07-25T12:20:20Z" finished-at="2017-07-25T12:20:21Z">
          <reporter-output>
          </reporter-output>
        </test-method> <!-- postCondition -->
      </class> <!-- GmailTestCases.VerifySendingEmailAndProcessingGmail -->
    </test> <!-- Gmail -->
    <test name="IRIIIS" duration-ms="331960" started-at="2017-07-25T06:50:21Z" finished-at="2017-07-25T06:55:53Z">
      <class name="iriiisMailTestCases.VerifyTashIRIIIS">
        <test-method status="PASS" signature="testBrowser()[pri:0, instance:iriiisMailTestCases.VerifyTashIRIIIS@490ab905]" name="testBrowser" is-config="true" duration-ms="17190" started-at="2017-07-25T12:20:21Z" finished-at="2017-07-25T12:20:38Z">
          <reporter-output>
          </reporter-output>
        </test-method> <!-- testBrowser -->
        <test-method status="PASS" signature="testMoveToTrashIRIIIS()[pri:0, instance:iriiisMailTestCases.VerifyTashIRIIIS@490ab905]" name="testMoveToTrashIRIIIS" duration-ms="15405" started-at="2017-07-25T12:20:38Z" finished-at="2017-07-25T12:20:54Z">
          <reporter-output>
          </reporter-output>
        </test-method> <!-- testMoveToTrashIRIIIS -->
        <test-method status="PASS" signature="testMovetoInboxOfTrashEmailIRIIIS()[pri:0, instance:iriiisMailTestCases.VerifyTashIRIIIS@490ab905]" name="testMovetoInboxOfTrashEmailIRIIIS" duration-ms="18458" started-at="2017-07-25T12:20:54Z" depends-on-methods="iriiisMailTestCases.VerifyTashIRIIIS.testMoveToTrashIRIIIS" finished-at="2017-07-25T12:21:12Z">
          <reporter-output>
          </reporter-output>
        </test-method> <!-- testMovetoInboxOfTrashEmailIRIIIS -->
        <test-method status="PASS" signature="testBatchMoveToTrashIRIIIS()[pri:0, instance:iriiisMailTestCases.VerifyTashIRIIIS@490ab905]" name="testBatchMoveToTrashIRIIIS" duration-ms="4363" started-at="2017-07-25T12:21:12Z" depends-on-methods="iriiisMailTestCases.VerifyTashIRIIIS.testMovetoInboxOfTrashEmailIRIIIS" finished-at="2017-07-25T12:21:16Z">
          <reporter-output>
          </reporter-output>
        </test-method> <!-- testBatchMoveToTrashIRIIIS -->
        <test-method status="PASS" signature="testBatchMovetoInboxOfTrashIRIIIS()[pri:0, instance:iriiisMailTestCases.VerifyTashIRIIIS@490ab905]" name="testBatchMovetoInboxOfTrashIRIIIS" duration-ms="5088" started-at="2017-07-25T12:21:16Z" depends-on-methods="iriiisMailTestCases.VerifyTashIRIIIS.testBatchMoveToTrashIRIIIS" finished-at="2017-07-25T12:21:22Z">
          <reporter-output>
          </reporter-output>
        </test-method> <!-- testBatchMovetoInboxOfTrashIRIIIS -->
        <test-method status="PASS" signature="testDeleteForeverIRIIIS()[pri:0, instance:iriiisMailTestCases.VerifyTashIRIIIS@490ab905]" name="testDeleteForeverIRIIIS" duration-ms="9274" started-at="2017-07-25T12:21:22Z" depends-on-methods="iriiisMailTestCases.VerifyTashIRIIIS.testBatchMovetoInboxOfTrashIRIIIS" finished-at="2017-07-25T12:21:31Z">
          <reporter-output>
          </reporter-output>
        </test-method> <!-- testDeleteForeverIRIIIS -->
        <test-method status="PASS" signature="postCondition()[pri:0, instance:iriiisMailTestCases.VerifyTashIRIIIS@490ab905]" name="postCondition" is-config="true" duration-ms="1116" started-at="2017-07-25T12:21:31Z" finished-at="2017-07-25T12:21:32Z">
          <reporter-output>
          </reporter-output>
        </test-method> <!-- postCondition -->
      </class> <!-- iriiisMailTestCases.VerifyTashIRIIIS -->
      <class name="iriiisMailTestCases.VerifyTagToTopicIRIIIS">
        <test-method status="PASS" signature="testBrowser()[pri:0, instance:iriiisMailTestCases.VerifyTagToTopicIRIIIS@6e06451e]" name="testBrowser" is-config="true" duration-ms="17753" started-at="2017-07-25T12:23:11Z" finished-at="2017-07-25T12:23:28Z">
          <reporter-output>
          </reporter-output>
        </test-method> <!-- testBrowser -->
        <test-method status="PASS" signature="testTagToTopicIRIIIS()[pri:0, instance:iriiisMailTestCases.VerifyTagToTopicIRIIIS@6e06451e]" name="testTagToTopicIRIIIS" duration-ms="21676" started-at="2017-07-25T12:23:28Z" finished-at="2017-07-25T12:23:50Z">
          <reporter-output>
          </reporter-output>
        </test-method> <!-- testTagToTopicIRIIIS -->
        <test-method status="PASS" signature="testBatchTagToTopicIRIIIS()[pri:0, instance:iriiisMailTestCases.VerifyTagToTopicIRIIIS@6e06451e]" name="testBatchTagToTopicIRIIIS" duration-ms="24893" started-at="2017-07-25T12:23:50Z" depends-on-methods="iriiisMailTestCases.VerifyTagToTopicIRIIIS.testTagToTopicIRIIIS" finished-at="2017-07-25T12:24:15Z">
          <reporter-output>
          </reporter-output>
        </test-method> <!-- testBatchTagToTopicIRIIIS -->
        <test-method status="PASS" signature="postCondition()[pri:0, instance:iriiisMailTestCases.VerifyTagToTopicIRIIIS@6e06451e]" name="postCondition" is-config="true" duration-ms="1026" started-at="2017-07-25T12:24:15Z" finished-at="2017-07-25T12:24:16Z">
          <reporter-output>
          </reporter-output>
        </test-method> <!-- postCondition -->
      </class> <!-- iriiisMailTestCases.VerifyTagToTopicIRIIIS -->
      <class name="iriiisMailTestCases.VerifySpamIRIIIS">
        <test-method status="PASS" signature="testBrowser()[pri:0, instance:iriiisMailTestCases.VerifySpamIRIIIS@56ac3a89]" name="testBrowser" is-config="true" duration-ms="16469" started-at="2017-07-25T12:22:25Z" finished-at="2017-07-25T12:22:42Z">
          <reporter-output>
          </reporter-output>
        </test-method> <!-- testBrowser -->
        <test-method status="PASS" signature="testMoveToSpamIRIIIS()[pri:0, instance:iriiisMailTestCases.VerifySpamIRIIIS@56ac3a89]" name="testMoveToSpamIRIIIS" duration-ms="15484" started-at="2017-07-25T12:22:42Z" finished-at="2017-07-25T12:22:57Z">
          <reporter-output>
          </reporter-output>
        </test-method> <!-- testMoveToSpamIRIIIS -->
        <test-method status="PASS" signature="testMarkAsNotSpamIRIIIS()[pri:0, instance:iriiisMailTestCases.VerifySpamIRIIIS@56ac3a89]" name="testMarkAsNotSpamIRIIIS" duration-ms="2926" started-at="2017-07-25T12:22:57Z" finished-at="2017-07-25T12:23:00Z">
          <reporter-output>
          </reporter-output>
        </test-method> <!-- testMarkAsNotSpamIRIIIS -->
        <test-method status="PASS" signature="testBatchMovetoSpamIRIIIS()[pri:0, instance:iriiisMailTestCases.VerifySpamIRIIIS@56ac3a89]" name="testBatchMovetoSpamIRIIIS" duration-ms="4203" started-at="2017-07-25T12:23:00Z" finished-at="2017-07-25T12:23:04Z">
          <reporter-output>
          </reporter-output>
        </test-method> <!-- testBatchMovetoSpamIRIIIS -->
        <test-method status="PASS" signature="testBatchMovetoInboxOfSpamIRIIIS()[pri:0, instance:iriiisMailTestCases.VerifySpamIRIIIS@56ac3a89]" name="testBatchMovetoInboxOfSpamIRIIIS" duration-ms="5234" started-at="2017-07-25T12:23:04Z" finished-at="2017-07-25T12:23:10Z">
          <reporter-output>
          </reporter-output>
        </test-method> <!-- testBatchMovetoInboxOfSpamIRIIIS -->
        <test-method status="PASS" signature="postCondition()[pri:0, instance:iriiisMailTestCases.VerifySpamIRIIIS@56ac3a89]" name="postCondition" is-config="true" duration-ms="1116" started-at="2017-07-25T12:23:10Z" finished-at="2017-07-25T12:23:11Z">
          <reporter-output>
          </reporter-output>
        </test-method> <!-- postCondition -->
      </class> <!-- iriiisMailTestCases.VerifySpamIRIIIS -->
      <class name="iriiisMailTestCases.VerifyReadUnreadIRIIIS">
        <test-method status="PASS" signature="testBrowser()[pri:0, instance:iriiisMailTestCases.VerifyReadUnreadIRIIIS@27c20538]" name="testBrowser" is-config="true" duration-ms="16491" started-at="2017-07-25T12:21:32Z" finished-at="2017-07-25T12:21:48Z">
          <reporter-output>
          </reporter-output>
        </test-method> <!-- testBrowser -->
        <test-method status="PASS" signature="testMarkAsUnreadIRIIIS()[pri:0, instance:iriiisMailTestCases.VerifyReadUnreadIRIIIS@27c20538]" name="testMarkAsUnreadIRIIIS" duration-ms="19881" started-at="2017-07-25T12:21:48Z" finished-at="2017-07-25T12:22:08Z">
          <reporter-output>
          </reporter-output>
        </test-method> <!-- testMarkAsUnreadIRIIIS -->
        <test-method status="PASS" signature="testBatchReadIRIIIS()[pri:0, instance:iriiisMailTestCases.VerifyReadUnreadIRIIIS@27c20538]" name="testBatchReadIRIIIS" duration-ms="5140" started-at="2017-07-25T12:22:08Z" finished-at="2017-07-25T12:22:13Z">
          <reporter-output>
          </reporter-output>
        </test-method> <!-- testBatchReadIRIIIS -->
        <test-method status="PASS" signature="testBatchUnreadIRIIIS()[pri:0, instance:iriiisMailTestCases.VerifyReadUnreadIRIIIS@27c20538]" name="testBatchUnreadIRIIIS" duration-ms="10731" started-at="2017-07-25T12:22:13Z" depends-on-methods="iriiisMailTestCases.VerifyReadUnreadIRIIIS.testMarkAsUnreadIRIIIS" finished-at="2017-07-25T12:22:24Z">
          <reporter-output>
          </reporter-output>
        </test-method> <!-- testBatchUnreadIRIIIS -->
        <test-method status="PASS" signature="postCondition()[pri:0, instance:iriiisMailTestCases.VerifyReadUnreadIRIIIS@27c20538]" name="postCondition" is-config="true" duration-ms="1133" started-at="2017-07-25T12:22:24Z" finished-at="2017-07-25T12:22:25Z">
          <reporter-output>
          </reporter-output>
        </test-method> <!-- postCondition -->
      </class> <!-- iriiisMailTestCases.VerifyReadUnreadIRIIIS -->
      <class name="iriiisMailTestCases.VerifySharingIRIIIS">
        <test-method status="PASS" signature="testBrowser()[pri:0, instance:iriiisMailTestCases.VerifySharingIRIIIS@59494225]" name="testBrowser" is-config="true" duration-ms="16298" started-at="2017-07-25T12:25:14Z" finished-at="2017-07-25T12:25:30Z">
          <reporter-output>
          </reporter-output>
        </test-method> <!-- testBrowser -->
        <test-method status="PASS" signature="testShareToTopicIRIIIS()[pri:0, instance:iriiisMailTestCases.VerifySharingIRIIIS@59494225]" name="testShareToTopicIRIIIS" duration-ms="21809" started-at="2017-07-25T12:25:30Z" finished-at="2017-07-25T12:25:52Z">
          <reporter-output>
          </reporter-output>
        </test-method> <!-- testShareToTopicIRIIIS -->
        <test-method status="PASS" signature="postCondition()[pri:0, instance:iriiisMailTestCases.VerifySharingIRIIIS@59494225]" name="postCondition" is-config="true" duration-ms="1119" started-at="2017-07-25T12:25:52Z" finished-at="2017-07-25T12:25:53Z">
          <reporter-output>
          </reporter-output>
        </test-method> <!-- postCondition -->
      </class> <!-- iriiisMailTestCases.VerifySharingIRIIIS -->
      <class name="iriiisMailTestCases.VerifySendingEmailAndProcessingIRIIIS">
        <test-method status="PASS" signature="testBrowser()[pri:0, instance:iriiisMailTestCases.VerifySendingEmailAndProcessingIRIIIS@72d818d1]" name="testBrowser" is-config="true" duration-ms="16413" started-at="2017-07-25T12:24:16Z" finished-at="2017-07-25T12:24:32Z">
          <reporter-output>
          </reporter-output>
        </test-method> <!-- testBrowser -->
        <test-method status="PASS" signature="testVerifySendingEmailIRIIIS()[pri:0, instance:iriiisMailTestCases.VerifySendingEmailAndProcessingIRIIIS@72d818d1]" name="testVerifySendingEmailIRIIIS" duration-ms="24065" started-at="2017-07-25T12:24:32Z" finished-at="2017-07-25T12:24:57Z">
          <reporter-output>
          </reporter-output>
        </test-method> <!-- testVerifySendingEmailIRIIIS -->
        <test-method status="PASS" signature="testProcessingEmailIRIIIS()[pri:0, instance:iriiisMailTestCases.VerifySendingEmailAndProcessingIRIIIS@72d818d1]" name="testProcessingEmailIRIIIS" duration-ms="4025" started-at="2017-07-25T12:24:57Z" finished-at="2017-07-25T12:25:01Z">
          <reporter-output>
          </reporter-output>
        </test-method> <!-- testProcessingEmailIRIIIS -->
        <test-method status="PASS" signature="testUnProcessingEmailIRIIIS()[pri:0, instance:iriiisMailTestCases.VerifySendingEmailAndProcessingIRIIIS@72d818d1]" name="testUnProcessingEmailIRIIIS" duration-ms="2913" started-at="2017-07-25T12:25:01Z" finished-at="2017-07-25T12:25:03Z">
          <reporter-output>
          </reporter-output>
        </test-method> <!-- testUnProcessingEmailIRIIIS -->
        <test-method status="PASS" signature="testBatchProcessingEmailIRIIIS()[pri:0, instance:iriiisMailTestCases.VerifySendingEmailAndProcessingIRIIIS@72d818d1]" name="testBatchProcessingEmailIRIIIS" duration-ms="4135" started-at="2017-07-25T12:25:03Z" finished-at="2017-07-25T12:25:08Z">
          <reporter-output>
          </reporter-output>
        </test-method> <!-- testBatchProcessingEmailIRIIIS -->
        <test-method status="PASS" signature="testBatchUnProcessingEmailIRIIIS()[pri:0, instance:iriiisMailTestCases.VerifySendingEmailAndProcessingIRIIIS@72d818d1]" name="testBatchUnProcessingEmailIRIIIS" duration-ms="4936" started-at="2017-07-25T12:25:08Z" finished-at="2017-07-25T12:25:13Z">
          <reporter-output>
          </reporter-output>
        </test-method> <!-- testBatchUnProcessingEmailIRIIIS -->
        <test-method status="PASS" signature="postCondition()[pri:0, instance:iriiisMailTestCases.VerifySendingEmailAndProcessingIRIIIS@72d818d1]" name="postCondition" is-config="true" duration-ms="1155" started-at="2017-07-25T12:25:13Z" finished-at="2017-07-25T12:25:14Z">
          <reporter-output>
          </reporter-output>
        </test-method> <!-- postCondition -->
      </class> <!-- iriiisMailTestCases.VerifySendingEmailAndProcessingIRIIIS -->
    </test> <!-- IRIIIS -->
    <test name="All Account" duration-ms="254737" started-at="2017-07-25T06:55:53Z" finished-at="2017-07-25T07:00:08Z">
      <class name="IntegratedMailViewTestCases.VerifySpamAllAccount">
        <test-method status="PASS" signature="testBrowser()[pri:0, instance:IntegratedMailViewTestCases.VerifySpamAllAccount@6adede5]" name="testBrowser" is-config="true" duration-ms="17454" started-at="2017-07-25T12:27:15Z" finished-at="2017-07-25T12:27:32Z">
          <reporter-output>
          </reporter-output>
        </test-method> <!-- testBrowser -->
        <test-method status="PASS" signature="testMoveToSpamAllAccount()[pri:0, instance:IntegratedMailViewTestCases.VerifySpamAllAccount@6adede5]" name="testMoveToSpamAllAccount" duration-ms="5084" started-at="2017-07-25T12:27:32Z" finished-at="2017-07-25T12:27:37Z">
          <reporter-output>
          </reporter-output>
        </test-method> <!-- testMoveToSpamAllAccount -->
        <test-method status="PASS" signature="testMarkAsNotSpamAllAccount()[pri:0, instance:IntegratedMailViewTestCases.VerifySpamAllAccount@6adede5]" name="testMarkAsNotSpamAllAccount" duration-ms="3145" started-at="2017-07-25T12:27:37Z" finished-at="2017-07-25T12:27:40Z">
          <reporter-output>
          </reporter-output>
        </test-method> <!-- testMarkAsNotSpamAllAccount -->
        <test-method status="PASS" signature="testBatchMovetoSpamAllAccount()[pri:0, instance:IntegratedMailViewTestCases.VerifySpamAllAccount@6adede5]" name="testBatchMovetoSpamAllAccount" duration-ms="4367" started-at="2017-07-25T12:27:40Z" finished-at="2017-07-25T12:27:45Z">
          <reporter-output>
          </reporter-output>
        </test-method> <!-- testBatchMovetoSpamAllAccount -->
        <test-method status="PASS" signature="testBatchMovetoInboxOfSpamAllAccount()[pri:0, instance:IntegratedMailViewTestCases.VerifySpamAllAccount@6adede5]" name="testBatchMovetoInboxOfSpamAllAccount" duration-ms="5163" started-at="2017-07-25T12:27:45Z" finished-at="2017-07-25T12:27:50Z">
          <reporter-output>
          </reporter-output>
        </test-method> <!-- testBatchMovetoInboxOfSpamAllAccount -->
        <test-method status="PASS" signature="postCondition()[pri:0, instance:IntegratedMailViewTestCases.VerifySpamAllAccount@6adede5]" name="postCondition" is-config="true" duration-ms="1129" started-at="2017-07-25T12:27:50Z" finished-at="2017-07-25T12:27:51Z">
          <reporter-output>
          </reporter-output>
        </test-method> <!-- postCondition -->
      </class> <!-- IntegratedMailViewTestCases.VerifySpamAllAccount -->
      <class name="IntegratedMailViewTestCases.VerifySharingAllAccount">
        <test-method status="PASS" signature="testBrowser()[pri:0, instance:IntegratedMailViewTestCases.VerifySharingAllAccount@49993335]" name="testBrowser" is-config="true" duration-ms="16804" started-at="2017-07-25T12:26:45Z" finished-at="2017-07-25T12:27:02Z">
          <reporter-output>
          </reporter-output>
        </test-method> <!-- testBrowser -->
        <test-method status="PASS" signature="testShareToTopicAllAccount()[pri:0, instance:IntegratedMailViewTestCases.VerifySharingAllAccount@49993335]" name="testShareToTopicAllAccount" duration-ms="11376" started-at="2017-07-25T12:27:02Z" finished-at="2017-07-25T12:27:14Z">
          <reporter-output>
          </reporter-output>
        </test-method> <!-- testShareToTopicAllAccount -->
        <test-method status="PASS" signature="postCondition()[pri:0, instance:IntegratedMailViewTestCases.VerifySharingAllAccount@49993335]" name="postCondition" is-config="true" duration-ms="1068" started-at="2017-07-25T12:27:14Z" finished-at="2017-07-25T12:27:15Z">
          <reporter-output>
          </reporter-output>
        </test-method> <!-- postCondition -->
      </class> <!-- IntegratedMailViewTestCases.VerifySharingAllAccount -->
      <class name="IntegratedMailViewTestCases.VerifyTashAllAccount">
        <test-method status="PASS" signature="testBrowser()[pri:0, instance:IntegratedMailViewTestCases.VerifyTashAllAccount@5025a98f]" name="testBrowser" is-config="true" duration-ms="16932" started-at="2017-07-25T12:25:53Z" finished-at="2017-07-25T12:26:10Z">
          <reporter-output>
          </reporter-output>
        </test-method> <!-- testBrowser -->
        <test-method status="FAIL" signature="testMoveToTrashAllAccount()[pri:0, instance:IntegratedMailViewTestCases.VerifyTashAllAccount@5025a98f]" name="testMoveToTrashAllAccount" duration-ms="34457" started-at="2017-07-25T12:26:10Z" finished-at="2017-07-25T12:26:44Z">
          <exception class="org.openqa.selenium.TimeoutException">
            <message>
              <![CDATA[Expected condition failed: waiting for visibility of all [] (tried for 20 second(s) with 500 MILLISECONDS interval)
Build info: version: '3.4.0', revision: 'unknown', time: 'unknown'
System info: host: 'LAPTOP-1D78PSH8', ip: '192.168.132.2', os.name: 'Windows 10', os.arch: 'amd64', os.version: '10.0', java.version: '1.8.0_101'
Driver info: org.openqa.selenium.chrome.ChromeDriver
Capabilities [{applicationCacheEnabled=false, rotatable=false, mobileEmulationEnabled=false, networkConnectionEnabled=false, chrome={chromedriverVersion=2.30.477700 (0057494ad8732195794a7b32078424f92a5fce41), userDataDir=C:\Users\Praveen\AppData\Local\Temp\scoped_dir11784_4219}, takesHeapSnapshot=true, pageLoadStrategy=normal, databaseEnabled=false, handlesAlerts=true, hasTouchScreen=false, version=59.0.3071.115, platform=XP, browserConnectionEnabled=false, nativeEvents=true, acceptSslCerts=true, locationContextEnabled=true, webStorageEnabled=true, browserName=chrome, takesScreenshot=true, javascriptEnabled=true, cssSelectorsEnabled=true, unexpectedAlertBehaviour=}]
Session ID: ff49bf47667945262a3b5fb5493980e3]]>
            </message>
            <full-stacktrace>
              <![CDATA[org.openqa.selenium.TimeoutException: Expected condition failed: waiting for visibility of all [] (tried for 20 second(s) with 500 MILLISECONDS interval)
Build info: version: '3.4.0', revision: 'unknown', time: 'unknown'
System info: host: 'LAPTOP-1D78PSH8', ip: '192.168.132.2', os.name: 'Windows 10', os.arch: 'amd64', os.version: '10.0', java.version: '1.8.0_101'
Driver info: org.openqa.selenium.chrome.ChromeDriver
Capabilities [{applicationCacheEnabled=false, rotatable=false, mobileEmulationEnabled=false, networkConnectionEnabled=false, chrome={chromedriverVersion=2.30.477700 (0057494ad8732195794a7b32078424f92a5fce41), userDataDir=C:\Users\Praveen\AppData\Local\Temp\scoped_dir11784_4219}, takesHeapSnapshot=true, pageLoadStrategy=normal, databaseEnabled=false, handlesAlerts=true, hasTouchScreen=false, version=59.0.3071.115, platform=XP, browserConnectionEnabled=false, nativeEvents=true, acceptSslCerts=true, locationContextEnabled=true, webStorageEnabled=true, browserName=chrome, takesScreenshot=true, javascriptEnabled=true, cssSelectorsEnabled=true, unexpectedAlertBehaviour=}]
Session ID: ff49bf47667945262a3b5fb5493980e3
	at org.openqa.selenium.support.ui.WebDriverWait.timeoutException(WebDriverWait.java:80)
	at org.openqa.selenium.support.ui.FluentWait.until(FluentWait.java:232)
	at Pages.MailPage.GetemailSubjects(MailPage.java:180)
	at emailTestCases.VerifyTrash.testMoveToTrash(VerifyTrash.java:33)
	at IntegratedMailViewTestCases.VerifyTashAllAccount.testMoveToTrashAllAccount(VerifyTashAllAccount.java:21)
	at sun.reflect.NativeMethodAccessorImpl.invoke0(Native Method)
	at sun.reflect.NativeMethodAccessorImpl.invoke(NativeMethodAccessorImpl.java:62)
	at sun.reflect.DelegatingMethodAccessorImpl.invoke(DelegatingMethodAccessorImpl.java:43)
	at java.lang.reflect.Method.invoke(Method.java:498)
	at org.testng.internal.MethodInvocationHelper.invokeMethod(MethodInvocationHelper.java:80)
	at org.testng.internal.Invoker.invokeMethod(Invoker.java:714)
	at org.testng.internal.Invoker.invokeTestMethod(Invoker.java:901)
	at org.testng.internal.Invoker.invokeTestMethods(Invoker.java:1231)
	at org.testng.internal.TestMethodWorker.invokeTestMethods(TestMethodWorker.java:127)
	at org.testng.internal.TestMethodWorker.run(TestMethodWorker.java:111)
	at org.testng.TestRunner.privateRun(TestRunner.java:767)
	at org.testng.TestRunner.run(TestRunner.java:617)
	at org.testng.SuiteRunner.runTest(SuiteRunner.java:334)
	at org.testng.SuiteRunner.runSequentially(SuiteRunner.java:329)
	at org.testng.SuiteRunner.privateRun(SuiteRunner.java:291)
	at org.testng.SuiteRunner.run(SuiteRunner.java:240)
	at org.testng.SuiteRunnerWorker.runSuite(SuiteRunnerWorker.java:52)
	at org.testng.SuiteRunnerWorker.run(SuiteRunnerWorker.java:86)
	at org.testng.TestNG.runSuitesSequentially(TestNG.java:1198)
	at org.testng.TestNG.runSuitesLocally(TestNG.java:1123)
	at org.testng.TestNG.run(TestNG.java:1031)
	at org.testng.remote.AbstractRemoteTestNG.run(AbstractRemoteTestNG.java:132)
	at org.testng.remote.RemoteTestNG.initAndRun(RemoteTestNG.java:230)
	at org.testng.remote.RemoteTestNG.main(RemoteTestNG.java:76)
]]>
            </full-stacktrace>
          </exception> <!-- org.openqa.selenium.TimeoutException -->
          <reporter-output>
          </reporter-output>
        </test-method> <!-- testMoveToTrashAllAccount -->
        <test-method status="SKIP" signature="testMovetoInboxOfTrashEmailAllAccount()[pri:0, instance:IntegratedMailViewTestCases.VerifyTashAllAccount@5025a98f]" name="testMovetoInboxOfTrashEmailAllAccount" duration-ms="0" started-at="2017-07-25T12:26:44Z" depends-on-methods="IntegratedMailViewTestCases.VerifyTashAllAccount.testMoveToTrashAllAccount" finished-at="2017-07-25T12:26:44Z">
          <reporter-output>
          </reporter-output>
        </test-method> <!-- testMovetoInboxOfTrashEmailAllAccount -->
        <test-method status="SKIP" signature="testBatchMoveToTrashAllAccount()[pri:0, instance:IntegratedMailViewTestCases.VerifyTashAllAccount@5025a98f]" name="testBatchMoveToTrashAllAccount" duration-ms="0" started-at="2017-07-25T12:26:44Z" depends-on-methods="IntegratedMailViewTestCases.VerifyTashAllAccount.testMovetoInboxOfTrashEmailAllAccount" finished-at="2017-07-25T12:26:44Z">
          <reporter-output>
          </reporter-output>
        </test-method> <!-- testBatchMoveToTrashAllAccount -->
        <test-method status="SKIP" signature="testBatchMovetoInboxOfTrashAllAccount()[pri:0, instance:IntegratedMailViewTestCases.VerifyTashAllAccount@5025a98f]" name="testBatchMovetoInboxOfTrashAllAccount" duration-ms="0" started-at="2017-07-25T12:26:44Z" depends-on-methods="IntegratedMailViewTestCases.VerifyTashAllAccount.testBatchMoveToTrashAllAccount" finished-at="2017-07-25T12:26:44Z">
          <reporter-output>
          </reporter-output>
        </test-method> <!-- testBatchMovetoInboxOfTrashAllAccount -->
        <test-method status="PASS" signature="postCondition()[pri:0, instance:IntegratedMailViewTestCases.VerifyTashAllAccount@5025a98f]" name="postCondition" is-config="true" duration-ms="1103" started-at="2017-07-25T12:26:44Z" finished-at="2017-07-25T12:26:45Z">
          <reporter-output>
          </reporter-output>
        </test-method> <!-- postCondition -->
        <test-method status="SKIP" signature="testDeleteForeverAllAccount()[pri:0, instance:IntegratedMailViewTestCases.VerifyTashAllAccount@5025a98f]" name="testDeleteForeverAllAccount" duration-ms="0" started-at="2017-07-25T12:26:44Z" depends-on-methods="IntegratedMailViewTestCases.VerifyTashAllAccount.testBatchMovetoInboxOfTrashAllAccount" finished-at="2017-07-25T12:26:44Z">
          <reporter-output>
          </reporter-output>
        </test-method> <!-- testDeleteForeverAllAccount -->
      </class> <!-- IntegratedMailViewTestCases.VerifyTashAllAccount -->
      <class name="IntegratedMailViewTestCases.VerifyTagToTopicAllAccount">
        <test-method status="PASS" signature="testBrowser()[pri:0, instance:IntegratedMailViewTestCases.VerifyTagToTopicAllAccount@2d928643]" name="testBrowser" is-config="true" duration-ms="18912" started-at="2017-07-25T12:29:25Z" finished-at="2017-07-25T12:29:43Z">
          <reporter-output>
          </reporter-output>
        </test-method> <!-- testBrowser -->
        <test-method status="PASS" signature="testTagToTopicAllAccount()[pri:0, instance:IntegratedMailViewTestCases.VerifyTagToTopicAllAccount@2d928643]" name="testTagToTopicAllAccount" duration-ms="11183" started-at="2017-07-25T12:29:43Z" finished-at="2017-07-25T12:29:55Z">
          <reporter-output>
          </reporter-output>
        </test-method> <!-- testTagToTopicAllAccount -->
        <test-method status="PASS" signature="testBatchTagToTopicAllAccount()[pri:0, instance:IntegratedMailViewTestCases.VerifyTagToTopicAllAccount@2d928643]" name="testBatchTagToTopicAllAccount" duration-ms="12005" started-at="2017-07-25T12:29:55Z" depends-on-methods="IntegratedMailViewTestCases.VerifyTagToTopicAllAccount.testTagToTopicAllAccount" finished-at="2017-07-25T12:30:07Z">
          <reporter-output>
          </reporter-output>
        </test-method> <!-- testBatchTagToTopicAllAccount -->
        <test-method status="PASS" signature="postCondition()[pri:0, instance:IntegratedMailViewTestCases.VerifyTagToTopicAllAccount@2d928643]" name="postCondition" is-config="true" duration-ms="1106" started-at="2017-07-25T12:30:07Z" finished-at="2017-07-25T12:30:08Z">
          <reporter-output>
          </reporter-output>
        </test-method> <!-- postCondition -->
      </class> <!-- IntegratedMailViewTestCases.VerifyTagToTopicAllAccount -->
      <class name="IntegratedMailViewTestCases.VerifyReadUnreadAllAccount">
        <test-method status="PASS" signature="testBrowser()[pri:0, instance:IntegratedMailViewTestCases.VerifyReadUnreadAllAccount@5649fd9b]" name="testBrowser" is-config="true" duration-ms="16769" started-at="2017-07-25T12:28:41Z" finished-at="2017-07-25T12:28:58Z">
          <reporter-output>
          </reporter-output>
        </test-method> <!-- testBrowser -->
        <test-method status="PASS" signature="testMarkAsUnreadAllAccount()[pri:0, instance:IntegratedMailViewTestCases.VerifyReadUnreadAllAccount@5649fd9b]" name="testMarkAsUnreadAllAccount" duration-ms="9461" started-at="2017-07-25T12:28:58Z" finished-at="2017-07-25T12:29:08Z">
          <reporter-output>
          </reporter-output>
        </test-method> <!-- testMarkAsUnreadAllAccount -->
        <test-method status="PASS" signature="testBatchReadAllAccount()[pri:0, instance:IntegratedMailViewTestCases.VerifyReadUnreadAllAccount@5649fd9b]" name="testBatchReadAllAccount" duration-ms="5283" started-at="2017-07-25T12:29:08Z" finished-at="2017-07-25T12:29:13Z">
          <reporter-output>
          </reporter-output>
        </test-method> <!-- testBatchReadAllAccount -->
        <test-method status="PASS" signature="testBatchUnreadAllAccount()[pri:0, instance:IntegratedMailViewTestCases.VerifyReadUnreadAllAccount@5649fd9b]" name="testBatchUnreadAllAccount" duration-ms="10514" started-at="2017-07-25T12:29:13Z" depends-on-methods="IntegratedMailViewTestCases.VerifyReadUnreadAllAccount.testMarkAsUnreadAllAccount" finished-at="2017-07-25T12:29:23Z">
          <reporter-output>
          </reporter-output>
        </test-method> <!-- testBatchUnreadAllAccount -->
        <test-method status="PASS" signature="postCondition()[pri:0, instance:IntegratedMailViewTestCases.VerifyReadUnreadAllAccount@5649fd9b]" name="postCondition" is-config="true" duration-ms="1057" started-at="2017-07-25T12:29:23Z" finished-at="2017-07-25T12:29:25Z">
          <reporter-output>
          </reporter-output>
        </test-method> <!-- postCondition -->
      </class> <!-- IntegratedMailViewTestCases.VerifyReadUnreadAllAccount -->
      <class name="IntegratedMailViewTestCases.VerifySendingEmailAndProcessingAllAccount">
        <test-method status="PASS" signature="testBrowser()[pri:0, instance:IntegratedMailViewTestCases.VerifySendingEmailAndProcessingAllAccount@20322d26]" name="testBrowser" is-config="true" duration-ms="17064" started-at="2017-07-25T12:27:51Z" finished-at="2017-07-25T12:28:08Z">
          <reporter-output>
          </reporter-output>
        </test-method> <!-- testBrowser -->
        <test-method status="PASS" signature="testVerifySendingEmailAllAccount()[pri:0, instance:IntegratedMailViewTestCases.VerifySendingEmailAndProcessingAllAccount@20322d26]" name="testVerifySendingEmailAllAccount" duration-ms="12255" started-at="2017-07-25T12:28:08Z" finished-at="2017-07-25T12:28:20Z">
          <reporter-output>
          </reporter-output>
        </test-method> <!-- testVerifySendingEmailAllAccount -->
        <test-method status="PASS" signature="testProcessingEmailAllAccount()[pri:0, instance:IntegratedMailViewTestCases.VerifySendingEmailAndProcessingAllAccount@20322d26]" name="testProcessingEmailAllAccount" duration-ms="4683" started-at="2017-07-25T12:28:20Z" finished-at="2017-07-25T12:28:25Z">
          <reporter-output>
          </reporter-output>
        </test-method> <!-- testProcessingEmailAllAccount -->
        <test-method status="PASS" signature="testUnProcessingEmailAllAccount()[pri:0, instance:IntegratedMailViewTestCases.VerifySendingEmailAndProcessingAllAccount@20322d26]" name="testUnProcessingEmailAllAccount" duration-ms="3123" started-at="2017-07-25T12:28:25Z" finished-at="2017-07-25T12:28:28Z">
          <reporter-output>
          </reporter-output>
        </test-method> <!-- testUnProcessingEmailAllAccount -->
        <test-method status="PASS" signature="testBatchProcessingEmailAllAccount()[pri:0, instance:IntegratedMailViewTestCases.VerifySendingEmailAndProcessingAllAccount@20322d26]" name="testBatchProcessingEmailAllAccount" duration-ms="6332" started-at="2017-07-25T12:28:28Z" finished-at="2017-07-25T12:28:35Z">
          <reporter-output>
          </reporter-output>
        </test-method> <!-- testBatchProcessingEmailAllAccount -->
        <test-method status="PASS" signature="testBatchUnProcessingEmailAllAccount()[pri:0, instance:IntegratedMailViewTestCases.VerifySendingEmailAndProcessingAllAccount@20322d26]" name="testBatchUnProcessingEmailAllAccount" duration-ms="5808" started-at="2017-07-25T12:28:35Z" finished-at="2017-07-25T12:28:40Z">
          <reporter-output>
          </reporter-output>
        </test-method> <!-- testBatchUnProcessingEmailAllAccount -->
        <test-method status="PASS" signature="postCondition()[pri:0, instance:IntegratedMailViewTestCases.VerifySendingEmailAndProcessingAllAccount@20322d26]" name="postCondition" is-config="true" duration-ms="1073" started-at="2017-07-25T12:28:40Z" finished-at="2017-07-25T12:28:41Z">
          <reporter-output>
          </reporter-output>
        </test-method> <!-- postCondition -->
      </class> <!-- IntegratedMailViewTestCases.VerifySendingEmailAndProcessingAllAccount -->
    </test> <!-- All Account -->
  </suite> <!-- Suite -->
</testng-results>
