<?xml version="1.0" encoding="UTF-8"?>
<testng-results skipped="0" failed="0" total="2" passed="2">
  <reporter-output>
  </reporter-output>
  <suite name="Default suite" duration-ms="24974" started-at="2017-07-18T07:34:49Z" finished-at="2017-07-18T07:35:14Z">
    <groups>
    </groups>
    <test name="Default test" duration-ms="24974" started-at="2017-07-18T07:34:49Z" finished-at="2017-07-18T07:35:14Z">
      <class name="contactTestCases.VerifyContactCreation">
        <test-method status="PASS" signature="testBrowser()[pri:0, instance:contactTestCases.VerifyContactCreation@3532ec19]" name="testBrowser" is-config="true" duration-ms="15098" started-at="2017-07-18T13:04:49Z" finished-at="2017-07-18T13:05:04Z">
          <reporter-output>
          </reporter-output>
        </test-method> <!-- testBrowser -->
        <test-method status="PASS" signature="testContactQuickCreate()[pri:0, instance:contactTestCases.VerifyContactCreation@3532ec19]" name="testContactQuickCreate" duration-ms="5274" started-at="2017-07-18T13:05:04Z" finished-at="2017-07-18T13:05:09Z">
          <reporter-output>
          </reporter-output>
        </test-method> <!-- testContactQuickCreate -->
        <test-method status="PASS" signature="testCreateContact()[pri:0, instance:contactTestCases.VerifyContactCreation@3532ec19]" name="testCreateContact" duration-ms="3124" started-at="2017-07-18T13:05:09Z" finished-at="2017-07-18T13:05:12Z">
          <reporter-output>
          </reporter-output>
        </test-method> <!-- testCreateContact -->
        <test-method status="PASS" signature="postCondition()[pri:0, instance:contactTestCases.VerifyContactCreation@3532ec19]" name="postCondition" is-config="true" duration-ms="1458" started-at="2017-07-18T13:05:12Z" finished-at="2017-07-18T13:05:14Z">
          <reporter-output>
          </reporter-output>
        </test-method> <!-- postCondition -->
      </class> <!-- contactTestCases.VerifyContactCreation -->
    </test> <!-- Default test -->
  </suite> <!-- Default suite -->
</testng-results>
