<?xml version="1.0" encoding="UTF-8"?>
<testng-results skipped="0" failed="1" total="2" passed="1">
  <reporter-output>
  </reporter-output>
  <suite name="Default suite" duration-ms="50232" started-at="2017-07-19T12:41:11Z" finished-at="2017-07-19T12:42:02Z">
    <groups>
    </groups>
    <test name="Default test" duration-ms="50232" started-at="2017-07-19T12:41:11Z" finished-at="2017-07-19T12:42:02Z">
      <class name="IntegratedMailViewTestCases.VerifyTagToTopicAllAccount">
        <test-method status="PASS" signature="testBrowser()[pri:0, instance:IntegratedMailViewTestCases.VerifyTagToTopicAllAccount@27efef64]" name="testBrowser" is-config="true" duration-ms="22703" started-at="2017-07-19T18:11:11Z" finished-at="2017-07-19T18:11:34Z">
          <reporter-output>
          </reporter-output>
        </test-method> <!-- testBrowser -->
        <test-method status="PASS" signature="testTagToTopicAllAccount()[pri:0, instance:IntegratedMailViewTestCases.VerifyTagToTopicAllAccount@27efef64]" name="testTagToTopicAllAccount" duration-ms="10726" started-at="2017-07-19T18:11:34Z" finished-at="2017-07-19T18:11:45Z">
          <reporter-output>
          </reporter-output>
        </test-method> <!-- testTagToTopicAllAccount -->
        <test-method status="FAIL" signature="testBatchTagToTopicAllAccount()[pri:0, instance:IntegratedMailViewTestCases.VerifyTagToTopicAllAccount@27efef64]" name="testBatchTagToTopicAllAccount" duration-ms="14457" started-at="2017-07-19T18:11:45Z" depends-on-methods="IntegratedMailViewTestCases.VerifyTagToTopicAllAccount.testTagToTopicAllAccount" finished-at="2017-07-19T18:11:59Z">
          <exception class="java.lang.AssertionError">
            <message>
              <![CDATA[Batch Tag to Topic got failed expected [true] but found [false]]]>
            </message>
            <full-stacktrace>
              <![CDATA[java.lang.AssertionError: Batch Tag to Topic got failed expected [true] but found [false]
	at org.testng.Assert.fail(Assert.java:94)
	at org.testng.Assert.failNotEquals(Assert.java:494)
	at org.testng.Assert.assertEquals(Assert.java:123)
	at org.testng.Assert.assertEquals(Assert.java:286)
	at emailTestCases.VerifyTagToTopic.testBatchTagToTopic(VerifyTagToTopic.java:133)
	at IntegratedMailViewTestCases.VerifyTagToTopicAllAccount.testBatchTagToTopicAllAccount(VerifyTagToTopicAllAccount.java:27)
	at sun.reflect.NativeMethodAccessorImpl.invoke0(Native Method)
	at sun.reflect.NativeMethodAccessorImpl.invoke(NativeMethodAccessorImpl.java:62)
	at sun.reflect.DelegatingMethodAccessorImpl.invoke(DelegatingMethodAccessorImpl.java:43)
	at java.lang.reflect.Method.invoke(Method.java:498)
	at org.testng.internal.MethodInvocationHelper.invokeMethod(MethodInvocationHelper.java:80)
	at org.testng.internal.Invoker.invokeMethod(Invoker.java:714)
	at org.testng.internal.Invoker.invokeTestMethod(Invoker.java:901)
	at org.testng.internal.Invoker.invokeTestMethods(Invoker.java:1231)
	at org.testng.internal.TestMethodWorker.invokeTestMethods(TestMethodWorker.java:127)
	at org.testng.internal.TestMethodWorker.run(TestMethodWorker.java:111)
	at org.testng.TestRunner.privateRun(TestRunner.java:767)
	at org.testng.TestRunner.run(TestRunner.java:617)
	at org.testng.SuiteRunner.runTest(SuiteRunner.java:334)
	at org.testng.SuiteRunner.runSequentially(SuiteRunner.java:329)
	at org.testng.SuiteRunner.privateRun(SuiteRunner.java:291)
	at org.testng.SuiteRunner.run(SuiteRunner.java:240)
	at org.testng.SuiteRunnerWorker.runSuite(SuiteRunnerWorker.java:52)
	at org.testng.SuiteRunnerWorker.run(SuiteRunnerWorker.java:86)
	at org.testng.TestNG.runSuitesSequentially(TestNG.java:1198)
	at org.testng.TestNG.runSuitesLocally(TestNG.java:1123)
	at org.testng.TestNG.run(TestNG.java:1031)
	at org.testng.remote.AbstractRemoteTestNG.run(AbstractRemoteTestNG.java:132)
	at org.testng.remote.RemoteTestNG.initAndRun(RemoteTestNG.java:230)
	at org.testng.remote.RemoteTestNG.main(RemoteTestNG.java:76)
]]>
            </full-stacktrace>
          </exception> <!-- java.lang.AssertionError -->
          <reporter-output>
          </reporter-output>
        </test-method> <!-- testBatchTagToTopicAllAccount -->
        <test-method status="PASS" signature="postCondition()[pri:0, instance:IntegratedMailViewTestCases.VerifyTagToTopicAllAccount@27efef64]" name="postCondition" is-config="true" duration-ms="2321" started-at="2017-07-19T18:11:59Z" finished-at="2017-07-19T18:12:02Z">
          <reporter-output>
          </reporter-output>
        </test-method> <!-- postCondition -->
      </class> <!-- IntegratedMailViewTestCases.VerifyTagToTopicAllAccount -->
    </test> <!-- Default test -->
  </suite> <!-- Default suite -->
</testng-results>
