<?xml version="1.0" encoding="UTF-8"?>
<testng-results skipped="0" failed="0" total="7" passed="7">
  <reporter-output>
  </reporter-output>
  <suite name="Default suite" duration-ms="149709" started-at="2017-07-26T09:17:03Z" finished-at="2017-07-26T09:19:33Z">
    <groups>
    </groups>
    <test name="Default test" duration-ms="149709" started-at="2017-07-26T09:17:03Z" finished-at="2017-07-26T09:19:33Z">
      <class name="IriiisDrive.VerifyIriiisFileTaging">
        <test-method status="PASS" signature="testBrowser()[pri:0, instance:IriiisDrive.VerifyIriiisFileTaging@26653222]" name="testBrowser" is-config="true" duration-ms="20619" started-at="2017-07-26T14:47:03Z" finished-at="2017-07-26T14:47:24Z">
          <reporter-output>
          </reporter-output>
        </test-method> <!-- testBrowser -->
        <test-method status="PASS" signature="VerifyIriiisTag()[pri:0, instance:IriiisDrive.VerifyIriiisFileTaging@26653222]" name="VerifyIriiisTag" duration-ms="23474" started-at="2017-07-26T14:47:24Z" finished-at="2017-07-26T14:47:47Z">
          <reporter-output>
          </reporter-output>
        </test-method> <!-- VerifyIriiisTag -->
        <test-method status="PASS" signature="VerifgoogleTag()[pri:0, instance:IriiisDrive.VerifyIriiisFileTaging@26653222]" name="VerifgoogleTag" duration-ms="17452" started-at="2017-07-26T14:47:47Z" finished-at="2017-07-26T14:48:05Z">
          <reporter-output>
          </reporter-output>
        </test-method> <!-- VerifgoogleTag -->
        <test-method status="PASS" signature="VerifboxdriveTag()[pri:0, instance:IriiisDrive.VerifyIriiisFileTaging@26653222]" name="VerifboxdriveTag" duration-ms="17437" started-at="2017-07-26T14:48:05Z" finished-at="2017-07-26T14:48:22Z">
          <reporter-output>
          </reporter-output>
        </test-method> <!-- VerifboxdriveTag -->
        <test-method status="PASS" signature="VerifdropboxdriveTag()[pri:0, instance:IriiisDrive.VerifyIriiisFileTaging@26653222]" name="VerifdropboxdriveTag" duration-ms="17146" started-at="2017-07-26T14:48:22Z" finished-at="2017-07-26T14:48:39Z">
          <reporter-output>
          </reporter-output>
        </test-method> <!-- VerifdropboxdriveTag -->
        <test-method status="PASS" signature="VerifonedriveTag()[pri:0, instance:IriiisDrive.VerifyIriiisFileTaging@26653222]" name="VerifonedriveTag" duration-ms="17181" started-at="2017-07-26T14:48:39Z" finished-at="2017-07-26T14:48:57Z">
          <reporter-output>
          </reporter-output>
        </test-method> <!-- VerifonedriveTag -->
        <test-method status="PASS" signature="VerifyIriiisSharing()[pri:0, instance:IriiisDrive.VerifyIriiisFileTaging@26653222]" name="VerifyIriiisSharing" duration-ms="17866" started-at="2017-07-26T14:48:57Z" finished-at="2017-07-26T14:49:14Z">
          <reporter-output>
          </reporter-output>
        </test-method> <!-- VerifyIriiisSharing -->
        <test-method status="PASS" signature="VerifyGoogleSharing()[pri:0, instance:IriiisDrive.VerifyIriiisFileTaging@26653222]" name="VerifyGoogleSharing" duration-ms="17019" started-at="2017-07-26T14:49:14Z" finished-at="2017-07-26T14:49:31Z">
          <reporter-output>
          </reporter-output>
        </test-method> <!-- VerifyGoogleSharing -->
        <test-method status="PASS" signature="postCondition()[pri:0, instance:IriiisDrive.VerifyIriiisFileTaging@26653222]" name="postCondition" is-config="true" duration-ms="1490" started-at="2017-07-26T14:49:31Z" finished-at="2017-07-26T14:49:33Z">
          <reporter-output>
          </reporter-output>
        </test-method> <!-- postCondition -->
      </class> <!-- IriiisDrive.VerifyIriiisFileTaging -->
    </test> <!-- Default test -->
  </suite> <!-- Default suite -->
</testng-results>
