<?xml version="1.0" encoding="UTF-8"?>
<testng-results skipped="0" failed="0" total="5" passed="5">
  <reporter-output>
  </reporter-output>
  <suite name="Default suite" duration-ms="145418" started-at="2017-08-01T07:58:22Z" finished-at="2017-08-01T08:00:48Z">
    <groups>
    </groups>
    <test name="Default test" duration-ms="145418" started-at="2017-08-01T07:58:22Z" finished-at="2017-08-01T08:00:48Z">
      <class name="IriiisDrive.VerifyTheFileUpdatedesc">
        <test-method status="PASS" signature="testBrowser()[pri:0, instance:IriiisDrive.VerifyTheFileUpdatedesc@26653222]" name="testBrowser" is-config="true" duration-ms="20447" started-at="2017-08-01T13:28:22Z" finished-at="2017-08-01T13:28:43Z">
          <reporter-output>
          </reporter-output>
        </test-method> <!-- testBrowser -->
        <test-method status="PASS" signature="VerifygoogleFileUpdateDesc()[pri:0, instance:IriiisDrive.VerifyTheFileUpdatedesc@26653222]" name="VerifygoogleFileUpdateDesc" duration-ms="24930" started-at="2017-08-01T13:28:43Z" finished-at="2017-08-01T13:29:08Z">
          <reporter-output>
          </reporter-output>
        </test-method> <!-- VerifygoogleFileUpdateDesc -->
        <test-method status="PASS" signature="VerifyIriiisFileUpdateDesc()[pri:0, instance:IriiisDrive.VerifyTheFileUpdatedesc@26653222]" name="VerifyIriiisFileUpdateDesc" duration-ms="24696" started-at="2017-08-01T13:29:08Z" finished-at="2017-08-01T13:29:32Z">
          <reporter-output>
          </reporter-output>
        </test-method> <!-- VerifyIriiisFileUpdateDesc -->
        <test-method status="PASS" signature="VerifyboxdriveFileUpdateDesc()[pri:0, instance:IriiisDrive.VerifyTheFileUpdatedesc@26653222]" name="VerifyboxdriveFileUpdateDesc" duration-ms="24610" started-at="2017-08-01T13:29:32Z" finished-at="2017-08-01T13:29:57Z">
          <reporter-output>
          </reporter-output>
        </test-method> <!-- VerifyboxdriveFileUpdateDesc -->
        <test-method status="PASS" signature="VerifyDropboxdriveFileUpdateDesc()[pri:0, instance:IriiisDrive.VerifyTheFileUpdatedesc@26653222]" name="VerifyDropboxdriveFileUpdateDesc" duration-ms="24690" started-at="2017-08-01T13:29:57Z" finished-at="2017-08-01T13:30:22Z">
          <reporter-output>
          </reporter-output>
        </test-method> <!-- VerifyDropboxdriveFileUpdateDesc -->
        <test-method status="PASS" signature="VerifyOnedriveFileUpdateDesc()[pri:0, instance:IriiisDrive.VerifyTheFileUpdatedesc@26653222]" name="VerifyOnedriveFileUpdateDesc" duration-ms="24603" started-at="2017-08-01T13:30:22Z" finished-at="2017-08-01T13:30:46Z">
          <reporter-output>
          </reporter-output>
        </test-method> <!-- VerifyOnedriveFileUpdateDesc -->
        <test-method status="PASS" signature="postCondition()[pri:0, instance:IriiisDrive.VerifyTheFileUpdatedesc@26653222]" name="postCondition" is-config="true" duration-ms="1407" started-at="2017-08-01T13:30:46Z" finished-at="2017-08-01T13:30:48Z">
          <reporter-output>
          </reporter-output>
        </test-method> <!-- postCondition -->
      </class> <!-- IriiisDrive.VerifyTheFileUpdatedesc -->
    </test> <!-- Default test -->
  </suite> <!-- Default suite -->
</testng-results>
