<?xml version="1.0" encoding="UTF-8"?>
<testng-results skipped="0" failed="10" total="47" passed="37">
  <reporter-output>
  </reporter-output>
  <suite name="Suite" duration-ms="1288378" started-at="2017-08-09T07:21:00Z" finished-at="2017-08-09T07:42:28Z">
    <groups>
    </groups>
    <test name="Test" duration-ms="1288378" started-at="2017-08-09T07:21:00Z" finished-at="2017-08-09T07:42:28Z">
      <class name="IriiisDrive.VerifyFolderActivities">
        <test-method status="PASS" signature="testBrowser()[pri:0, instance:IriiisDrive.VerifyFolderActivities@39c0f4a]" name="testBrowser" is-config="true" duration-ms="13253" started-at="2017-08-09T13:09:12Z" finished-at="2017-08-09T13:09:25Z">
          <reporter-output>
          </reporter-output>
        </test-method> <!-- testBrowser -->
        <test-method status="PASS" signature="CreateIriiisFolder()[pri:0, instance:IriiisDrive.VerifyFolderActivities@39c0f4a]" name="CreateIriiisFolder" duration-ms="19375" started-at="2017-08-09T13:09:25Z" finished-at="2017-08-09T13:09:45Z">
          <reporter-output>
          </reporter-output>
        </test-method> <!-- CreateIriiisFolder -->
        <test-method status="PASS" signature="CreategoogleFolder()[pri:0, instance:IriiisDrive.VerifyFolderActivities@39c0f4a]" name="CreategoogleFolder" duration-ms="19068" started-at="2017-08-09T13:09:45Z" finished-at="2017-08-09T13:10:04Z">
          <reporter-output>
          </reporter-output>
        </test-method> <!-- CreategoogleFolder -->
        <test-method status="PASS" signature="CreateBoxdriveFolder()[pri:0, instance:IriiisDrive.VerifyFolderActivities@39c0f4a]" name="CreateBoxdriveFolder" duration-ms="18994" started-at="2017-08-09T13:10:04Z" finished-at="2017-08-09T13:10:23Z">
          <reporter-output>
          </reporter-output>
        </test-method> <!-- CreateBoxdriveFolder -->
        <test-method status="PASS" signature="CreatedropboxriveFolder()[pri:0, instance:IriiisDrive.VerifyFolderActivities@39c0f4a]" name="CreatedropboxriveFolder" duration-ms="19056" started-at="2017-08-09T13:10:23Z" finished-at="2017-08-09T13:10:42Z">
          <reporter-output>
          </reporter-output>
        </test-method> <!-- CreatedropboxriveFolder -->
        <test-method status="PASS" signature="CreateonedriveFolder()[pri:0, instance:IriiisDrive.VerifyFolderActivities@39c0f4a]" name="CreateonedriveFolder" duration-ms="18944" started-at="2017-08-09T13:10:42Z" finished-at="2017-08-09T13:11:01Z">
          <reporter-output>
          </reporter-output>
        </test-method> <!-- CreateonedriveFolder -->
        <test-method status="FAIL" signature="RenameIriiisFolder()[pri:0, instance:IriiisDrive.VerifyFolderActivities@39c0f4a]" name="RenameIriiisFolder" duration-ms="21469" started-at="2017-08-09T13:11:01Z" finished-at="2017-08-09T13:11:22Z">
          <exception class="java.lang.AssertionError">
            <message>
              <![CDATA[unable to create folder expected [true] but found [false]]]>
            </message>
            <full-stacktrace>
              <![CDATA[java.lang.AssertionError: unable to create folder expected [true] but found [false]
	at org.testng.Assert.fail(Assert.java:94)
	at org.testng.Assert.failNotEquals(Assert.java:494)
	at org.testng.Assert.assertEquals(Assert.java:123)
	at org.testng.Assert.assertEquals(Assert.java:286)
	at DocumentTestCases.VerifyFolder.RenameFolderName(VerifyFolder.java:80)
	at IriiisDrive.VerifyFolderActivities.RenameIriiisFolder(VerifyFolderActivities.java:51)
	at sun.reflect.NativeMethodAccessorImpl.invoke0(Native Method)
	at sun.reflect.NativeMethodAccessorImpl.invoke(NativeMethodAccessorImpl.java:62)
	at sun.reflect.DelegatingMethodAccessorImpl.invoke(DelegatingMethodAccessorImpl.java:43)
	at java.lang.reflect.Method.invoke(Method.java:498)
	at org.testng.internal.MethodInvocationHelper.invokeMethod(MethodInvocationHelper.java:80)
	at org.testng.internal.Invoker.invokeMethod(Invoker.java:714)
	at org.testng.internal.Invoker.invokeTestMethod(Invoker.java:901)
	at org.testng.internal.Invoker.invokeTestMethods(Invoker.java:1231)
	at org.testng.internal.TestMethodWorker.invokeTestMethods(TestMethodWorker.java:127)
	at org.testng.internal.TestMethodWorker.run(TestMethodWorker.java:111)
	at org.testng.TestRunner.privateRun(TestRunner.java:767)
	at org.testng.TestRunner.run(TestRunner.java:617)
	at org.testng.SuiteRunner.runTest(SuiteRunner.java:334)
	at org.testng.SuiteRunner.runSequentially(SuiteRunner.java:329)
	at org.testng.SuiteRunner.privateRun(SuiteRunner.java:291)
	at org.testng.SuiteRunner.run(SuiteRunner.java:240)
	at org.testng.SuiteRunnerWorker.runSuite(SuiteRunnerWorker.java:52)
	at org.testng.SuiteRunnerWorker.run(SuiteRunnerWorker.java:86)
	at org.testng.TestNG.runSuitesSequentially(TestNG.java:1198)
	at org.testng.TestNG.runSuitesLocally(TestNG.java:1123)
	at org.testng.TestNG.run(TestNG.java:1031)
	at org.testng.remote.AbstractRemoteTestNG.run(AbstractRemoteTestNG.java:132)
	at org.testng.remote.RemoteTestNG.initAndRun(RemoteTestNG.java:230)
	at org.testng.remote.RemoteTestNG.main(RemoteTestNG.java:76)
]]>
            </full-stacktrace>
          </exception> <!-- java.lang.AssertionError -->
          <reporter-output>
          </reporter-output>
        </test-method> <!-- RenameIriiisFolder -->
        <test-method status="FAIL" signature="RenameGoogleFolder()[pri:0, instance:IriiisDrive.VerifyFolderActivities@39c0f4a]" name="RenameGoogleFolder" duration-ms="21208" started-at="2017-08-09T13:11:22Z" finished-at="2017-08-09T13:11:43Z">
          <exception class="java.lang.AssertionError">
            <message>
              <![CDATA[unable to create folder expected [true] but found [false]]]>
            </message>
            <full-stacktrace>
              <![CDATA[java.lang.AssertionError: unable to create folder expected [true] but found [false]
	at org.testng.Assert.fail(Assert.java:94)
	at org.testng.Assert.failNotEquals(Assert.java:494)
	at org.testng.Assert.assertEquals(Assert.java:123)
	at org.testng.Assert.assertEquals(Assert.java:286)
	at DocumentTestCases.VerifyFolder.RenameFolderName(VerifyFolder.java:80)
	at IriiisDrive.VerifyFolderActivities.RenameGoogleFolder(VerifyFolderActivities.java:58)
	at sun.reflect.NativeMethodAccessorImpl.invoke0(Native Method)
	at sun.reflect.NativeMethodAccessorImpl.invoke(NativeMethodAccessorImpl.java:62)
	at sun.reflect.DelegatingMethodAccessorImpl.invoke(DelegatingMethodAccessorImpl.java:43)
	at java.lang.reflect.Method.invoke(Method.java:498)
	at org.testng.internal.MethodInvocationHelper.invokeMethod(MethodInvocationHelper.java:80)
	at org.testng.internal.Invoker.invokeMethod(Invoker.java:714)
	at org.testng.internal.Invoker.invokeTestMethod(Invoker.java:901)
	at org.testng.internal.Invoker.invokeTestMethods(Invoker.java:1231)
	at org.testng.internal.TestMethodWorker.invokeTestMethods(TestMethodWorker.java:127)
	at org.testng.internal.TestMethodWorker.run(TestMethodWorker.java:111)
	at org.testng.TestRunner.privateRun(TestRunner.java:767)
	at org.testng.TestRunner.run(TestRunner.java:617)
	at org.testng.SuiteRunner.runTest(SuiteRunner.java:334)
	at org.testng.SuiteRunner.runSequentially(SuiteRunner.java:329)
	at org.testng.SuiteRunner.privateRun(SuiteRunner.java:291)
	at org.testng.SuiteRunner.run(SuiteRunner.java:240)
	at org.testng.SuiteRunnerWorker.runSuite(SuiteRunnerWorker.java:52)
	at org.testng.SuiteRunnerWorker.run(SuiteRunnerWorker.java:86)
	at org.testng.TestNG.runSuitesSequentially(TestNG.java:1198)
	at org.testng.TestNG.runSuitesLocally(TestNG.java:1123)
	at org.testng.TestNG.run(TestNG.java:1031)
	at org.testng.remote.AbstractRemoteTestNG.run(AbstractRemoteTestNG.java:132)
	at org.testng.remote.RemoteTestNG.initAndRun(RemoteTestNG.java:230)
	at org.testng.remote.RemoteTestNG.main(RemoteTestNG.java:76)
]]>
            </full-stacktrace>
          </exception> <!-- java.lang.AssertionError -->
          <reporter-output>
          </reporter-output>
        </test-method> <!-- RenameGoogleFolder -->
        <test-method status="FAIL" signature="RenameBoxFolder()[pri:0, instance:IriiisDrive.VerifyFolderActivities@39c0f4a]" name="RenameBoxFolder" duration-ms="21331" started-at="2017-08-09T13:11:43Z" finished-at="2017-08-09T13:12:05Z">
          <exception class="java.lang.AssertionError">
            <message>
              <![CDATA[unable to create folder expected [true] but found [false]]]>
            </message>
            <full-stacktrace>
              <![CDATA[java.lang.AssertionError: unable to create folder expected [true] but found [false]
	at org.testng.Assert.fail(Assert.java:94)
	at org.testng.Assert.failNotEquals(Assert.java:494)
	at org.testng.Assert.assertEquals(Assert.java:123)
	at org.testng.Assert.assertEquals(Assert.java:286)
	at DocumentTestCases.VerifyFolder.RenameFolderName(VerifyFolder.java:80)
	at IriiisDrive.VerifyFolderActivities.RenameBoxFolder(VerifyFolderActivities.java:65)
	at sun.reflect.NativeMethodAccessorImpl.invoke0(Native Method)
	at sun.reflect.NativeMethodAccessorImpl.invoke(NativeMethodAccessorImpl.java:62)
	at sun.reflect.DelegatingMethodAccessorImpl.invoke(DelegatingMethodAccessorImpl.java:43)
	at java.lang.reflect.Method.invoke(Method.java:498)
	at org.testng.internal.MethodInvocationHelper.invokeMethod(MethodInvocationHelper.java:80)
	at org.testng.internal.Invoker.invokeMethod(Invoker.java:714)
	at org.testng.internal.Invoker.invokeTestMethod(Invoker.java:901)
	at org.testng.internal.Invoker.invokeTestMethods(Invoker.java:1231)
	at org.testng.internal.TestMethodWorker.invokeTestMethods(TestMethodWorker.java:127)
	at org.testng.internal.TestMethodWorker.run(TestMethodWorker.java:111)
	at org.testng.TestRunner.privateRun(TestRunner.java:767)
	at org.testng.TestRunner.run(TestRunner.java:617)
	at org.testng.SuiteRunner.runTest(SuiteRunner.java:334)
	at org.testng.SuiteRunner.runSequentially(SuiteRunner.java:329)
	at org.testng.SuiteRunner.privateRun(SuiteRunner.java:291)
	at org.testng.SuiteRunner.run(SuiteRunner.java:240)
	at org.testng.SuiteRunnerWorker.runSuite(SuiteRunnerWorker.java:52)
	at org.testng.SuiteRunnerWorker.run(SuiteRunnerWorker.java:86)
	at org.testng.TestNG.runSuitesSequentially(TestNG.java:1198)
	at org.testng.TestNG.runSuitesLocally(TestNG.java:1123)
	at org.testng.TestNG.run(TestNG.java:1031)
	at org.testng.remote.AbstractRemoteTestNG.run(AbstractRemoteTestNG.java:132)
	at org.testng.remote.RemoteTestNG.initAndRun(RemoteTestNG.java:230)
	at org.testng.remote.RemoteTestNG.main(RemoteTestNG.java:76)
]]>
            </full-stacktrace>
          </exception> <!-- java.lang.AssertionError -->
          <reporter-output>
          </reporter-output>
        </test-method> <!-- RenameBoxFolder -->
        <test-method status="FAIL" signature="RenamedropboxFolder()[pri:0, instance:IriiisDrive.VerifyFolderActivities@39c0f4a]" name="RenamedropboxFolder" duration-ms="12404" started-at="2017-08-09T13:12:05Z" finished-at="2017-08-09T13:12:17Z">
          <exception class="org.openqa.selenium.WebDriverException">
            <message>
              <![CDATA[unknown error: Element is not clickable at point (1128, 633)
  (Session info: chrome=60.0.3112.90)
  (Driver info: chromedriver=2.30.477700 (0057494ad8732195794a7b32078424f92a5fce41),platform=Windows NT 10.0.14393 x86_64) (WARNING: The server did not provide any stacktrace information)
Command duration or timeout: 67 milliseconds
Build info: version: '3.4.0', revision: 'unknown', time: 'unknown'
System info: host: 'LAPTOP-S0NUHBFQ', ip: '192.168.0.120', os.name: 'Windows 10', os.arch: 'amd64', os.version: '10.0', java.version: '1.8.0_131'
Driver info: org.openqa.selenium.chrome.ChromeDriver
Capabilities [{applicationCacheEnabled=false, rotatable=false, mobileEmulationEnabled=false, networkConnectionEnabled=false, chrome={chromedriverVersion=2.30.477700 (0057494ad8732195794a7b32078424f92a5fce41), userDataDir=C:\Users\SAWOOD~1\AppData\Local\Temp\scoped_dir18192_24956}, takesHeapSnapshot=true, pageLoadStrategy=normal, databaseEnabled=false, handlesAlerts=true, hasTouchScreen=false, version=60.0.3112.90, platform=XP, browserConnectionEnabled=false, nativeEvents=true, acceptSslCerts=true, locationContextEnabled=true, webStorageEnabled=true, browserName=chrome, takesScreenshot=true, javascriptEnabled=true, cssSelectorsEnabled=true, unexpectedAlertBehaviour=}]
Session ID: caed0290e7f86c8e47fe995b48c1cce6]]>
            </message>
            <full-stacktrace>
              <![CDATA[org.openqa.selenium.WebDriverException: unknown error: Element is not clickable at point (1128, 633)
  (Session info: chrome=60.0.3112.90)
  (Driver info: chromedriver=2.30.477700 (0057494ad8732195794a7b32078424f92a5fce41),platform=Windows NT 10.0.14393 x86_64) (WARNING: The server did not provide any stacktrace information)
Command duration or timeout: 67 milliseconds
Build info: version: '3.4.0', revision: 'unknown', time: 'unknown'
System info: host: 'LAPTOP-S0NUHBFQ', ip: '192.168.0.120', os.name: 'Windows 10', os.arch: 'amd64', os.version: '10.0', java.version: '1.8.0_131'
Driver info: org.openqa.selenium.chrome.ChromeDriver
Capabilities [{applicationCacheEnabled=false, rotatable=false, mobileEmulationEnabled=false, networkConnectionEnabled=false, chrome={chromedriverVersion=2.30.477700 (0057494ad8732195794a7b32078424f92a5fce41), userDataDir=C:\Users\SAWOOD~1\AppData\Local\Temp\scoped_dir18192_24956}, takesHeapSnapshot=true, pageLoadStrategy=normal, databaseEnabled=false, handlesAlerts=true, hasTouchScreen=false, version=60.0.3112.90, platform=XP, browserConnectionEnabled=false, nativeEvents=true, acceptSslCerts=true, locationContextEnabled=true, webStorageEnabled=true, browserName=chrome, takesScreenshot=true, javascriptEnabled=true, cssSelectorsEnabled=true, unexpectedAlertBehaviour=}]
Session ID: caed0290e7f86c8e47fe995b48c1cce6
	at sun.reflect.NativeConstructorAccessorImpl.newInstance0(Native Method)
	at sun.reflect.NativeConstructorAccessorImpl.newInstance(NativeConstructorAccessorImpl.java:62)
	at sun.reflect.DelegatingConstructorAccessorImpl.newInstance(DelegatingConstructorAccessorImpl.java:45)
	at java.lang.reflect.Constructor.newInstance(Constructor.java:423)
	at org.openqa.selenium.remote.ErrorHandler.createThrowable(ErrorHandler.java:215)
	at org.openqa.selenium.remote.ErrorHandler.throwIfResponseFailed(ErrorHandler.java:167)
	at org.openqa.selenium.remote.RemoteWebDriver.execute(RemoteWebDriver.java:671)
	at org.openqa.selenium.remote.RemoteWebElement.execute(RemoteWebElement.java:272)
	at org.openqa.selenium.remote.RemoteWebElement.click(RemoteWebElement.java:82)
	at sun.reflect.GeneratedMethodAccessor2.invoke(Unknown Source)
	at sun.reflect.DelegatingMethodAccessorImpl.invoke(DelegatingMethodAccessorImpl.java:43)
	at java.lang.reflect.Method.invoke(Method.java:498)
	at org.openqa.selenium.support.pagefactory.internal.LocatingElementHandler.invoke(LocatingElementHandler.java:51)
	at com.sun.proxy.$Proxy7.click(Unknown Source)
	at Pages.DocumentsPage.ClickOnRename(DocumentsPage.java:305)
	at DocumentTestCases.VerifyFolder.RenameFolderName(VerifyFolder.java:66)
	at IriiisDrive.VerifyFolderActivities.RenamedropboxFolder(VerifyFolderActivities.java:72)
	at sun.reflect.NativeMethodAccessorImpl.invoke0(Native Method)
	at sun.reflect.NativeMethodAccessorImpl.invoke(NativeMethodAccessorImpl.java:62)
	at sun.reflect.DelegatingMethodAccessorImpl.invoke(DelegatingMethodAccessorImpl.java:43)
	at java.lang.reflect.Method.invoke(Method.java:498)
	at org.testng.internal.MethodInvocationHelper.invokeMethod(MethodInvocationHelper.java:80)
	at org.testng.internal.Invoker.invokeMethod(Invoker.java:714)
	at org.testng.internal.Invoker.invokeTestMethod(Invoker.java:901)
	at org.testng.internal.Invoker.invokeTestMethods(Invoker.java:1231)
	at org.testng.internal.TestMethodWorker.invokeTestMethods(TestMethodWorker.java:127)
	at org.testng.internal.TestMethodWorker.run(TestMethodWorker.java:111)
	at org.testng.TestRunner.privateRun(TestRunner.java:767)
	at org.testng.TestRunner.run(TestRunner.java:617)
	at org.testng.SuiteRunner.runTest(SuiteRunner.java:334)
	at org.testng.SuiteRunner.runSequentially(SuiteRunner.java:329)
	at org.testng.SuiteRunner.privateRun(SuiteRunner.java:291)
	at org.testng.SuiteRunner.run(SuiteRunner.java:240)
	at org.testng.SuiteRunnerWorker.runSuite(SuiteRunnerWorker.java:52)
	at org.testng.SuiteRunnerWorker.run(SuiteRunnerWorker.java:86)
	at org.testng.TestNG.runSuitesSequentially(TestNG.java:1198)
	at org.testng.TestNG.runSuitesLocally(TestNG.java:1123)
	at org.testng.TestNG.run(TestNG.java:1031)
	at org.testng.remote.AbstractRemoteTestNG.run(AbstractRemoteTestNG.java:132)
	at org.testng.remote.RemoteTestNG.initAndRun(RemoteTestNG.java:230)
	at org.testng.remote.RemoteTestNG.main(RemoteTestNG.java:76)
]]>
            </full-stacktrace>
          </exception> <!-- org.openqa.selenium.WebDriverException -->
          <reporter-output>
          </reporter-output>
        </test-method> <!-- RenamedropboxFolder -->
        <test-method status="FAIL" signature="RenameOnedriveFolder()[pri:0, instance:IriiisDrive.VerifyFolderActivities@39c0f4a]" name="RenameOnedriveFolder" duration-ms="10055" started-at="2017-08-09T13:12:17Z" finished-at="2017-08-09T13:12:27Z">
          <exception class="org.openqa.selenium.NoSuchElementException">
            <message>
              <![CDATA[no such element: Unable to locate element: {"method":"xpath","selector":"//div[contains(text(),'Document')]"}
  (Session info: chrome=60.0.3112.90)
  (Driver info: chromedriver=2.30.477700 (0057494ad8732195794a7b32078424f92a5fce41),platform=Windows NT 10.0.14393 x86_64) (WARNING: The server did not provide any stacktrace information)
Command duration or timeout: 10.05 seconds
For documentation on this error, please visit: http://seleniumhq.org/exceptions/no_such_element.html
Build info: version: '3.4.0', revision: 'unknown', time: 'unknown'
System info: host: 'LAPTOP-S0NUHBFQ', ip: '192.168.0.120', os.name: 'Windows 10', os.arch: 'amd64', os.version: '10.0', java.version: '1.8.0_131'
Driver info: org.openqa.selenium.chrome.ChromeDriver
Capabilities [{applicationCacheEnabled=false, rotatable=false, mobileEmulationEnabled=false, networkConnectionEnabled=false, chrome={chromedriverVersion=2.30.477700 (0057494ad8732195794a7b32078424f92a5fce41), userDataDir=C:\Users\SAWOOD~1\AppData\Local\Temp\scoped_dir18192_24956}, takesHeapSnapshot=true, pageLoadStrategy=normal, databaseEnabled=false, handlesAlerts=true, hasTouchScreen=false, version=60.0.3112.90, platform=XP, browserConnectionEnabled=false, nativeEvents=true, acceptSslCerts=true, locationContextEnabled=true, webStorageEnabled=true, browserName=chrome, takesScreenshot=true, javascriptEnabled=true, cssSelectorsEnabled=true, unexpectedAlertBehaviour=}]
Session ID: caed0290e7f86c8e47fe995b48c1cce6
*** Element info: {Using=xpath, value=//div[contains(text(),'Document')]}]]>
            </message>
            <full-stacktrace>
              <![CDATA[org.openqa.selenium.NoSuchElementException: no such element: Unable to locate element: {"method":"xpath","selector":"//div[contains(text(),'Document')]"}
  (Session info: chrome=60.0.3112.90)
  (Driver info: chromedriver=2.30.477700 (0057494ad8732195794a7b32078424f92a5fce41),platform=Windows NT 10.0.14393 x86_64) (WARNING: The server did not provide any stacktrace information)
Command duration or timeout: 10.05 seconds
For documentation on this error, please visit: http://seleniumhq.org/exceptions/no_such_element.html
Build info: version: '3.4.0', revision: 'unknown', time: 'unknown'
System info: host: 'LAPTOP-S0NUHBFQ', ip: '192.168.0.120', os.name: 'Windows 10', os.arch: 'amd64', os.version: '10.0', java.version: '1.8.0_131'
Driver info: org.openqa.selenium.chrome.ChromeDriver
Capabilities [{applicationCacheEnabled=false, rotatable=false, mobileEmulationEnabled=false, networkConnectionEnabled=false, chrome={chromedriverVersion=2.30.477700 (0057494ad8732195794a7b32078424f92a5fce41), userDataDir=C:\Users\SAWOOD~1\AppData\Local\Temp\scoped_dir18192_24956}, takesHeapSnapshot=true, pageLoadStrategy=normal, databaseEnabled=false, handlesAlerts=true, hasTouchScreen=false, version=60.0.3112.90, platform=XP, browserConnectionEnabled=false, nativeEvents=true, acceptSslCerts=true, locationContextEnabled=true, webStorageEnabled=true, browserName=chrome, takesScreenshot=true, javascriptEnabled=true, cssSelectorsEnabled=true, unexpectedAlertBehaviour=}]
Session ID: caed0290e7f86c8e47fe995b48c1cce6
*** Element info: {Using=xpath, value=//div[contains(text(),'Document')]}
	at sun.reflect.NativeConstructorAccessorImpl.newInstance0(Native Method)
	at sun.reflect.NativeConstructorAccessorImpl.newInstance(NativeConstructorAccessorImpl.java:62)
	at sun.reflect.DelegatingConstructorAccessorImpl.newInstance(DelegatingConstructorAccessorImpl.java:45)
	at java.lang.reflect.Constructor.newInstance(Constructor.java:423)
	at org.openqa.selenium.remote.ErrorHandler.createThrowable(ErrorHandler.java:215)
	at org.openqa.selenium.remote.ErrorHandler.throwIfResponseFailed(ErrorHandler.java:167)
	at org.openqa.selenium.remote.RemoteWebDriver.execute(RemoteWebDriver.java:671)
	at org.openqa.selenium.remote.RemoteWebDriver.findElement(RemoteWebDriver.java:410)
	at org.openqa.selenium.remote.RemoteWebDriver.findElementByXPath(RemoteWebDriver.java:509)
	at org.openqa.selenium.By$ByXPath.findElement(By.java:361)
	at org.openqa.selenium.remote.RemoteWebDriver.findElement(RemoteWebDriver.java:402)
	at org.openqa.selenium.support.pagefactory.DefaultElementLocator.findElement(DefaultElementLocator.java:69)
	at org.openqa.selenium.support.pagefactory.internal.LocatingElementHandler.invoke(LocatingElementHandler.java:38)
	at com.sun.proxy.$Proxy7.click(Unknown Source)
	at Pages.DashboardPage.clickDocumentCard(DashboardPage.java:31)
	at DocumentTestCases.VerifyFolder.RenameFolderName(VerifyFolder.java:57)
	at IriiisDrive.VerifyFolderActivities.RenameOnedriveFolder(VerifyFolderActivities.java:79)
	at sun.reflect.NativeMethodAccessorImpl.invoke0(Native Method)
	at sun.reflect.NativeMethodAccessorImpl.invoke(NativeMethodAccessorImpl.java:62)
	at sun.reflect.DelegatingMethodAccessorImpl.invoke(DelegatingMethodAccessorImpl.java:43)
	at java.lang.reflect.Method.invoke(Method.java:498)
	at org.testng.internal.MethodInvocationHelper.invokeMethod(MethodInvocationHelper.java:80)
	at org.testng.internal.Invoker.invokeMethod(Invoker.java:714)
	at org.testng.internal.Invoker.invokeTestMethod(Invoker.java:901)
	at org.testng.internal.Invoker.invokeTestMethods(Invoker.java:1231)
	at org.testng.internal.TestMethodWorker.invokeTestMethods(TestMethodWorker.java:127)
	at org.testng.internal.TestMethodWorker.run(TestMethodWorker.java:111)
	at org.testng.TestRunner.privateRun(TestRunner.java:767)
	at org.testng.TestRunner.run(TestRunner.java:617)
	at org.testng.SuiteRunner.runTest(SuiteRunner.java:334)
	at org.testng.SuiteRunner.runSequentially(SuiteRunner.java:329)
	at org.testng.SuiteRunner.privateRun(SuiteRunner.java:291)
	at org.testng.SuiteRunner.run(SuiteRunner.java:240)
	at org.testng.SuiteRunnerWorker.runSuite(SuiteRunnerWorker.java:52)
	at org.testng.SuiteRunnerWorker.run(SuiteRunnerWorker.java:86)
	at org.testng.TestNG.runSuitesSequentially(TestNG.java:1198)
	at org.testng.TestNG.runSuitesLocally(TestNG.java:1123)
	at org.testng.TestNG.run(TestNG.java:1031)
	at org.testng.remote.AbstractRemoteTestNG.run(AbstractRemoteTestNG.java:132)
	at org.testng.remote.RemoteTestNG.initAndRun(RemoteTestNG.java:230)
	at org.testng.remote.RemoteTestNG.main(RemoteTestNG.java:76)
]]>
            </full-stacktrace>
          </exception> <!-- org.openqa.selenium.NoSuchElementException -->
          <reporter-output>
          </reporter-output>
        </test-method> <!-- RenameOnedriveFolder -->
        <test-method status="PASS" signature="postCondition()[pri:0, instance:IriiisDrive.VerifyFolderActivities@39c0f4a]" name="postCondition" is-config="true" duration-ms="1047" started-at="2017-08-09T13:12:27Z" finished-at="2017-08-09T13:12:28Z">
          <reporter-output>
          </reporter-output>
        </test-method> <!-- postCondition -->
      </class> <!-- IriiisDrive.VerifyFolderActivities -->
      <class name="IriiisDrive.VerifyTheFileDeletes">
        <test-method status="PASS" signature="testBrowser()[pri:0, instance:IriiisDrive.VerifyTheFileDeletes@1794d431]" name="testBrowser" is-config="true" duration-ms="16055" started-at="2017-08-09T13:01:37Z" finished-at="2017-08-09T13:01:53Z">
          <reporter-output>
          </reporter-output>
        </test-method> <!-- testBrowser -->
        <test-method status="FAIL" signature="VerifyIriiisFileDelete()[pri:0, instance:IriiisDrive.VerifyTheFileDeletes@1794d431]" name="VerifyIriiisFileDelete" duration-ms="25289" started-at="2017-08-09T13:01:53Z" finished-at="2017-08-09T13:02:18Z">
          <exception class="java.lang.AssertionError">
            <message>
              <![CDATA[File Remove got failed expected [false] but found [true]]]>
            </message>
            <full-stacktrace>
              <![CDATA[java.lang.AssertionError: File Remove got failed expected [false] but found [true]
	at org.testng.Assert.fail(Assert.java:94)
	at org.testng.Assert.failNotEquals(Assert.java:494)
	at org.testng.Assert.assertEquals(Assert.java:123)
	at org.testng.Assert.assertEquals(Assert.java:286)
	at DocumentTestCases.VerifyBasicFileActivity.VeryFileRemove(VerifyBasicFileActivity.java:156)
	at IriiisDrive.VerifyTheFileDeletes.VerifyIriiisFileDelete(VerifyTheFileDeletes.java:14)
	at sun.reflect.NativeMethodAccessorImpl.invoke0(Native Method)
	at sun.reflect.NativeMethodAccessorImpl.invoke(NativeMethodAccessorImpl.java:62)
	at sun.reflect.DelegatingMethodAccessorImpl.invoke(DelegatingMethodAccessorImpl.java:43)
	at java.lang.reflect.Method.invoke(Method.java:498)
	at org.testng.internal.MethodInvocationHelper.invokeMethod(MethodInvocationHelper.java:80)
	at org.testng.internal.Invoker.invokeMethod(Invoker.java:714)
	at org.testng.internal.Invoker.invokeTestMethod(Invoker.java:901)
	at org.testng.internal.Invoker.invokeTestMethods(Invoker.java:1231)
	at org.testng.internal.TestMethodWorker.invokeTestMethods(TestMethodWorker.java:127)
	at org.testng.internal.TestMethodWorker.run(TestMethodWorker.java:111)
	at org.testng.TestRunner.privateRun(TestRunner.java:767)
	at org.testng.TestRunner.run(TestRunner.java:617)
	at org.testng.SuiteRunner.runTest(SuiteRunner.java:334)
	at org.testng.SuiteRunner.runSequentially(SuiteRunner.java:329)
	at org.testng.SuiteRunner.privateRun(SuiteRunner.java:291)
	at org.testng.SuiteRunner.run(SuiteRunner.java:240)
	at org.testng.SuiteRunnerWorker.runSuite(SuiteRunnerWorker.java:52)
	at org.testng.SuiteRunnerWorker.run(SuiteRunnerWorker.java:86)
	at org.testng.TestNG.runSuitesSequentially(TestNG.java:1198)
	at org.testng.TestNG.runSuitesLocally(TestNG.java:1123)
	at org.testng.TestNG.run(TestNG.java:1031)
	at org.testng.remote.AbstractRemoteTestNG.run(AbstractRemoteTestNG.java:132)
	at org.testng.remote.RemoteTestNG.initAndRun(RemoteTestNG.java:230)
	at org.testng.remote.RemoteTestNG.main(RemoteTestNG.java:76)
]]>
            </full-stacktrace>
          </exception> <!-- java.lang.AssertionError -->
          <reporter-output>
          </reporter-output>
        </test-method> <!-- VerifyIriiisFileDelete -->
        <test-method status="PASS" signature="VerifyBoxdriveFileDelete()[pri:0, instance:IriiisDrive.VerifyTheFileDeletes@1794d431]" name="VerifyBoxdriveFileDelete" duration-ms="18383" started-at="2017-08-09T13:02:19Z" finished-at="2017-08-09T13:02:37Z">
          <reporter-output>
          </reporter-output>
        </test-method> <!-- VerifyBoxdriveFileDelete -->
        <test-method status="PASS" signature="VerifygoogleFileDelete()[pri:0, instance:IriiisDrive.VerifyTheFileDeletes@1794d431]" name="VerifygoogleFileDelete" duration-ms="18276" started-at="2017-08-09T13:02:37Z" finished-at="2017-08-09T13:02:55Z">
          <reporter-output>
          </reporter-output>
        </test-method> <!-- VerifygoogleFileDelete -->
        <test-method status="PASS" signature="postCondition()[pri:0, instance:IriiisDrive.VerifyTheFileDeletes@1794d431]" name="postCondition" is-config="true" duration-ms="1025" started-at="2017-08-09T13:02:55Z" finished-at="2017-08-09T13:02:56Z">
          <reporter-output>
          </reporter-output>
        </test-method> <!-- postCondition -->
      </class> <!-- IriiisDrive.VerifyTheFileDeletes -->
      <class name="IriiisDrive.VerifyBatchFileDelete">
        <test-method status="PASS" signature="testBrowser()[pri:0, instance:IriiisDrive.VerifyBatchFileDelete@42e26948]" name="testBrowser" is-config="true" duration-ms="16141" started-at="2017-08-09T13:08:13Z" finished-at="2017-08-09T13:08:29Z">
          <reporter-output>
          </reporter-output>
        </test-method> <!-- testBrowser -->
        <test-method status="FAIL" signature="VerifygoogleBatchDelete()[pri:0, instance:IriiisDrive.VerifyBatchFileDelete@42e26948]" name="VerifygoogleBatchDelete" duration-ms="21761" started-at="2017-08-09T13:08:29Z" finished-at="2017-08-09T13:08:51Z">
          <exception class="org.openqa.selenium.ElementNotVisibleException">
            <message>
              <![CDATA[element not visible
  (Session info: chrome=60.0.3112.90)
  (Driver info: chromedriver=2.30.477700 (0057494ad8732195794a7b32078424f92a5fce41),platform=Windows NT 10.0.14393 x86_64) (WARNING: The server did not provide any stacktrace information)
Command duration or timeout: 24 milliseconds
Build info: version: '3.4.0', revision: 'unknown', time: 'unknown'
System info: host: 'LAPTOP-S0NUHBFQ', ip: '192.168.0.120', os.name: 'Windows 10', os.arch: 'amd64', os.version: '10.0', java.version: '1.8.0_131'
Driver info: org.openqa.selenium.chrome.ChromeDriver
Capabilities [{applicationCacheEnabled=false, rotatable=false, mobileEmulationEnabled=false, networkConnectionEnabled=false, chrome={chromedriverVersion=2.30.477700 (0057494ad8732195794a7b32078424f92a5fce41), userDataDir=C:\Users\SAWOOD~1\AppData\Local\Temp\scoped_dir5880_10688}, takesHeapSnapshot=true, pageLoadStrategy=normal, databaseEnabled=false, handlesAlerts=true, hasTouchScreen=false, version=60.0.3112.90, platform=XP, browserConnectionEnabled=false, nativeEvents=true, acceptSslCerts=true, locationContextEnabled=true, webStorageEnabled=true, browserName=chrome, takesScreenshot=true, javascriptEnabled=true, cssSelectorsEnabled=true, unexpectedAlertBehaviour=}]
Session ID: d9d611222cf7283ec0326ba4b2cf0bb7]]>
            </message>
            <full-stacktrace>
              <![CDATA[org.openqa.selenium.ElementNotVisibleException: element not visible
  (Session info: chrome=60.0.3112.90)
  (Driver info: chromedriver=2.30.477700 (0057494ad8732195794a7b32078424f92a5fce41),platform=Windows NT 10.0.14393 x86_64) (WARNING: The server did not provide any stacktrace information)
Command duration or timeout: 24 milliseconds
Build info: version: '3.4.0', revision: 'unknown', time: 'unknown'
System info: host: 'LAPTOP-S0NUHBFQ', ip: '192.168.0.120', os.name: 'Windows 10', os.arch: 'amd64', os.version: '10.0', java.version: '1.8.0_131'
Driver info: org.openqa.selenium.chrome.ChromeDriver
Capabilities [{applicationCacheEnabled=false, rotatable=false, mobileEmulationEnabled=false, networkConnectionEnabled=false, chrome={chromedriverVersion=2.30.477700 (0057494ad8732195794a7b32078424f92a5fce41), userDataDir=C:\Users\SAWOOD~1\AppData\Local\Temp\scoped_dir5880_10688}, takesHeapSnapshot=true, pageLoadStrategy=normal, databaseEnabled=false, handlesAlerts=true, hasTouchScreen=false, version=60.0.3112.90, platform=XP, browserConnectionEnabled=false, nativeEvents=true, acceptSslCerts=true, locationContextEnabled=true, webStorageEnabled=true, browserName=chrome, takesScreenshot=true, javascriptEnabled=true, cssSelectorsEnabled=true, unexpectedAlertBehaviour=}]
Session ID: d9d611222cf7283ec0326ba4b2cf0bb7
	at sun.reflect.NativeConstructorAccessorImpl.newInstance0(Native Method)
	at sun.reflect.NativeConstructorAccessorImpl.newInstance(NativeConstructorAccessorImpl.java:62)
	at sun.reflect.DelegatingConstructorAccessorImpl.newInstance(DelegatingConstructorAccessorImpl.java:45)
	at java.lang.reflect.Constructor.newInstance(Constructor.java:423)
	at org.openqa.selenium.remote.ErrorHandler.createThrowable(ErrorHandler.java:215)
	at org.openqa.selenium.remote.ErrorHandler.throwIfResponseFailed(ErrorHandler.java:167)
	at org.openqa.selenium.remote.RemoteWebDriver.execute(RemoteWebDriver.java:671)
	at org.openqa.selenium.remote.RemoteWebElement.execute(RemoteWebElement.java:272)
	at org.openqa.selenium.remote.RemoteWebElement.click(RemoteWebElement.java:82)
	at sun.reflect.GeneratedMethodAccessor2.invoke(Unknown Source)
	at sun.reflect.DelegatingMethodAccessorImpl.invoke(DelegatingMethodAccessorImpl.java:43)
	at java.lang.reflect.Method.invoke(Method.java:498)
	at org.openqa.selenium.support.pagefactory.internal.LocatingElementHandler.invoke(LocatingElementHandler.java:51)
	at com.sun.proxy.$Proxy7.click(Unknown Source)
	at Pages.DocumentsPage.ClickOnSelectAllBtn(DocumentsPage.java:164)
	at DocumentTestCases.VerifyBasicFileActivity.VeryBatchDelete(VerifyBasicFileActivity.java:225)
	at IriiisDrive.VerifyBatchFileDelete.VerifygoogleBatchDelete(VerifyBatchFileDelete.java:14)
	at sun.reflect.NativeMethodAccessorImpl.invoke0(Native Method)
	at sun.reflect.NativeMethodAccessorImpl.invoke(NativeMethodAccessorImpl.java:62)
	at sun.reflect.DelegatingMethodAccessorImpl.invoke(DelegatingMethodAccessorImpl.java:43)
	at java.lang.reflect.Method.invoke(Method.java:498)
	at org.testng.internal.MethodInvocationHelper.invokeMethod(MethodInvocationHelper.java:80)
	at org.testng.internal.Invoker.invokeMethod(Invoker.java:714)
	at org.testng.internal.Invoker.invokeTestMethod(Invoker.java:901)
	at org.testng.internal.Invoker.invokeTestMethods(Invoker.java:1231)
	at org.testng.internal.TestMethodWorker.invokeTestMethods(TestMethodWorker.java:127)
	at org.testng.internal.TestMethodWorker.run(TestMethodWorker.java:111)
	at org.testng.TestRunner.privateRun(TestRunner.java:767)
	at org.testng.TestRunner.run(TestRunner.java:617)
	at org.testng.SuiteRunner.runTest(SuiteRunner.java:334)
	at org.testng.SuiteRunner.runSequentially(SuiteRunner.java:329)
	at org.testng.SuiteRunner.privateRun(SuiteRunner.java:291)
	at org.testng.SuiteRunner.run(SuiteRunner.java:240)
	at org.testng.SuiteRunnerWorker.runSuite(SuiteRunnerWorker.java:52)
	at org.testng.SuiteRunnerWorker.run(SuiteRunnerWorker.java:86)
	at org.testng.TestNG.runSuitesSequentially(TestNG.java:1198)
	at org.testng.TestNG.runSuitesLocally(TestNG.java:1123)
	at org.testng.TestNG.run(TestNG.java:1031)
	at org.testng.remote.AbstractRemoteTestNG.run(AbstractRemoteTestNG.java:132)
	at org.testng.remote.RemoteTestNG.initAndRun(RemoteTestNG.java:230)
	at org.testng.remote.RemoteTestNG.main(RemoteTestNG.java:76)
]]>
            </full-stacktrace>
          </exception> <!-- org.openqa.selenium.ElementNotVisibleException -->
          <reporter-output>
          </reporter-output>
        </test-method> <!-- VerifygoogleBatchDelete -->
        <test-method status="FAIL" signature="VerifyIriiisBatchDelete()[pri:0, instance:IriiisDrive.VerifyBatchFileDelete@42e26948]" name="VerifyIriiisBatchDelete" duration-ms="10044" started-at="2017-08-09T13:08:51Z" finished-at="2017-08-09T13:09:01Z">
          <exception class="org.openqa.selenium.NoSuchElementException">
            <message>
              <![CDATA[no such element: Unable to locate element: {"method":"xpath","selector":"//div[contains(text(),'Document')]"}
  (Session info: chrome=60.0.3112.90)
  (Driver info: chromedriver=2.30.477700 (0057494ad8732195794a7b32078424f92a5fce41),platform=Windows NT 10.0.14393 x86_64) (WARNING: The server did not provide any stacktrace information)
Command duration or timeout: 10.04 seconds
For documentation on this error, please visit: http://seleniumhq.org/exceptions/no_such_element.html
Build info: version: '3.4.0', revision: 'unknown', time: 'unknown'
System info: host: 'LAPTOP-S0NUHBFQ', ip: '192.168.0.120', os.name: 'Windows 10', os.arch: 'amd64', os.version: '10.0', java.version: '1.8.0_131'
Driver info: org.openqa.selenium.chrome.ChromeDriver
Capabilities [{applicationCacheEnabled=false, rotatable=false, mobileEmulationEnabled=false, networkConnectionEnabled=false, chrome={chromedriverVersion=2.30.477700 (0057494ad8732195794a7b32078424f92a5fce41), userDataDir=C:\Users\SAWOOD~1\AppData\Local\Temp\scoped_dir5880_10688}, takesHeapSnapshot=true, pageLoadStrategy=normal, databaseEnabled=false, handlesAlerts=true, hasTouchScreen=false, version=60.0.3112.90, platform=XP, browserConnectionEnabled=false, nativeEvents=true, acceptSslCerts=true, locationContextEnabled=true, webStorageEnabled=true, browserName=chrome, takesScreenshot=true, javascriptEnabled=true, cssSelectorsEnabled=true, unexpectedAlertBehaviour=}]
Session ID: d9d611222cf7283ec0326ba4b2cf0bb7
*** Element info: {Using=xpath, value=//div[contains(text(),'Document')]}]]>
            </message>
            <full-stacktrace>
              <![CDATA[org.openqa.selenium.NoSuchElementException: no such element: Unable to locate element: {"method":"xpath","selector":"//div[contains(text(),'Document')]"}
  (Session info: chrome=60.0.3112.90)
  (Driver info: chromedriver=2.30.477700 (0057494ad8732195794a7b32078424f92a5fce41),platform=Windows NT 10.0.14393 x86_64) (WARNING: The server did not provide any stacktrace information)
Command duration or timeout: 10.04 seconds
For documentation on this error, please visit: http://seleniumhq.org/exceptions/no_such_element.html
Build info: version: '3.4.0', revision: 'unknown', time: 'unknown'
System info: host: 'LAPTOP-S0NUHBFQ', ip: '192.168.0.120', os.name: 'Windows 10', os.arch: 'amd64', os.version: '10.0', java.version: '1.8.0_131'
Driver info: org.openqa.selenium.chrome.ChromeDriver
Capabilities [{applicationCacheEnabled=false, rotatable=false, mobileEmulationEnabled=false, networkConnectionEnabled=false, chrome={chromedriverVersion=2.30.477700 (0057494ad8732195794a7b32078424f92a5fce41), userDataDir=C:\Users\SAWOOD~1\AppData\Local\Temp\scoped_dir5880_10688}, takesHeapSnapshot=true, pageLoadStrategy=normal, databaseEnabled=false, handlesAlerts=true, hasTouchScreen=false, version=60.0.3112.90, platform=XP, browserConnectionEnabled=false, nativeEvents=true, acceptSslCerts=true, locationContextEnabled=true, webStorageEnabled=true, browserName=chrome, takesScreenshot=true, javascriptEnabled=true, cssSelectorsEnabled=true, unexpectedAlertBehaviour=}]
Session ID: d9d611222cf7283ec0326ba4b2cf0bb7
*** Element info: {Using=xpath, value=//div[contains(text(),'Document')]}
	at sun.reflect.NativeConstructorAccessorImpl.newInstance0(Native Method)
	at sun.reflect.NativeConstructorAccessorImpl.newInstance(NativeConstructorAccessorImpl.java:62)
	at sun.reflect.DelegatingConstructorAccessorImpl.newInstance(DelegatingConstructorAccessorImpl.java:45)
	at java.lang.reflect.Constructor.newInstance(Constructor.java:423)
	at org.openqa.selenium.remote.ErrorHandler.createThrowable(ErrorHandler.java:215)
	at org.openqa.selenium.remote.ErrorHandler.throwIfResponseFailed(ErrorHandler.java:167)
	at org.openqa.selenium.remote.RemoteWebDriver.execute(RemoteWebDriver.java:671)
	at org.openqa.selenium.remote.RemoteWebDriver.findElement(RemoteWebDriver.java:410)
	at org.openqa.selenium.remote.RemoteWebDriver.findElementByXPath(RemoteWebDriver.java:509)
	at org.openqa.selenium.By$ByXPath.findElement(By.java:361)
	at org.openqa.selenium.remote.RemoteWebDriver.findElement(RemoteWebDriver.java:402)
	at org.openqa.selenium.support.pagefactory.DefaultElementLocator.findElement(DefaultElementLocator.java:69)
	at org.openqa.selenium.support.pagefactory.internal.LocatingElementHandler.invoke(LocatingElementHandler.java:38)
	at com.sun.proxy.$Proxy7.click(Unknown Source)
	at Pages.DashboardPage.clickDocumentCard(DashboardPage.java:31)
	at DocumentTestCases.VerifyBasicFileActivity.VeryBatchDelete(VerifyBasicFileActivity.java:199)
	at IriiisDrive.VerifyBatchFileDelete.VerifyIriiisBatchDelete(VerifyBatchFileDelete.java:21)
	at sun.reflect.NativeMethodAccessorImpl.invoke0(Native Method)
	at sun.reflect.NativeMethodAccessorImpl.invoke(NativeMethodAccessorImpl.java:62)
	at sun.reflect.DelegatingMethodAccessorImpl.invoke(DelegatingMethodAccessorImpl.java:43)
	at java.lang.reflect.Method.invoke(Method.java:498)
	at org.testng.internal.MethodInvocationHelper.invokeMethod(MethodInvocationHelper.java:80)
	at org.testng.internal.Invoker.invokeMethod(Invoker.java:714)
	at org.testng.internal.Invoker.invokeTestMethod(Invoker.java:901)
	at org.testng.internal.Invoker.invokeTestMethods(Invoker.java:1231)
	at org.testng.internal.TestMethodWorker.invokeTestMethods(TestMethodWorker.java:127)
	at org.testng.internal.TestMethodWorker.run(TestMethodWorker.java:111)
	at org.testng.TestRunner.privateRun(TestRunner.java:767)
	at org.testng.TestRunner.run(TestRunner.java:617)
	at org.testng.SuiteRunner.runTest(SuiteRunner.java:334)
	at org.testng.SuiteRunner.runSequentially(SuiteRunner.java:329)
	at org.testng.SuiteRunner.privateRun(SuiteRunner.java:291)
	at org.testng.SuiteRunner.run(SuiteRunner.java:240)
	at org.testng.SuiteRunnerWorker.runSuite(SuiteRunnerWorker.java:52)
	at org.testng.SuiteRunnerWorker.run(SuiteRunnerWorker.java:86)
	at org.testng.TestNG.runSuitesSequentially(TestNG.java:1198)
	at org.testng.TestNG.runSuitesLocally(TestNG.java:1123)
	at org.testng.TestNG.run(TestNG.java:1031)
	at org.testng.remote.AbstractRemoteTestNG.run(AbstractRemoteTestNG.java:132)
	at org.testng.remote.RemoteTestNG.initAndRun(RemoteTestNG.java:230)
	at org.testng.remote.RemoteTestNG.main(RemoteTestNG.java:76)
]]>
            </full-stacktrace>
          </exception> <!-- org.openqa.selenium.NoSuchElementException -->
          <reporter-output>
          </reporter-output>
        </test-method> <!-- VerifyIriiisBatchDelete -->
        <test-method status="FAIL" signature="VerifyboxBatchDelete()[pri:0, instance:IriiisDrive.VerifyBatchFileDelete@42e26948]" name="VerifyboxBatchDelete" duration-ms="10077" started-at="2017-08-09T13:09:01Z" finished-at="2017-08-09T13:09:11Z">
          <exception class="org.openqa.selenium.NoSuchElementException">
            <message>
              <![CDATA[no such element: Unable to locate element: {"method":"xpath","selector":"//div[contains(text(),'Document')]"}
  (Session info: chrome=60.0.3112.90)
  (Driver info: chromedriver=2.30.477700 (0057494ad8732195794a7b32078424f92a5fce41),platform=Windows NT 10.0.14393 x86_64) (WARNING: The server did not provide any stacktrace information)
Command duration or timeout: 10.07 seconds
For documentation on this error, please visit: http://seleniumhq.org/exceptions/no_such_element.html
Build info: version: '3.4.0', revision: 'unknown', time: 'unknown'
System info: host: 'LAPTOP-S0NUHBFQ', ip: '192.168.0.120', os.name: 'Windows 10', os.arch: 'amd64', os.version: '10.0', java.version: '1.8.0_131'
Driver info: org.openqa.selenium.chrome.ChromeDriver
Capabilities [{applicationCacheEnabled=false, rotatable=false, mobileEmulationEnabled=false, networkConnectionEnabled=false, chrome={chromedriverVersion=2.30.477700 (0057494ad8732195794a7b32078424f92a5fce41), userDataDir=C:\Users\SAWOOD~1\AppData\Local\Temp\scoped_dir5880_10688}, takesHeapSnapshot=true, pageLoadStrategy=normal, databaseEnabled=false, handlesAlerts=true, hasTouchScreen=false, version=60.0.3112.90, platform=XP, browserConnectionEnabled=false, nativeEvents=true, acceptSslCerts=true, locationContextEnabled=true, webStorageEnabled=true, browserName=chrome, takesScreenshot=true, javascriptEnabled=true, cssSelectorsEnabled=true, unexpectedAlertBehaviour=}]
Session ID: d9d611222cf7283ec0326ba4b2cf0bb7
*** Element info: {Using=xpath, value=//div[contains(text(),'Document')]}]]>
            </message>
            <full-stacktrace>
              <![CDATA[org.openqa.selenium.NoSuchElementException: no such element: Unable to locate element: {"method":"xpath","selector":"//div[contains(text(),'Document')]"}
  (Session info: chrome=60.0.3112.90)
  (Driver info: chromedriver=2.30.477700 (0057494ad8732195794a7b32078424f92a5fce41),platform=Windows NT 10.0.14393 x86_64) (WARNING: The server did not provide any stacktrace information)
Command duration or timeout: 10.07 seconds
For documentation on this error, please visit: http://seleniumhq.org/exceptions/no_such_element.html
Build info: version: '3.4.0', revision: 'unknown', time: 'unknown'
System info: host: 'LAPTOP-S0NUHBFQ', ip: '192.168.0.120', os.name: 'Windows 10', os.arch: 'amd64', os.version: '10.0', java.version: '1.8.0_131'
Driver info: org.openqa.selenium.chrome.ChromeDriver
Capabilities [{applicationCacheEnabled=false, rotatable=false, mobileEmulationEnabled=false, networkConnectionEnabled=false, chrome={chromedriverVersion=2.30.477700 (0057494ad8732195794a7b32078424f92a5fce41), userDataDir=C:\Users\SAWOOD~1\AppData\Local\Temp\scoped_dir5880_10688}, takesHeapSnapshot=true, pageLoadStrategy=normal, databaseEnabled=false, handlesAlerts=true, hasTouchScreen=false, version=60.0.3112.90, platform=XP, browserConnectionEnabled=false, nativeEvents=true, acceptSslCerts=true, locationContextEnabled=true, webStorageEnabled=true, browserName=chrome, takesScreenshot=true, javascriptEnabled=true, cssSelectorsEnabled=true, unexpectedAlertBehaviour=}]
Session ID: d9d611222cf7283ec0326ba4b2cf0bb7
*** Element info: {Using=xpath, value=//div[contains(text(),'Document')]}
	at sun.reflect.NativeConstructorAccessorImpl.newInstance0(Native Method)
	at sun.reflect.NativeConstructorAccessorImpl.newInstance(NativeConstructorAccessorImpl.java:62)
	at sun.reflect.DelegatingConstructorAccessorImpl.newInstance(DelegatingConstructorAccessorImpl.java:45)
	at java.lang.reflect.Constructor.newInstance(Constructor.java:423)
	at org.openqa.selenium.remote.ErrorHandler.createThrowable(ErrorHandler.java:215)
	at org.openqa.selenium.remote.ErrorHandler.throwIfResponseFailed(ErrorHandler.java:167)
	at org.openqa.selenium.remote.RemoteWebDriver.execute(RemoteWebDriver.java:671)
	at org.openqa.selenium.remote.RemoteWebDriver.findElement(RemoteWebDriver.java:410)
	at org.openqa.selenium.remote.RemoteWebDriver.findElementByXPath(RemoteWebDriver.java:509)
	at org.openqa.selenium.By$ByXPath.findElement(By.java:361)
	at org.openqa.selenium.remote.RemoteWebDriver.findElement(RemoteWebDriver.java:402)
	at org.openqa.selenium.support.pagefactory.DefaultElementLocator.findElement(DefaultElementLocator.java:69)
	at org.openqa.selenium.support.pagefactory.internal.LocatingElementHandler.invoke(LocatingElementHandler.java:38)
	at com.sun.proxy.$Proxy7.click(Unknown Source)
	at Pages.DashboardPage.clickDocumentCard(DashboardPage.java:31)
	at DocumentTestCases.VerifyBasicFileActivity.VeryBatchDelete(VerifyBasicFileActivity.java:199)
	at IriiisDrive.VerifyBatchFileDelete.VerifyboxBatchDelete(VerifyBatchFileDelete.java:28)
	at sun.reflect.NativeMethodAccessorImpl.invoke0(Native Method)
	at sun.reflect.NativeMethodAccessorImpl.invoke(NativeMethodAccessorImpl.java:62)
	at sun.reflect.DelegatingMethodAccessorImpl.invoke(DelegatingMethodAccessorImpl.java:43)
	at java.lang.reflect.Method.invoke(Method.java:498)
	at org.testng.internal.MethodInvocationHelper.invokeMethod(MethodInvocationHelper.java:80)
	at org.testng.internal.Invoker.invokeMethod(Invoker.java:714)
	at org.testng.internal.Invoker.invokeTestMethod(Invoker.java:901)
	at org.testng.internal.Invoker.invokeTestMethods(Invoker.java:1231)
	at org.testng.internal.TestMethodWorker.invokeTestMethods(TestMethodWorker.java:127)
	at org.testng.internal.TestMethodWorker.run(TestMethodWorker.java:111)
	at org.testng.TestRunner.privateRun(TestRunner.java:767)
	at org.testng.TestRunner.run(TestRunner.java:617)
	at org.testng.SuiteRunner.runTest(SuiteRunner.java:334)
	at org.testng.SuiteRunner.runSequentially(SuiteRunner.java:329)
	at org.testng.SuiteRunner.privateRun(SuiteRunner.java:291)
	at org.testng.SuiteRunner.run(SuiteRunner.java:240)
	at org.testng.SuiteRunnerWorker.runSuite(SuiteRunnerWorker.java:52)
	at org.testng.SuiteRunnerWorker.run(SuiteRunnerWorker.java:86)
	at org.testng.TestNG.runSuitesSequentially(TestNG.java:1198)
	at org.testng.TestNG.runSuitesLocally(TestNG.java:1123)
	at org.testng.TestNG.run(TestNG.java:1031)
	at org.testng.remote.AbstractRemoteTestNG.run(AbstractRemoteTestNG.java:132)
	at org.testng.remote.RemoteTestNG.initAndRun(RemoteTestNG.java:230)
	at org.testng.remote.RemoteTestNG.main(RemoteTestNG.java:76)
]]>
            </full-stacktrace>
          </exception> <!-- org.openqa.selenium.NoSuchElementException -->
          <reporter-output>
          </reporter-output>
        </test-method> <!-- VerifyboxBatchDelete -->
        <test-method status="PASS" signature="postCondition()[pri:0, instance:IriiisDrive.VerifyBatchFileDelete@42e26948]" name="postCondition" is-config="true" duration-ms="1048" started-at="2017-08-09T13:09:11Z" finished-at="2017-08-09T13:09:12Z">
          <reporter-output>
          </reporter-output>
        </test-method> <!-- postCondition -->
      </class> <!-- IriiisDrive.VerifyBatchFileDelete -->
      <class name="IriiisDrive.VerifyFilesTrashAndUntrash">
        <test-method status="PASS" signature="testBrowser()[pri:0, instance:IriiisDrive.VerifyFilesTrashAndUntrash@7d9d1a19]" name="testBrowser" is-config="true" duration-ms="15946" started-at="2017-08-09T12:59:07Z" finished-at="2017-08-09T12:59:23Z">
          <reporter-output>
          </reporter-output>
        </test-method> <!-- testBrowser -->
        <test-method status="PASS" signature="VerifyIriiisFileTrash()[pri:0, instance:IriiisDrive.VerifyFilesTrashAndUntrash@7d9d1a19]" name="VerifyIriiisFileTrash" duration-ms="34057" started-at="2017-08-09T12:59:23Z" finished-at="2017-08-09T12:59:57Z">
          <reporter-output>
          </reporter-output>
        </test-method> <!-- VerifyIriiisFileTrash -->
        <test-method status="PASS" signature="VerifyGoogleFileTrash()[pri:0, instance:IriiisDrive.VerifyFilesTrashAndUntrash@7d9d1a19]" name="VerifyGoogleFileTrash" duration-ms="33161" started-at="2017-08-09T12:59:57Z" finished-at="2017-08-09T13:00:30Z">
          <reporter-output>
          </reporter-output>
        </test-method> <!-- VerifyGoogleFileTrash -->
        <test-method status="PASS" signature="VerifyDropboxFileTrash()[pri:0, instance:IriiisDrive.VerifyFilesTrashAndUntrash@7d9d1a19]" name="VerifyDropboxFileTrash" duration-ms="33087" started-at="2017-08-09T13:00:30Z" finished-at="2017-08-09T13:01:03Z">
          <reporter-output>
          </reporter-output>
        </test-method> <!-- VerifyDropboxFileTrash -->
        <test-method status="PASS" signature="VerifyBoxFileTrash()[pri:0, instance:IriiisDrive.VerifyFilesTrashAndUntrash@7d9d1a19]" name="VerifyBoxFileTrash" duration-ms="32830" started-at="2017-08-09T13:01:03Z" finished-at="2017-08-09T13:01:36Z">
          <reporter-output>
          </reporter-output>
        </test-method> <!-- VerifyBoxFileTrash -->
        <test-method status="PASS" signature="postCondition()[pri:0, instance:IriiisDrive.VerifyFilesTrashAndUntrash@7d9d1a19]" name="postCondition" is-config="true" duration-ms="1055" started-at="2017-08-09T13:01:36Z" finished-at="2017-08-09T13:01:37Z">
          <reporter-output>
          </reporter-output>
        </test-method> <!-- postCondition -->
      </class> <!-- IriiisDrive.VerifyFilesTrashAndUntrash -->
      <class name="IriiisDrive.VerifyBatchTrashAndUntrash">
        <test-method status="PASS" signature="testBrowser()[pri:0, instance:IriiisDrive.VerifyBatchTrashAndUntrash@4883b407]" name="testBrowser" is-config="true" duration-ms="16312" started-at="2017-08-09T13:02:56Z" finished-at="2017-08-09T13:03:13Z">
          <reporter-output>
          </reporter-output>
        </test-method> <!-- testBrowser -->
        <test-method status="PASS" signature="VerifyIriiisBatchFileTrash()[pri:0, instance:IriiisDrive.VerifyBatchTrashAndUntrash@4883b407]" name="VerifyIriiisBatchFileTrash" duration-ms="33227" started-at="2017-08-09T13:03:13Z" finished-at="2017-08-09T13:03:46Z">
          <reporter-output>
          </reporter-output>
        </test-method> <!-- VerifyIriiisBatchFileTrash -->
        <test-method status="PASS" signature="VerifyIgoogleBatchFileTrash()[pri:0, instance:IriiisDrive.VerifyBatchTrashAndUntrash@4883b407]" name="VerifyIgoogleBatchFileTrash" duration-ms="32376" started-at="2017-08-09T13:03:46Z" finished-at="2017-08-09T13:04:18Z">
          <reporter-output>
          </reporter-output>
        </test-method> <!-- VerifyIgoogleBatchFileTrash -->
        <test-method status="PASS" signature="VerifyBoxdriveBatchFileTrash()[pri:0, instance:IriiisDrive.VerifyBatchTrashAndUntrash@4883b407]" name="VerifyBoxdriveBatchFileTrash" duration-ms="32290" started-at="2017-08-09T13:04:18Z" finished-at="2017-08-09T13:04:50Z">
          <reporter-output>
          </reporter-output>
        </test-method> <!-- VerifyBoxdriveBatchFileTrash -->
        <test-method status="PASS" signature="VerifyDropboxBatchFileTrash()[pri:0, instance:IriiisDrive.VerifyBatchTrashAndUntrash@4883b407]" name="VerifyDropboxBatchFileTrash" duration-ms="32403" started-at="2017-08-09T13:04:50Z" finished-at="2017-08-09T13:05:23Z">
          <reporter-output>
          </reporter-output>
        </test-method> <!-- VerifyDropboxBatchFileTrash -->
        <test-method status="PASS" signature="VerifyOIriiisBatchFileUnTrash()[pri:0, instance:IriiisDrive.VerifyBatchTrashAndUntrash@4883b407]" name="VerifyOIriiisBatchFileUnTrash" duration-ms="42966" started-at="2017-08-09T13:05:23Z" finished-at="2017-08-09T13:06:06Z">
          <reporter-output>
          </reporter-output>
        </test-method> <!-- VerifyOIriiisBatchFileUnTrash -->
        <test-method status="PASS" signature="VerifygoogleBatchFileUnTrash()[pri:0, instance:IriiisDrive.VerifyBatchTrashAndUntrash@4883b407]" name="VerifygoogleBatchFileUnTrash" duration-ms="41937" started-at="2017-08-09T13:06:06Z" finished-at="2017-08-09T13:06:48Z">
          <reporter-output>
          </reporter-output>
        </test-method> <!-- VerifygoogleBatchFileUnTrash -->
        <test-method status="PASS" signature="VerifyboxBatchFileUnTrash()[pri:0, instance:IriiisDrive.VerifyBatchTrashAndUntrash@4883b407]" name="VerifyboxBatchFileUnTrash" duration-ms="41714" started-at="2017-08-09T13:06:48Z" finished-at="2017-08-09T13:07:29Z">
          <reporter-output>
          </reporter-output>
        </test-method> <!-- VerifyboxBatchFileUnTrash -->
        <test-method status="PASS" signature="VerifyBoxdriveBatchFileUnTrash()[pri:0, instance:IriiisDrive.VerifyBatchTrashAndUntrash@4883b407]" name="VerifyBoxdriveBatchFileUnTrash" duration-ms="42374" started-at="2017-08-09T13:07:29Z" finished-at="2017-08-09T13:08:12Z">
          <reporter-output>
          </reporter-output>
        </test-method> <!-- VerifyBoxdriveBatchFileUnTrash -->
        <test-method status="PASS" signature="postCondition()[pri:0, instance:IriiisDrive.VerifyBatchTrashAndUntrash@4883b407]" name="postCondition" is-config="true" duration-ms="1120" started-at="2017-08-09T13:08:12Z" finished-at="2017-08-09T13:08:13Z">
          <reporter-output>
          </reporter-output>
        </test-method> <!-- postCondition -->
      </class> <!-- IriiisDrive.VerifyBatchTrashAndUntrash -->
      <class name="IriiisDrive.VerifyIriiisFileTagingAndSharing">
        <test-method status="PASS" signature="testBrowser()[pri:0, instance:IriiisDrive.VerifyIriiisFileTagingAndSharing@3e6fa38a]" name="testBrowser" is-config="true" duration-ms="18660" started-at="2017-08-09T12:51:00Z" finished-at="2017-08-09T12:51:19Z">
          <reporter-output>
          </reporter-output>
        </test-method> <!-- testBrowser -->
        <test-method status="PASS" signature="VerifyIriiisTag()[pri:0, instance:IriiisDrive.VerifyIriiisFileTagingAndSharing@3e6fa38a]" name="VerifyIriiisTag" duration-ms="24841" started-at="2017-08-09T12:51:19Z" finished-at="2017-08-09T12:51:43Z">
          <reporter-output>
          </reporter-output>
        </test-method> <!-- VerifyIriiisTag -->
        <test-method status="PASS" signature="VerifgoogleTag()[pri:0, instance:IriiisDrive.VerifyIriiisFileTagingAndSharing@3e6fa38a]" name="VerifgoogleTag" duration-ms="24480" started-at="2017-08-09T12:51:43Z" finished-at="2017-08-09T12:52:08Z">
          <reporter-output>
          </reporter-output>
        </test-method> <!-- VerifgoogleTag -->
        <test-method status="PASS" signature="VerifboxdriveTag()[pri:0, instance:IriiisDrive.VerifyIriiisFileTagingAndSharing@3e6fa38a]" name="VerifboxdriveTag" duration-ms="24348" started-at="2017-08-09T12:52:08Z" finished-at="2017-08-09T12:52:32Z">
          <reporter-output>
          </reporter-output>
        </test-method> <!-- VerifboxdriveTag -->
        <test-method status="PASS" signature="VerifdropboxdriveTag()[pri:0, instance:IriiisDrive.VerifyIriiisFileTagingAndSharing@3e6fa38a]" name="VerifdropboxdriveTag" duration-ms="24318" started-at="2017-08-09T12:52:32Z" finished-at="2017-08-09T12:52:57Z">
          <reporter-output>
          </reporter-output>
        </test-method> <!-- VerifdropboxdriveTag -->
        <test-method status="PASS" signature="VerifonedriveTag()[pri:0, instance:IriiisDrive.VerifyIriiisFileTagingAndSharing@3e6fa38a]" name="VerifonedriveTag" duration-ms="24573" started-at="2017-08-09T12:52:57Z" finished-at="2017-08-09T12:53:21Z">
          <reporter-output>
          </reporter-output>
        </test-method> <!-- VerifonedriveTag -->
        <test-method status="PASS" signature="VerifyIriiisSharing()[pri:0, instance:IriiisDrive.VerifyIriiisFileTagingAndSharing@3e6fa38a]" name="VerifyIriiisSharing" duration-ms="24953" started-at="2017-08-09T12:53:21Z" finished-at="2017-08-09T12:53:46Z">
          <reporter-output>
          </reporter-output>
        </test-method> <!-- VerifyIriiisSharing -->
        <test-method status="PASS" signature="VerifyGoogleSharing()[pri:0, instance:IriiisDrive.VerifyIriiisFileTagingAndSharing@3e6fa38a]" name="VerifyGoogleSharing" duration-ms="24151" started-at="2017-08-09T12:53:46Z" finished-at="2017-08-09T12:54:10Z">
          <reporter-output>
          </reporter-output>
        </test-method> <!-- VerifyGoogleSharing -->
        <test-method status="PASS" signature="VerifyboxSharing()[pri:0, instance:IriiisDrive.VerifyIriiisFileTagingAndSharing@3e6fa38a]" name="VerifyboxSharing" duration-ms="24343" started-at="2017-08-09T12:54:10Z" finished-at="2017-08-09T12:54:35Z">
          <reporter-output>
          </reporter-output>
        </test-method> <!-- VerifyboxSharing -->
        <test-method status="PASS" signature="VerifyDropboxSharing()[pri:0, instance:IriiisDrive.VerifyIriiisFileTagingAndSharing@3e6fa38a]" name="VerifyDropboxSharing" duration-ms="24079" started-at="2017-08-09T12:54:35Z" finished-at="2017-08-09T12:54:59Z">
          <reporter-output>
          </reporter-output>
        </test-method> <!-- VerifyDropboxSharing -->
        <test-method status="PASS" signature="VerifyOnedriveSharing()[pri:0, instance:IriiisDrive.VerifyIriiisFileTagingAndSharing@3e6fa38a]" name="VerifyOnedriveSharing" duration-ms="24992" started-at="2017-08-09T12:54:59Z" finished-at="2017-08-09T12:55:24Z">
          <reporter-output>
          </reporter-output>
        </test-method> <!-- VerifyOnedriveSharing -->
        <test-method status="PASS" signature="postCondition()[pri:0, instance:IriiisDrive.VerifyIriiisFileTagingAndSharing@3e6fa38a]" name="postCondition" is-config="true" duration-ms="7813" started-at="2017-08-09T12:55:24Z" finished-at="2017-08-09T12:55:31Z">
          <reporter-output>
          </reporter-output>
        </test-method> <!-- postCondition -->
      </class> <!-- IriiisDrive.VerifyIriiisFileTagingAndSharing -->
      <class name="IriiisDrive.VerifyTheFileUpdatedesc">
        <test-method status="PASS" signature="testBrowser()[pri:0, instance:IriiisDrive.VerifyTheFileUpdatedesc@5622fdf]" name="testBrowser" is-config="true" duration-ms="15955" started-at="2017-08-09T12:57:11Z" finished-at="2017-08-09T12:57:27Z">
          <reporter-output>
          </reporter-output>
        </test-method> <!-- testBrowser -->
        <test-method status="PASS" signature="VerifyIriiisFileUpdateDesc()[pri:0, instance:IriiisDrive.VerifyTheFileUpdatedesc@5622fdf]" name="VerifyIriiisFileUpdateDesc" duration-ms="25004" started-at="2017-08-09T12:57:27Z" finished-at="2017-08-09T12:57:52Z">
          <reporter-output>
          </reporter-output>
        </test-method> <!-- VerifyIriiisFileUpdateDesc -->
        <test-method status="PASS" signature="VerifyboxdriveFileUpdateDesc()[pri:0, instance:IriiisDrive.VerifyTheFileUpdatedesc@5622fdf]" name="VerifyboxdriveFileUpdateDesc" duration-ms="24865" started-at="2017-08-09T12:57:52Z" finished-at="2017-08-09T12:58:17Z">
          <reporter-output>
          </reporter-output>
        </test-method> <!-- VerifyboxdriveFileUpdateDesc -->
        <test-method status="PASS" signature="VerifyDropboxdriveFileUpdateDesc()[pri:0, instance:IriiisDrive.VerifyTheFileUpdatedesc@5622fdf]" name="VerifyDropboxdriveFileUpdateDesc" duration-ms="24676" started-at="2017-08-09T12:58:17Z" finished-at="2017-08-09T12:58:41Z">
          <reporter-output>
          </reporter-output>
        </test-method> <!-- VerifyDropboxdriveFileUpdateDesc -->
        <test-method status="PASS" signature="VerifyOnedriveFileUpdateDesc()[pri:0, instance:IriiisDrive.VerifyTheFileUpdatedesc@5622fdf]" name="VerifyOnedriveFileUpdateDesc" duration-ms="24672" started-at="2017-08-09T12:58:41Z" finished-at="2017-08-09T12:59:06Z">
          <reporter-output>
          </reporter-output>
        </test-method> <!-- VerifyOnedriveFileUpdateDesc -->
        <test-method status="PASS" signature="postCondition()[pri:0, instance:IriiisDrive.VerifyTheFileUpdatedesc@5622fdf]" name="postCondition" is-config="true" duration-ms="1045" started-at="2017-08-09T12:59:06Z" finished-at="2017-08-09T12:59:07Z">
          <reporter-output>
          </reporter-output>
        </test-method> <!-- postCondition -->
      </class> <!-- IriiisDrive.VerifyTheFileUpdatedesc -->
      <class name="IriiisDrive.VerifyRenamingTheFilesName">
        <test-method status="PASS" signature="testBrowser()[pri:0, instance:IriiisDrive.VerifyRenamingTheFilesName@57baeedf]" name="testBrowser" is-config="true" duration-ms="12130" started-at="2017-08-09T12:55:31Z" finished-at="2017-08-09T12:55:44Z">
          <reporter-output>
          </reporter-output>
        </test-method> <!-- testBrowser -->
        <test-method status="PASS" signature="VerifygoogleFileRename()[pri:0, instance:IriiisDrive.VerifyRenamingTheFilesName@57baeedf]" name="VerifygoogleFileRename" duration-ms="21713" started-at="2017-08-09T12:55:44Z" finished-at="2017-08-09T12:56:05Z">
          <reporter-output>
          </reporter-output>
        </test-method> <!-- VerifygoogleFileRename -->
        <test-method status="PASS" signature="VerifyBoxFileRename()[pri:0, instance:IriiisDrive.VerifyRenamingTheFilesName@57baeedf]" name="VerifyBoxFileRename" duration-ms="21239" started-at="2017-08-09T12:56:05Z" finished-at="2017-08-09T12:56:27Z">
          <reporter-output>
          </reporter-output>
        </test-method> <!-- VerifyBoxFileRename -->
        <test-method status="PASS" signature="VerifyBoxDriveFileRename()[pri:0, instance:IriiisDrive.VerifyRenamingTheFilesName@57baeedf]" name="VerifyBoxDriveFileRename" duration-ms="21470" started-at="2017-08-09T12:56:27Z" finished-at="2017-08-09T12:56:48Z">
          <reporter-output>
          </reporter-output>
        </test-method> <!-- VerifyBoxDriveFileRename -->
        <test-method status="PASS" signature="VerifyOneDriveFileRename()[pri:0, instance:IriiisDrive.VerifyRenamingTheFilesName@57baeedf]" name="VerifyOneDriveFileRename" duration-ms="21367" started-at="2017-08-09T12:56:48Z" finished-at="2017-08-09T12:57:09Z">
          <reporter-output>
          </reporter-output>
        </test-method> <!-- VerifyOneDriveFileRename -->
        <test-method status="FAIL" signature="VerifyIriisFileRename()[pri:0, instance:IriiisDrive.VerifyRenamingTheFilesName@57baeedf]" name="VerifyIriisFileRename" duration-ms="390" started-at="2017-08-09T12:57:09Z" finished-at="2017-08-09T12:57:10Z">
          <exception class="org.openqa.selenium.WebDriverException">
            <message>
              <![CDATA[unknown error: Element <md-menu class="accounts-dropdown md-menu ng-scope _md" md-position-mode="left bottom">...</md-menu> is not clickable at point (303, 105). Other element would receive the click: <div class="loader-overlay" style="display: flex;" aria-hidden="false">...</div>
  (Session info: chrome=60.0.3112.90)
  (Driver info: chromedriver=2.30.477700 (0057494ad8732195794a7b32078424f92a5fce41),platform=Windows NT 10.0.14393 x86_64) (WARNING: The server did not provide any stacktrace information)
Command duration or timeout: 86 milliseconds
Build info: version: '3.4.0', revision: 'unknown', time: 'unknown'
System info: host: 'LAPTOP-S0NUHBFQ', ip: '192.168.0.120', os.name: 'Windows 10', os.arch: 'amd64', os.version: '10.0', java.version: '1.8.0_131'
Driver info: org.openqa.selenium.chrome.ChromeDriver
Capabilities [{applicationCacheEnabled=false, rotatable=false, mobileEmulationEnabled=false, networkConnectionEnabled=false, chrome={chromedriverVersion=2.30.477700 (0057494ad8732195794a7b32078424f92a5fce41), userDataDir=C:\Users\SAWOOD~1\AppData\Local\Temp\scoped_dir7940_19133}, takesHeapSnapshot=true, pageLoadStrategy=normal, databaseEnabled=false, handlesAlerts=true, hasTouchScreen=false, version=60.0.3112.90, platform=XP, browserConnectionEnabled=false, nativeEvents=true, acceptSslCerts=true, locationContextEnabled=true, webStorageEnabled=true, browserName=chrome, takesScreenshot=true, javascriptEnabled=true, cssSelectorsEnabled=true, unexpectedAlertBehaviour=}]
Session ID: f3709fff09a806f8d9475ce723cb767e]]>
            </message>
            <full-stacktrace>
              <![CDATA[org.openqa.selenium.WebDriverException: unknown error: Element <md-menu class="accounts-dropdown md-menu ng-scope _md" md-position-mode="left bottom">...</md-menu> is not clickable at point (303, 105). Other element would receive the click: <div class="loader-overlay" style="display: flex;" aria-hidden="false">...</div>
  (Session info: chrome=60.0.3112.90)
  (Driver info: chromedriver=2.30.477700 (0057494ad8732195794a7b32078424f92a5fce41),platform=Windows NT 10.0.14393 x86_64) (WARNING: The server did not provide any stacktrace information)
Command duration or timeout: 86 milliseconds
Build info: version: '3.4.0', revision: 'unknown', time: 'unknown'
System info: host: 'LAPTOP-S0NUHBFQ', ip: '192.168.0.120', os.name: 'Windows 10', os.arch: 'amd64', os.version: '10.0', java.version: '1.8.0_131'
Driver info: org.openqa.selenium.chrome.ChromeDriver
Capabilities [{applicationCacheEnabled=false, rotatable=false, mobileEmulationEnabled=false, networkConnectionEnabled=false, chrome={chromedriverVersion=2.30.477700 (0057494ad8732195794a7b32078424f92a5fce41), userDataDir=C:\Users\SAWOOD~1\AppData\Local\Temp\scoped_dir7940_19133}, takesHeapSnapshot=true, pageLoadStrategy=normal, databaseEnabled=false, handlesAlerts=true, hasTouchScreen=false, version=60.0.3112.90, platform=XP, browserConnectionEnabled=false, nativeEvents=true, acceptSslCerts=true, locationContextEnabled=true, webStorageEnabled=true, browserName=chrome, takesScreenshot=true, javascriptEnabled=true, cssSelectorsEnabled=true, unexpectedAlertBehaviour=}]
Session ID: f3709fff09a806f8d9475ce723cb767e
	at sun.reflect.NativeConstructorAccessorImpl.newInstance0(Native Method)
	at sun.reflect.NativeConstructorAccessorImpl.newInstance(NativeConstructorAccessorImpl.java:62)
	at sun.reflect.DelegatingConstructorAccessorImpl.newInstance(DelegatingConstructorAccessorImpl.java:45)
	at java.lang.reflect.Constructor.newInstance(Constructor.java:423)
	at org.openqa.selenium.remote.ErrorHandler.createThrowable(ErrorHandler.java:215)
	at org.openqa.selenium.remote.ErrorHandler.throwIfResponseFailed(ErrorHandler.java:167)
	at org.openqa.selenium.remote.RemoteWebDriver.execute(RemoteWebDriver.java:671)
	at org.openqa.selenium.remote.RemoteWebElement.execute(RemoteWebElement.java:272)
	at org.openqa.selenium.remote.RemoteWebElement.click(RemoteWebElement.java:82)
	at sun.reflect.GeneratedMethodAccessor2.invoke(Unknown Source)
	at sun.reflect.DelegatingMethodAccessorImpl.invoke(DelegatingMethodAccessorImpl.java:43)
	at java.lang.reflect.Method.invoke(Method.java:498)
	at org.openqa.selenium.support.pagefactory.internal.LocatingElementHandler.invoke(LocatingElementHandler.java:51)
	at com.sun.proxy.$Proxy7.click(Unknown Source)
	at Pages.DocumentsPage.ClickonDrive(DocumentsPage.java:188)
	at DocumentTestCases.VerifyBasicFileActivity.RenameFile(VerifyBasicFileActivity.java:29)
	at IriiisDrive.VerifyRenamingTheFilesName.VerifyIriisFileRename(VerifyRenamingTheFilesName.java:42)
	at sun.reflect.NativeMethodAccessorImpl.invoke0(Native Method)
	at sun.reflect.NativeMethodAccessorImpl.invoke(NativeMethodAccessorImpl.java:62)
	at sun.reflect.DelegatingMethodAccessorImpl.invoke(DelegatingMethodAccessorImpl.java:43)
	at java.lang.reflect.Method.invoke(Method.java:498)
	at org.testng.internal.MethodInvocationHelper.invokeMethod(MethodInvocationHelper.java:80)
	at org.testng.internal.Invoker.invokeMethod(Invoker.java:714)
	at org.testng.internal.Invoker.invokeTestMethod(Invoker.java:901)
	at org.testng.internal.Invoker.invokeTestMethods(Invoker.java:1231)
	at org.testng.internal.TestMethodWorker.invokeTestMethods(TestMethodWorker.java:127)
	at org.testng.internal.TestMethodWorker.run(TestMethodWorker.java:111)
	at org.testng.TestRunner.privateRun(TestRunner.java:767)
	at org.testng.TestRunner.run(TestRunner.java:617)
	at org.testng.SuiteRunner.runTest(SuiteRunner.java:334)
	at org.testng.SuiteRunner.runSequentially(SuiteRunner.java:329)
	at org.testng.SuiteRunner.privateRun(SuiteRunner.java:291)
	at org.testng.SuiteRunner.run(SuiteRunner.java:240)
	at org.testng.SuiteRunnerWorker.runSuite(SuiteRunnerWorker.java:52)
	at org.testng.SuiteRunnerWorker.run(SuiteRunnerWorker.java:86)
	at org.testng.TestNG.runSuitesSequentially(TestNG.java:1198)
	at org.testng.TestNG.runSuitesLocally(TestNG.java:1123)
	at org.testng.TestNG.run(TestNG.java:1031)
	at org.testng.remote.AbstractRemoteTestNG.run(AbstractRemoteTestNG.java:132)
	at org.testng.remote.RemoteTestNG.initAndRun(RemoteTestNG.java:230)
	at org.testng.remote.RemoteTestNG.main(RemoteTestNG.java:76)
]]>
            </full-stacktrace>
          </exception> <!-- org.openqa.selenium.WebDriverException -->
          <reporter-output>
          </reporter-output>
        </test-method> <!-- VerifyIriisFileRename -->
        <test-method status="PASS" signature="postCondition()[pri:0, instance:IriiisDrive.VerifyRenamingTheFilesName@57baeedf]" name="postCondition" is-config="true" duration-ms="1039" started-at="2017-08-09T12:57:10Z" finished-at="2017-08-09T12:57:11Z">
          <reporter-output>
          </reporter-output>
        </test-method> <!-- postCondition -->
      </class> <!-- IriiisDrive.VerifyRenamingTheFilesName -->
    </test> <!-- Test -->
  </suite> <!-- Suite -->
</testng-results>
