<?xml version="1.0" encoding="UTF-8"?>
<testng-results skipped="0" failed="0" total="1" passed="1">
  <reporter-output>
  </reporter-output>
  <suite name="Default suite" duration-ms="44357" started-at="2017-07-31T11:31:03Z" finished-at="2017-07-31T11:31:48Z">
    <groups>
    </groups>
    <test name="Default test" duration-ms="44357" started-at="2017-07-31T11:31:03Z" finished-at="2017-07-31T11:31:48Z">
      <class name="IriiisDrive.VerifyFilesTrashAndUntrash">
        <test-method status="PASS" signature="testBrowser()[pri:0, instance:IriiisDrive.VerifyFilesTrashAndUntrash@26653222]" name="testBrowser" is-config="true" duration-ms="14654" started-at="2017-07-31T17:01:03Z" finished-at="2017-07-31T17:01:18Z">
          <reporter-output>
          </reporter-output>
        </test-method> <!-- testBrowser -->
        <test-method status="PASS" signature="VerifyOnedriveFileTrash()[pri:0, instance:IriiisDrive.VerifyFilesTrashAndUntrash@26653222]" name="VerifyOnedriveFileTrash" duration-ms="28268" started-at="2017-07-31T17:01:18Z" finished-at="2017-07-31T17:01:46Z">
          <reporter-output>
          </reporter-output>
        </test-method> <!-- VerifyOnedriveFileTrash -->
        <test-method status="PASS" signature="postCondition()[pri:0, instance:IriiisDrive.VerifyFilesTrashAndUntrash@26653222]" name="postCondition" is-config="true" duration-ms="1418" started-at="2017-07-31T17:01:46Z" finished-at="2017-07-31T17:01:48Z">
          <reporter-output>
          </reporter-output>
        </test-method> <!-- postCondition -->
      </class> <!-- IriiisDrive.VerifyFilesTrashAndUntrash -->
    </test> <!-- Default test -->
  </suite> <!-- Default suite -->
</testng-results>
