<?xml version="1.0" encoding="UTF-8"?>
<testng-results skipped="0" failed="0" total="2" passed="2">
  <reporter-output>
  </reporter-output>
  <suite name="Default suite" duration-ms="84485" started-at="2017-08-01T05:45:55Z" finished-at="2017-08-01T05:47:19Z">
    <groups>
    </groups>
    <test name="Default test" duration-ms="84485" started-at="2017-08-01T05:45:55Z" finished-at="2017-08-01T05:47:19Z">
      <class name="IriiisDrive.VerifyFilesTrashAndUntrash">
        <test-method status="PASS" signature="testBrowser()[pri:0, instance:IriiisDrive.VerifyFilesTrashAndUntrash@26653222]" name="testBrowser" is-config="true" duration-ms="15300" started-at="2017-08-01T11:15:55Z" finished-at="2017-08-01T11:16:10Z">
          <reporter-output>
          </reporter-output>
        </test-method> <!-- testBrowser -->
        <test-method status="PASS" signature="VerifyIriiisFileTrash()[pri:0, instance:IriiisDrive.VerifyFilesTrashAndUntrash@26653222]" name="VerifyIriiisFileTrash" duration-ms="33999" started-at="2017-08-01T11:16:10Z" finished-at="2017-08-01T11:16:44Z">
          <reporter-output>
          </reporter-output>
        </test-method> <!-- VerifyIriiisFileTrash -->
        <test-method status="PASS" signature="VerifyGoogleFileTrash()[pri:0, instance:IriiisDrive.VerifyFilesTrashAndUntrash@26653222]" name="VerifyGoogleFileTrash" duration-ms="33795" started-at="2017-08-01T11:16:44Z" finished-at="2017-08-01T11:17:18Z">
          <reporter-output>
          </reporter-output>
        </test-method> <!-- VerifyGoogleFileTrash -->
        <test-method status="PASS" signature="postCondition()[pri:0, instance:IriiisDrive.VerifyFilesTrashAndUntrash@26653222]" name="postCondition" is-config="true" duration-ms="1374" started-at="2017-08-01T11:17:18Z" finished-at="2017-08-01T11:17:19Z">
          <reporter-output>
          </reporter-output>
        </test-method> <!-- postCondition -->
      </class> <!-- IriiisDrive.VerifyFilesTrashAndUntrash -->
    </test> <!-- Default test -->
  </suite> <!-- Default suite -->
</testng-results>
