<?xml version="1.0" encoding="UTF-8"?>
<testng-results skipped="0" failed="0" total="5" passed="5">
  <reporter-output>
  </reporter-output>
  <suite name="Default suite" duration-ms="112689" started-at="2017-07-25T09:02:42Z" finished-at="2017-07-25T09:04:35Z">
    <groups>
    </groups>
    <test name="Default test" duration-ms="112689" started-at="2017-07-25T09:02:42Z" finished-at="2017-07-25T09:04:35Z">
      <class name="IriiisDrive.VerifyIriiisFileTaging">
        <test-method status="PASS" signature="testBrowser()[pri:0, instance:IriiisDrive.VerifyIriiisFileTaging@3532ec19]" name="testBrowser" is-config="true" duration-ms="20400" started-at="2017-07-25T14:32:42Z" finished-at="2017-07-25T14:33:02Z">
          <reporter-output>
          </reporter-output>
        </test-method> <!-- testBrowser -->
        <test-method status="PASS" signature="VerifyIriiisTag()[pri:0, instance:IriiisDrive.VerifyIriiisFileTaging@3532ec19]" name="VerifyIriiisTag" duration-ms="17269" started-at="2017-07-25T14:33:02Z" finished-at="2017-07-25T14:33:20Z">
          <reporter-output>
          </reporter-output>
        </test-method> <!-- VerifyIriiisTag -->
        <test-method status="PASS" signature="VerifgoogleTag()[pri:0, instance:IriiisDrive.VerifyIriiisFileTaging@3532ec19]" name="VerifgoogleTag" duration-ms="18867" started-at="2017-07-25T14:33:20Z" finished-at="2017-07-25T14:33:38Z">
          <reporter-output>
          </reporter-output>
        </test-method> <!-- VerifgoogleTag -->
        <test-method status="PASS" signature="VerifboxdriveTag()[pri:0, instance:IriiisDrive.VerifyIriiisFileTaging@3532ec19]" name="VerifboxdriveTag" duration-ms="18566" started-at="2017-07-25T14:33:38Z" finished-at="2017-07-25T14:33:57Z">
          <reporter-output>
          </reporter-output>
        </test-method> <!-- VerifboxdriveTag -->
        <test-method status="PASS" signature="VerifdropboxdriveTag()[pri:0, instance:IriiisDrive.VerifyIriiisFileTaging@3532ec19]" name="VerifdropboxdriveTag" duration-ms="17371" started-at="2017-07-25T14:33:57Z" finished-at="2017-07-25T14:34:14Z">
          <reporter-output>
          </reporter-output>
        </test-method> <!-- VerifdropboxdriveTag -->
        <test-method status="PASS" signature="VerifonedriveTag()[pri:0, instance:IriiisDrive.VerifyIriiisFileTaging@3532ec19]" name="VerifonedriveTag" duration-ms="18470" started-at="2017-07-25T14:34:14Z" finished-at="2017-07-25T14:34:33Z">
          <reporter-output>
          </reporter-output>
        </test-method> <!-- VerifonedriveTag -->
        <test-method status="PASS" signature="postCondition()[pri:0, instance:IriiisDrive.VerifyIriiisFileTaging@3532ec19]" name="postCondition" is-config="true" duration-ms="1711" started-at="2017-07-25T14:34:33Z" finished-at="2017-07-25T14:34:35Z">
          <reporter-output>
          </reporter-output>
        </test-method> <!-- postCondition -->
      </class> <!-- IriiisDrive.VerifyIriiisFileTaging -->
    </test> <!-- Default test -->
  </suite> <!-- Default suite -->
</testng-results>
