<?xml version="1.0" encoding="UTF-8"?>
<testng-results skipped="0" failed="0" total="1" passed="1">
  <reporter-output>
  </reporter-output>
  <suite name="Default suite" duration-ms="33994" started-at="2017-07-20T07:16:47Z" finished-at="2017-07-20T07:17:21Z">
    <groups>
    </groups>
    <test name="Default test" duration-ms="33994" started-at="2017-07-20T07:16:47Z" finished-at="2017-07-20T07:17:21Z">
      <class name="iriiisMailTestCases.VerifyattachandEmails">
        <test-method status="PASS" signature="testBrowser()[pri:0, instance:iriiisMailTestCases.VerifyattachandEmails@68c4039c]" name="testBrowser" is-config="true" duration-ms="15512" started-at="2017-07-20T12:46:47Z" finished-at="2017-07-20T12:47:03Z">
          <reporter-output>
          </reporter-output>
        </test-method> <!-- testBrowser -->
        <test-method status="PASS" signature="VeiryAttachments()[pri:0, instance:iriiisMailTestCases.VerifyattachandEmails@68c4039c]" name="VeiryAttachments" duration-ms="17130" started-at="2017-07-20T12:47:03Z" finished-at="2017-07-20T12:47:20Z">
          <reporter-output>
          </reporter-output>
        </test-method> <!-- VeiryAttachments -->
        <test-method status="PASS" signature="postCondition()[pri:0, instance:iriiisMailTestCases.VerifyattachandEmails@68c4039c]" name="postCondition" is-config="true" duration-ms="1338" started-at="2017-07-20T12:47:20Z" finished-at="2017-07-20T12:47:21Z">
          <reporter-output>
          </reporter-output>
        </test-method> <!-- postCondition -->
      </class> <!-- iriiisMailTestCases.VerifyattachandEmails -->
    </test> <!-- Default test -->
  </suite> <!-- Default suite -->
</testng-results>
