<?xml version="1.0" encoding="UTF-8"?>
<testng-results skipped="0" failed="0" total="2" passed="2">
  <reporter-output>
  </reporter-output>
  <suite name="Default suite" duration-ms="52432" started-at="2017-07-18T06:23:10Z" finished-at="2017-07-18T06:24:03Z">
    <groups>
    </groups>
    <test name="Default test" duration-ms="52432" started-at="2017-07-18T06:23:10Z" finished-at="2017-07-18T06:24:03Z">
      <class name="emailTestCases.Uploaddoc">
        <test-method status="PASS" signature="testBrowser()[pri:0, instance:emailTestCases.Uploaddoc@68c4039c]" name="testBrowser" is-config="true" duration-ms="17028" started-at="2017-07-18T11:53:10Z" finished-at="2017-07-18T11:53:27Z">
          <reporter-output>
          </reporter-output>
        </test-method> <!-- testBrowser -->
        <test-method status="PASS" signature="SingleFileUpload()[pri:0, instance:emailTestCases.Uploaddoc@68c4039c]" name="SingleFileUpload" duration-ms="16925" started-at="2017-07-18T11:53:27Z" finished-at="2017-07-18T11:53:44Z">
          <reporter-output>
          </reporter-output>
        </test-method> <!-- SingleFileUpload -->
        <test-method status="PASS" signature="multifileupload()[pri:0, instance:emailTestCases.Uploaddoc@68c4039c]" name="multifileupload" duration-ms="16932" started-at="2017-07-18T11:53:44Z" finished-at="2017-07-18T11:54:01Z">
          <reporter-output>
          </reporter-output>
        </test-method> <!-- multifileupload -->
        <test-method status="PASS" signature="postCondition()[pri:0, instance:emailTestCases.Uploaddoc@68c4039c]" name="postCondition" is-config="true" duration-ms="1525" started-at="2017-07-18T11:54:01Z" finished-at="2017-07-18T11:54:03Z">
          <reporter-output>
          </reporter-output>
        </test-method> <!-- postCondition -->
      </class> <!-- emailTestCases.Uploaddoc -->
    </test> <!-- Default test -->
  </suite> <!-- Default suite -->
</testng-results>
